This is pdfTeX, Version 3.141592653-2.6-1.40.26 (TeX Live 2024) (preloaded format=pdflatex 2024.3.14)  16 MAR 2024 12:06
entering extended mode
 restricted \write18 enabled.
 %&-line parsing enabled.
**Thesis_Tosi.tex
(./Thesis_Tosi.tex
LaTeX2e <2023-11-01> patch level 1
L3 programming layer <2024-02-20>
(./Configuration_Files/PoliMi3i_thesis.cls
Document Class: Configuration_Files/PoliMi3i_thesis 2021/6/30 PoliMi3i thesis s
ubmission class
(/opt/texlive/2024/texmf-dist/tex/latex/base/book.cls
Document Class: book 2023/05/17 v1.4n Standard LaTeX document class
(/opt/texlive/2024/texmf-dist/tex/latex/base/bk12.clo
File: bk12.clo 2023/05/17 v1.4n Standard LaTeX file (size option)
)
\c@part=\count188
\c@chapter=\count189
\c@section=\count190
\c@subsection=\count191
\c@subsubsection=\count192
\c@paragraph=\count193
\c@subparagraph=\count194
\c@figure=\count195
\c@table=\count196
\abovecaptionskip=\skip48
\belowcaptionskip=\skip49
\bibindent=\dimen140
)
(/opt/texlive/2024/texmf-dist/tex/latex/geometry/geometry.sty
Package: geometry 2020/01/02 v5.9 Page Geometry

(/opt/texlive/2024/texmf-dist/tex/latex/graphics/keyval.sty
Package: keyval 2022/05/29 v1.15 key=value parser (DPC)
\KV@toks@=\toks17
)
(/opt/texlive/2024/texmf-dist/tex/generic/iftex/ifvtex.sty
Package: ifvtex 2019/10/25 v1.7 ifvtex legacy package. Use iftex instead.

(/opt/texlive/2024/texmf-dist/tex/generic/iftex/iftex.sty
Package: iftex 2022/02/03 v1.0f TeX engine tests
))
\Gm@cnth=\count197
\Gm@cntv=\count198
\c@Gm@tempcnt=\count199
\Gm@bindingoffset=\dimen141
\Gm@wd@mp=\dimen142
\Gm@odd@mp=\dimen143
\Gm@even@mp=\dimen144
\Gm@layoutwidth=\dimen145
\Gm@layoutheight=\dimen146
\Gm@layouthoffset=\dimen147
\Gm@layoutvoffset=\dimen148
\Gm@dimlist=\toks18
)
(/opt/texlive/2024/texmf-dist/tex/latex/caption/caption.sty
Package: caption 2023/08/05 v3.6o Customizing captions (AR)

(/opt/texlive/2024/texmf-dist/tex/latex/caption/caption3.sty
Package: caption3 2023/07/31 v2.4d caption3 kernel (AR)
\caption@tempdima=\dimen149
\captionmargin=\dimen150
\caption@leftmargin=\dimen151
\caption@rightmargin=\dimen152
\caption@width=\dimen153
\caption@indent=\dimen154
\caption@parindent=\dimen155
\caption@hangindent=\dimen156
Package caption Info: Standard document class detected.
)
\c@caption@flags=\count266
\c@continuedfloat=\count267
)
(/opt/texlive/2024/texmf-dist/tex/latex/xkeyval/xkeyval.sty
Package: xkeyval 2022/06/16 v2.9 package option processing (HA)

(/opt/texlive/2024/texmf-dist/tex/generic/xkeyval/xkeyval.tex
(/opt/texlive/2024/texmf-dist/tex/generic/xkeyval/xkvutils.tex
\XKV@toks=\toks19
\XKV@tempa@toks=\toks20
)
\XKV@depth=\count268
File: xkeyval.tex 2014/12/03 v2.7a key=value parser (HA)
)))
(/opt/texlive/2024/texmf-dist/tex/latex/parskip/parskip.sty
Package: parskip 2021-03-14 v2.0h non-zero parskip adjustments

(/opt/texlive/2024/texmf-dist/tex/latex/kvoptions/kvoptions.sty
Package: kvoptions 2022-06-15 v3.15 Key value format for package options (HO)

(/opt/texlive/2024/texmf-dist/tex/generic/ltxcmds/ltxcmds.sty
Package: ltxcmds 2023-12-04 v1.26 LaTeX kernel commands for general use (HO)
)
(/opt/texlive/2024/texmf-dist/tex/latex/kvsetkeys/kvsetkeys.sty
Package: kvsetkeys 2022-10-05 v1.19 Key value parser (HO)
))
(/opt/texlive/2024/texmf-dist/tex/latex/etoolbox/etoolbox.sty
Package: etoolbox 2020/10/05 v2.5k e-TeX tools for LaTeX (JAW)
\etb@tempcnta=\count269
))
(/opt/texlive/2024/texmf-dist/tex/latex/setspace/setspace.sty
Package: setspace 2022/12/04 v6.7b set line spacing
)
(/opt/texlive/2024/texmf-dist/tex/latex/emptypage/emptypage.sty
Package: emptypage 2010/05/30 v1.2 Suppress page numbers and headings on empty 
pages
)
(/opt/texlive/2024/texmf-dist/tex/latex/tools/multicol.sty
Package: multicol 2023/03/30 v1.9f multicolumn formatting (FMi)
\c@tracingmulticols=\count270
\mult@box=\box51
\multicol@leftmargin=\dimen157
\c@unbalance=\count271
\c@collectmore=\count272
\doublecol@number=\count273
\multicoltolerance=\count274
\multicolpretolerance=\count275
\full@width=\dimen158
\page@free=\dimen159
\premulticols=\dimen160
\postmulticols=\dimen161
\multicolsep=\skip50
\multicolbaselineskip=\skip51
\partial@page=\box52
\last@line=\box53
\mc@boxedresult=\box54
\maxbalancingoverflow=\dimen162
\mult@rightbox=\box55
\mult@grightbox=\box56
\mult@firstbox=\box57
\mult@gfirstbox=\box58
\@tempa=\box59
\@tempa=\box60
\@tempa=\box61
\@tempa=\box62
\@tempa=\box63
\@tempa=\box64
\@tempa=\box65
\@tempa=\box66
\@tempa=\box67
\@tempa=\box68
\@tempa=\box69
\@tempa=\box70
\@tempa=\box71
\@tempa=\box72
\@tempa=\box73
\@tempa=\box74
\@tempa=\box75
\@tempa=\box76
\@tempa=\box77
\@tempa=\box78
\@tempa=\box79
\@tempa=\box80
\@tempa=\box81
\@tempa=\box82
\@tempa=\box83
\@tempa=\box84
\@tempa=\box85
\@tempa=\box86
\@tempa=\box87
\@tempa=\box88
\@tempa=\box89
\@tempa=\box90
\@tempa=\box91
\@tempa=\box92
\@tempa=\box93
\@tempa=\box94
\c@minrows=\count276
\c@columnbadness=\count277
\c@finalcolumnbadness=\count278
\last@try=\dimen163
\multicolovershoot=\dimen164
\multicolundershoot=\dimen165
\mult@nat@firstbox=\box95
\colbreak@box=\box96
\mc@col@check@num=\count279
)
(/opt/texlive/2024/texmf-dist/tex/latex/titlesec/titlesec.sty
Package: titlesec 2023/10/27 v2.16 Sectioning titles
\ttl@box=\box97
\beforetitleunit=\skip52
\aftertitleunit=\skip53
\ttl@plus=\dimen166
\ttl@minus=\dimen167
\ttl@toksa=\toks21
\titlewidth=\dimen168
\titlewidthlast=\dimen169
\titlewidthfirst=\dimen170
)
(/opt/texlive/2024/texmf-dist/tex/latex/graphics/color.sty
Package: color 2022/01/06 v1.3d Standard LaTeX Color (DPC)

(/opt/texlive/2024/texmf-dist/tex/latex/graphics-cfg/color.cfg
File: color.cfg 2016/01/02 v1.6 sample color configuration
)
Package color Info: Driver file: pdftex.def on input line 149.

(/opt/texlive/2024/texmf-dist/tex/latex/graphics-def/pdftex.def
File: pdftex.def 2022/09/22 v1.2b Graphics/color driver for pdftex
)
(/opt/texlive/2024/texmf-dist/tex/latex/graphics/mathcolor.ltx))
(/opt/texlive/2024/texmf-dist/tex/generic/babel/babel.sty
Package: babel 2024/02/07 v24.2 The Babel package
\babel@savecnt=\count280
\U@D=\dimen171
\l@unhyphenated=\language89

(/opt/texlive/2024/texmf-dist/tex/generic/babel/txtbabel.def)
\bbl@readstream=\read2
\bbl@dirlevel=\count281

(/opt/texlive/2024/texmf-dist/tex/generic/babel-english/english.ldf
Language: english 2017/06/06 v3.3r English support from the babel system
Package babel Info: Hyphen rules for 'canadian' set to \l@english
(babel)             (\language0). Reported on input line 102.
Package babel Info: Hyphen rules for 'australian' set to \l@ukenglish
(babel)             (\language23). Reported on input line 105.
Package babel Info: Hyphen rules for 'newzealand' set to \l@ukenglish
(babel)             (\language23). Reported on input line 108.
))
(/opt/texlive/2024/texmf-dist/tex/generic/babel/locale/en/babel-english.tex
Package babel Info: Importing font and identification data for english
(babel)             from babel-en.ini. Reported on input line 11.
)
(/opt/texlive/2024/texmf-dist/tex/latex/base/inputenc.sty
Package: inputenc 2021/02/14 v1.3d Input encoding file
\inpenc@prehook=\toks22
\inpenc@posthook=\toks23
)
(/opt/texlive/2024/texmf-dist/tex/latex/base/fontenc.sty
Package: fontenc 2021/04/29 v2.0v Standard LaTeX package
)
(/opt/texlive/2024/texmf-dist/tex/latex/moresize/moresize.sty
Package: moresize 1999/07/26 v1.9 (more font sizes)
)
(/opt/texlive/2024/texmf-dist/tex/latex/graphics/graphicx.sty
Package: graphicx 2021/09/16 v1.2d Enhanced LaTeX Graphics (DPC,SPQR)

(/opt/texlive/2024/texmf-dist/tex/latex/graphics/graphics.sty
Package: graphics 2022/03/10 v1.4e Standard LaTeX Graphics (DPC,SPQR)

(/opt/texlive/2024/texmf-dist/tex/latex/graphics/trig.sty
Package: trig 2021/08/11 v1.11 sin cos tan (DPC)
)
(/opt/texlive/2024/texmf-dist/tex/latex/graphics-cfg/graphics.cfg
File: graphics.cfg 2016/06/04 v1.11 sample graphics configuration
)
Package graphics Info: Driver file: pdftex.def on input line 107.
)
\Gin@req@height=\dimen172
\Gin@req@width=\dimen173
)
(/opt/texlive/2024/texmf-dist/tex/latex/transparent/transparent.sty
Package: transparent 2022-10-27 v1.5 Transparency with color stacks

(/opt/texlive/2024/texmf-dist/tex/latex/transparent/transparent-nometadata.sty
Package: transparent-nometadata 2022-10-27 v1.5 Transparency via pdfTeX's color
 stack (HO)

(/opt/texlive/2024/texmf-dist/tex/latex/auxhook/auxhook.sty
Package: auxhook 2019-12-17 v1.6 Hooks for auxiliary files (HO)
)))
(/opt/texlive/2024/texmf-dist/tex/latex/eso-pic/eso-pic.sty
Package: eso-pic 2023/05/03 v3.0c eso-pic (RN)
\ESO@tempdima=\dimen174
\ESO@tempdimb=\dimen175
)
(/opt/texlive/2024/texmf-dist/tex/latex/subfig/subfig.sty
Package: subfig 2005/06/28 ver: 1.3 subfig package
\c@KVtest=\count282
\sf@farskip=\skip54
\sf@captopadj=\dimen176
\sf@capskip=\skip55
\sf@nearskip=\skip56
\c@subfigure=\count283
\c@subfigure@save=\count284
\c@lofdepth=\count285
\c@subtable=\count286
\c@subtable@save=\count287
\c@lotdepth=\count288
\sf@top=\skip57
\sf@bottom=\skip58
)
(/opt/texlive/2024/texmf-dist/tex/latex/pgf/frontendlayer/tikz.sty
(/opt/texlive/2024/texmf-dist/tex/latex/pgf/basiclayer/pgf.sty
(/opt/texlive/2024/texmf-dist/tex/latex/pgf/utilities/pgfrcs.sty
(/opt/texlive/2024/texmf-dist/tex/generic/pgf/utilities/pgfutil-common.tex
\pgfutil@everybye=\toks24
\pgfutil@tempdima=\dimen177
\pgfutil@tempdimb=\dimen178
)
(/opt/texlive/2024/texmf-dist/tex/generic/pgf/utilities/pgfutil-latex.def
\pgfutil@abb=\box98
)
(/opt/texlive/2024/texmf-dist/tex/generic/pgf/utilities/pgfrcs.code.tex
(/opt/texlive/2024/texmf-dist/tex/generic/pgf/pgf.revision.tex)
Package: pgfrcs 2023-01-15 v3.1.10 (3.1.10)
))
Package: pgf 2023-01-15 v3.1.10 (3.1.10)

(/opt/texlive/2024/texmf-dist/tex/latex/pgf/basiclayer/pgfcore.sty
(/opt/texlive/2024/texmf-dist/tex/latex/pgf/systemlayer/pgfsys.sty
(/opt/texlive/2024/texmf-dist/tex/generic/pgf/systemlayer/pgfsys.code.tex
Package: pgfsys 2023-01-15 v3.1.10 (3.1.10)

(/opt/texlive/2024/texmf-dist/tex/generic/pgf/utilities/pgfkeys.code.tex
\pgfkeys@pathtoks=\toks25
\pgfkeys@temptoks=\toks26

(/opt/texlive/2024/texmf-dist/tex/generic/pgf/utilities/pgfkeyslibraryfiltered.
code.tex
\pgfkeys@tmptoks=\toks27
))
\pgf@x=\dimen179
\pgf@y=\dimen180
\pgf@xa=\dimen181
\pgf@ya=\dimen182
\pgf@xb=\dimen183
\pgf@yb=\dimen184
\pgf@xc=\dimen185
\pgf@yc=\dimen186
\pgf@xd=\dimen187
\pgf@yd=\dimen188
\w@pgf@writea=\write3
\r@pgf@reada=\read3
\c@pgf@counta=\count289
\c@pgf@countb=\count290
\c@pgf@countc=\count291
\c@pgf@countd=\count292
\t@pgf@toka=\toks28
\t@pgf@tokb=\toks29
\t@pgf@tokc=\toks30
\pgf@sys@id@count=\count293
 (/opt/texlive/2024/texmf-dist/tex/generic/pgf/systemlayer/pgf.cfg
File: pgf.cfg 2023-01-15 v3.1.10 (3.1.10)
)
Driver file for pgf: pgfsys-pdftex.def

(/opt/texlive/2024/texmf-dist/tex/generic/pgf/systemlayer/pgfsys-pdftex.def
File: pgfsys-pdftex.def 2023-01-15 v3.1.10 (3.1.10)

(/opt/texlive/2024/texmf-dist/tex/generic/pgf/systemlayer/pgfsys-common-pdf.def
File: pgfsys-common-pdf.def 2023-01-15 v3.1.10 (3.1.10)
)))
(/opt/texlive/2024/texmf-dist/tex/generic/pgf/systemlayer/pgfsyssoftpath.code.t
ex
File: pgfsyssoftpath.code.tex 2023-01-15 v3.1.10 (3.1.10)
\pgfsyssoftpath@smallbuffer@items=\count294
\pgfsyssoftpath@bigbuffer@items=\count295
)
(/opt/texlive/2024/texmf-dist/tex/generic/pgf/systemlayer/pgfsysprotocol.code.t
ex
File: pgfsysprotocol.code.tex 2023-01-15 v3.1.10 (3.1.10)
)) (/opt/texlive/2024/texmf-dist/tex/latex/xcolor/xcolor.sty
Package: xcolor 2023/11/15 v3.01 LaTeX color extensions (UK)

(/opt/texlive/2024/texmf-dist/tex/latex/graphics-cfg/color.cfg
File: color.cfg 2016/01/02 v1.6 sample color configuration
)
Package xcolor Info: Driver file: pdftex.def on input line 274.
LaTeX Info: Redefining \color on input line 758.

(/opt/texlive/2024/texmf-dist/tex/latex/graphics/mathcolor.ltx)
Package xcolor Info: Model `cmy' substituted by `cmy0' on input line 1350.
Package xcolor Info: Model `hsb' substituted by `rgb' on input line 1354.
Package xcolor Info: Model `RGB' extended on input line 1366.
Package xcolor Info: Model `HTML' substituted by `rgb' on input line 1368.
Package xcolor Info: Model `Hsb' substituted by `hsb' on input line 1369.
Package xcolor Info: Model `tHsb' substituted by `hsb' on input line 1370.
Package xcolor Info: Model `HSB' substituted by `hsb' on input line 1371.
Package xcolor Info: Model `Gray' substituted by `gray' on input line 1372.
Package xcolor Info: Model `wave' substituted by `hsb' on input line 1373.
)
(/opt/texlive/2024/texmf-dist/tex/generic/pgf/basiclayer/pgfcore.code.tex
Package: pgfcore 2023-01-15 v3.1.10 (3.1.10)

(/opt/texlive/2024/texmf-dist/tex/generic/pgf/math/pgfmath.code.tex
(/opt/texlive/2024/texmf-dist/tex/generic/pgf/math/pgfmathutil.code.tex)
(/opt/texlive/2024/texmf-dist/tex/generic/pgf/math/pgfmathparser.code.tex
\pgfmath@dimen=\dimen189
\pgfmath@count=\count296
\pgfmath@box=\box99
\pgfmath@toks=\toks31
\pgfmath@stack@operand=\toks32
\pgfmath@stack@operation=\toks33
)
(/opt/texlive/2024/texmf-dist/tex/generic/pgf/math/pgfmathfunctions.code.tex)
(/opt/texlive/2024/texmf-dist/tex/generic/pgf/math/pgfmathfunctions.basic.code.
tex)
(/opt/texlive/2024/texmf-dist/tex/generic/pgf/math/pgfmathfunctions.trigonometr
ic.code.tex)
(/opt/texlive/2024/texmf-dist/tex/generic/pgf/math/pgfmathfunctions.random.code
.tex)
(/opt/texlive/2024/texmf-dist/tex/generic/pgf/math/pgfmathfunctions.comparison.
code.tex)
(/opt/texlive/2024/texmf-dist/tex/generic/pgf/math/pgfmathfunctions.base.code.t
ex)
(/opt/texlive/2024/texmf-dist/tex/generic/pgf/math/pgfmathfunctions.round.code.
tex)
(/opt/texlive/2024/texmf-dist/tex/generic/pgf/math/pgfmathfunctions.misc.code.t
ex)
(/opt/texlive/2024/texmf-dist/tex/generic/pgf/math/pgfmathfunctions.integerarit
hmetics.code.tex)
(/opt/texlive/2024/texmf-dist/tex/generic/pgf/math/pgfmathcalc.code.tex)
(/opt/texlive/2024/texmf-dist/tex/generic/pgf/math/pgfmathfloat.code.tex
\c@pgfmathroundto@lastzeros=\count297
))
(/opt/texlive/2024/texmf-dist/tex/generic/pgf/math/pgfint.code.tex)
(/opt/texlive/2024/texmf-dist/tex/generic/pgf/basiclayer/pgfcorepoints.code.tex
File: pgfcorepoints.code.tex 2023-01-15 v3.1.10 (3.1.10)
\pgf@picminx=\dimen190
\pgf@picmaxx=\dimen191
\pgf@picminy=\dimen192
\pgf@picmaxy=\dimen193
\pgf@pathminx=\dimen194
\pgf@pathmaxx=\dimen195
\pgf@pathminy=\dimen196
\pgf@pathmaxy=\dimen197
\pgf@xx=\dimen198
\pgf@xy=\dimen199
\pgf@yx=\dimen256
\pgf@yy=\dimen257
\pgf@zx=\dimen258
\pgf@zy=\dimen259
)
(/opt/texlive/2024/texmf-dist/tex/generic/pgf/basiclayer/pgfcorepathconstruct.c
ode.tex
File: pgfcorepathconstruct.code.tex 2023-01-15 v3.1.10 (3.1.10)
\pgf@path@lastx=\dimen260
\pgf@path@lasty=\dimen261
)
(/opt/texlive/2024/texmf-dist/tex/generic/pgf/basiclayer/pgfcorepathusage.code.
tex
File: pgfcorepathusage.code.tex 2023-01-15 v3.1.10 (3.1.10)
\pgf@shorten@end@additional=\dimen262
\pgf@shorten@start@additional=\dimen263
)
(/opt/texlive/2024/texmf-dist/tex/generic/pgf/basiclayer/pgfcorescopes.code.tex
File: pgfcorescopes.code.tex 2023-01-15 v3.1.10 (3.1.10)
\pgfpic=\box100
\pgf@hbox=\box101
\pgf@layerbox@main=\box102
\pgf@picture@serial@count=\count298
)
(/opt/texlive/2024/texmf-dist/tex/generic/pgf/basiclayer/pgfcoregraphicstate.co
de.tex
File: pgfcoregraphicstate.code.tex 2023-01-15 v3.1.10 (3.1.10)
\pgflinewidth=\dimen264
)
(/opt/texlive/2024/texmf-dist/tex/generic/pgf/basiclayer/pgfcoretransformations
.code.tex
File: pgfcoretransformations.code.tex 2023-01-15 v3.1.10 (3.1.10)
\pgf@pt@x=\dimen265
\pgf@pt@y=\dimen266
\pgf@pt@temp=\dimen267
)
(/opt/texlive/2024/texmf-dist/tex/generic/pgf/basiclayer/pgfcorequick.code.tex
File: pgfcorequick.code.tex 2023-01-15 v3.1.10 (3.1.10)
)
(/opt/texlive/2024/texmf-dist/tex/generic/pgf/basiclayer/pgfcoreobjects.code.te
x
File: pgfcoreobjects.code.tex 2023-01-15 v3.1.10 (3.1.10)
)
(/opt/texlive/2024/texmf-dist/tex/generic/pgf/basiclayer/pgfcorepathprocessing.
code.tex
File: pgfcorepathprocessing.code.tex 2023-01-15 v3.1.10 (3.1.10)
)
(/opt/texlive/2024/texmf-dist/tex/generic/pgf/basiclayer/pgfcorearrows.code.tex
File: pgfcorearrows.code.tex 2023-01-15 v3.1.10 (3.1.10)
\pgfarrowsep=\dimen268
)
(/opt/texlive/2024/texmf-dist/tex/generic/pgf/basiclayer/pgfcoreshade.code.tex
File: pgfcoreshade.code.tex 2023-01-15 v3.1.10 (3.1.10)
\pgf@max=\dimen269
\pgf@sys@shading@range@num=\count299
\pgf@shadingcount=\count300
) (/opt/texlive/2024/texmf-dist/tex/generic/pgf/basiclayer/pgfcoreimage.code.te
x
File: pgfcoreimage.code.tex 2023-01-15 v3.1.10 (3.1.10)
)
(/opt/texlive/2024/texmf-dist/tex/generic/pgf/basiclayer/pgfcoreexternal.code.t
ex
File: pgfcoreexternal.code.tex 2023-01-15 v3.1.10 (3.1.10)
\pgfexternal@startupbox=\box103
)
(/opt/texlive/2024/texmf-dist/tex/generic/pgf/basiclayer/pgfcorelayers.code.tex
File: pgfcorelayers.code.tex 2023-01-15 v3.1.10 (3.1.10)
)
(/opt/texlive/2024/texmf-dist/tex/generic/pgf/basiclayer/pgfcoretransparency.co
de.tex
File: pgfcoretransparency.code.tex 2023-01-15 v3.1.10 (3.1.10)
)
(/opt/texlive/2024/texmf-dist/tex/generic/pgf/basiclayer/pgfcorepatterns.code.t
ex
File: pgfcorepatterns.code.tex 2023-01-15 v3.1.10 (3.1.10)
)
(/opt/texlive/2024/texmf-dist/tex/generic/pgf/basiclayer/pgfcorerdf.code.tex
File: pgfcorerdf.code.tex 2023-01-15 v3.1.10 (3.1.10)
))) (/opt/texlive/2024/texmf-dist/tex/generic/pgf/modules/pgfmoduleshapes.code.
tex
File: pgfmoduleshapes.code.tex 2023-01-15 v3.1.10 (3.1.10)
\pgfnodeparttextbox=\box104
) (/opt/texlive/2024/texmf-dist/tex/generic/pgf/modules/pgfmoduleplot.code.tex
File: pgfmoduleplot.code.tex 2023-01-15 v3.1.10 (3.1.10)
)
(/opt/texlive/2024/texmf-dist/tex/latex/pgf/compatibility/pgfcomp-version-0-65.
sty
Package: pgfcomp-version-0-65 2023-01-15 v3.1.10 (3.1.10)
\pgf@nodesepstart=\dimen270
\pgf@nodesepend=\dimen271
)
(/opt/texlive/2024/texmf-dist/tex/latex/pgf/compatibility/pgfcomp-version-1-18.
sty
Package: pgfcomp-version-1-18 2023-01-15 v3.1.10 (3.1.10)
)) (/opt/texlive/2024/texmf-dist/tex/latex/pgf/utilities/pgffor.sty
(/opt/texlive/2024/texmf-dist/tex/latex/pgf/utilities/pgfkeys.sty
(/opt/texlive/2024/texmf-dist/tex/generic/pgf/utilities/pgfkeys.code.tex))
(/opt/texlive/2024/texmf-dist/tex/latex/pgf/math/pgfmath.sty
(/opt/texlive/2024/texmf-dist/tex/generic/pgf/math/pgfmath.code.tex))
(/opt/texlive/2024/texmf-dist/tex/generic/pgf/utilities/pgffor.code.tex
Package: pgffor 2023-01-15 v3.1.10 (3.1.10)
\pgffor@iter=\dimen272
\pgffor@skip=\dimen273
\pgffor@stack=\toks34
\pgffor@toks=\toks35
))
(/opt/texlive/2024/texmf-dist/tex/generic/pgf/frontendlayer/tikz/tikz.code.tex
Package: tikz 2023-01-15 v3.1.10 (3.1.10)

(/opt/texlive/2024/texmf-dist/tex/generic/pgf/libraries/pgflibraryplothandlers.
code.tex
File: pgflibraryplothandlers.code.tex 2023-01-15 v3.1.10 (3.1.10)
\pgf@plot@mark@count=\count301
\pgfplotmarksize=\dimen274
)
\tikz@lastx=\dimen275
\tikz@lasty=\dimen276
\tikz@lastxsaved=\dimen277
\tikz@lastysaved=\dimen278
\tikz@lastmovetox=\dimen279
\tikz@lastmovetoy=\dimen280
\tikzleveldistance=\dimen281
\tikzsiblingdistance=\dimen282
\tikz@figbox=\box105
\tikz@figbox@bg=\box106
\tikz@tempbox=\box107
\tikz@tempbox@bg=\box108
\tikztreelevel=\count302
\tikznumberofchildren=\count303
\tikznumberofcurrentchild=\count304
\tikz@fig@count=\count305

(/opt/texlive/2024/texmf-dist/tex/generic/pgf/modules/pgfmodulematrix.code.tex
File: pgfmodulematrix.code.tex 2023-01-15 v3.1.10 (3.1.10)
\pgfmatrixcurrentrow=\count306
\pgfmatrixcurrentcolumn=\count307
\pgf@matrix@numberofcolumns=\count308
)
\tikz@expandcount=\count309

(/opt/texlive/2024/texmf-dist/tex/generic/pgf/frontendlayer/tikz/libraries/tikz
librarytopaths.code.tex
File: tikzlibrarytopaths.code.tex 2023-01-15 v3.1.10 (3.1.10)
)))
(/opt/texlive/2024/texmf-dist/tex/latex/amscls/amsthm.sty
Package: amsthm 2020/05/29 v2.20.6
\thm@style=\toks36
\thm@bodyfont=\toks37
\thm@headfont=\toks38
\thm@notefont=\toks39
\thm@headpunct=\toks40
\thm@preskip=\skip59
\thm@postskip=\skip60
\thm@headsep=\skip61
\dth@everypar=\toks41
)
(/opt/texlive/2024/texmf-dist/tex/latex/thmtools/thmtools.sty
Package: thmtools 2023/05/04 v0.76
\thmt@toks=\toks42
\c@thmt@dummyctr=\count310

(/opt/texlive/2024/texmf-dist/tex/latex/thmtools/thm-patch.sty
Package: thm-patch 2023/05/04 v0.76

(/opt/texlive/2024/texmf-dist/tex/latex/thmtools/parseargs.sty
Package: parseargs 2023/05/04 v0.76
\@parsespec=\toks43
))
(/opt/texlive/2024/texmf-dist/tex/latex/thmtools/thm-kv.sty
Package: thm-kv 2023/05/04 v0.76
Package thm-kv Info: Theorem names will be uppercased on input line 42.
Package thm-kv Info: kvsetkeys patch (v1.16 or later) on input line 158.
)
(/opt/texlive/2024/texmf-dist/tex/latex/thmtools/thm-autoref.sty
Package: thm-autoref 2023/05/04 v0.76

(/opt/texlive/2024/texmf-dist/tex/latex/thmtools/aliasctr.sty
Package: aliasctr 2023/05/04 v0.76
))
(/opt/texlive/2024/texmf-dist/tex/latex/thmtools/thm-listof.sty
Package: thm-listof 2023/05/04 v0.76
)
(/opt/texlive/2024/texmf-dist/tex/latex/thmtools/thm-restate.sty
Package: thm-restate 2023/05/04 v0.76
)
(/opt/texlive/2024/texmf-dist/tex/latex/thmtools/thm-amsthm.sty
Package: thm-amsthm 2023/05/04 v0.76
\thmt@style@headstyle=\toks44
))
(/opt/texlive/2024/texmf-dist/tex/latex/float/float.sty
Package: float 2001/11/08 v1.3d Float enhancements (AL)
\c@float@type=\count311
\float@exts=\toks45
\float@box=\box109
\@float@everytoks=\toks46
\@floatcapt=\box110
)
(/opt/texlive/2024/texmf-dist/tex/latex/amsmath/amsmath.sty
Package: amsmath 2023/05/13 v2.17o AMS math features
\@mathmargin=\skip62

For additional information on amsmath, use the `?' option.
(/opt/texlive/2024/texmf-dist/tex/latex/amsmath/amstext.sty
Package: amstext 2021/08/26 v2.01 AMS text

(/opt/texlive/2024/texmf-dist/tex/latex/amsmath/amsgen.sty
File: amsgen.sty 1999/11/30 v2.0 generic functions
\@emptytoks=\toks47
\ex@=\dimen283
))
(/opt/texlive/2024/texmf-dist/tex/latex/amsmath/amsbsy.sty
Package: amsbsy 1999/11/29 v1.2d Bold Symbols
\pmbraise@=\dimen284
)
(/opt/texlive/2024/texmf-dist/tex/latex/amsmath/amsopn.sty
Package: amsopn 2022/04/08 v2.04 operator names
)
\inf@bad=\count312
LaTeX Info: Redefining \frac on input line 234.
\uproot@=\count313
\leftroot@=\count314
LaTeX Info: Redefining \overline on input line 399.
LaTeX Info: Redefining \colon on input line 410.
\classnum@=\count315
\DOTSCASE@=\count316
LaTeX Info: Redefining \ldots on input line 496.
LaTeX Info: Redefining \dots on input line 499.
LaTeX Info: Redefining \cdots on input line 620.
\Mathstrutbox@=\box111
\strutbox@=\box112
LaTeX Info: Redefining \big on input line 722.
LaTeX Info: Redefining \Big on input line 723.
LaTeX Info: Redefining \bigg on input line 724.
LaTeX Info: Redefining \Bigg on input line 725.
\big@size=\dimen285
LaTeX Font Info:    Redeclaring font encoding OML on input line 743.
LaTeX Font Info:    Redeclaring font encoding OMS on input line 744.
\macc@depth=\count317
LaTeX Info: Redefining \bmod on input line 905.
LaTeX Info: Redefining \pmod on input line 910.
LaTeX Info: Redefining \smash on input line 940.
LaTeX Info: Redefining \relbar on input line 970.
LaTeX Info: Redefining \Relbar on input line 971.
\c@MaxMatrixCols=\count318
\dotsspace@=\muskip16
\c@parentequation=\count319
\dspbrk@lvl=\count320
\tag@help=\toks48
\row@=\count321
\column@=\count322
\maxfields@=\count323
\andhelp@=\toks49
\eqnshift@=\dimen286
\alignsep@=\dimen287
\tagshift@=\dimen288
\tagwidth@=\dimen289
\totwidth@=\dimen290
\lineht@=\dimen291
\@envbody=\toks50
\multlinegap=\skip63
\multlinetaggap=\skip64
\mathdisplay@stack=\toks51
LaTeX Info: Redefining \[ on input line 2953.
LaTeX Info: Redefining \] on input line 2954.
)
(/opt/texlive/2024/texmf-dist/tex/latex/amsfonts/amssymb.sty
Package: amssymb 2013/01/14 v3.01 AMS font symbols

(/opt/texlive/2024/texmf-dist/tex/latex/amsfonts/amsfonts.sty
Package: amsfonts 2013/01/14 v3.01 Basic AMSFonts support
\symAMSa=\mathgroup4
\symAMSb=\mathgroup5
LaTeX Font Info:    Redeclaring math symbol \hbar on input line 98.
LaTeX Font Info:    Overwriting math alphabet `\mathfrak' in version `bold'
(Font)                  U/euf/m/n --> U/euf/b/n on input line 106.
))
(/opt/texlive/2024/texmf-dist/tex/latex/tools/bm.sty
Package: bm 2023/07/08 v1.2f Bold Symbol Support (DPC/FMi)
\symboldoperators=\mathgroup6
\symboldletters=\mathgroup7
\symboldsymbols=\mathgroup8
Package bm Info: No bold for \OMX/cmex/m/n, using \pmb.
Package bm Info: No bold for \U/msa/m/n, using \pmb.
Package bm Info: No bold for \U/msb/m/n, using \pmb.
LaTeX Font Info:    Redeclaring math alphabet \mathbf on input line 149.
)
(/opt/texlive/2024/texmf-dist/tex/latex/mathtools/empheq.sty
Package: empheq 2017/03/31 v2.15 Emphasizing equations

(/opt/texlive/2024/texmf-dist/tex/latex/mathtools/mhsetup.sty
Package: mhsetup 2021/03/18 v1.4 programming setup (MH)
)
(/opt/texlive/2024/texmf-dist/tex/latex/mathtools/mathtools.sty
Package: mathtools 2024/03/11 v1.30 mathematical typesetting tools

(/opt/texlive/2024/texmf-dist/tex/latex/tools/calc.sty
Package: calc 2023/07/08 v4.3 Infix arithmetic (KKT,FJ)
\calc@Acount=\count324
\calc@Bcount=\count325
\calc@Adimen=\dimen292
\calc@Bdimen=\dimen293
\calc@Askip=\skip65
\calc@Bskip=\skip66
LaTeX Info: Redefining \setlength on input line 80.
LaTeX Info: Redefining \addtolength on input line 81.
\calc@Ccount=\count326
\calc@Cskip=\skip67
)
\g_MT_multlinerow_int=\count327
\l_MT_multwidth_dim=\dimen294
\origjot=\skip68
\l_MT_shortvdotswithinadjustabove_dim=\dimen295
\l_MT_shortvdotswithinadjustbelow_dim=\dimen296
\l_MT_above_intertext_sep=\dimen297
\l_MT_below_intertext_sep=\dimen298
\l_MT_above_shortintertext_sep=\dimen299
\l_MT_below_shortintertext_sep=\dimen300
\xmathstrut@box=\box113
\xmathstrut@dim=\dimen301
)
\l_EQ_equationtype_int=\count328
\l_EQ_alignmentmode_int=\count329
\l_EQ_totalwidth_dim=\dimen302
\l_EQ_displaywidth_dim=\dimen303
\l_EQ_temp_linewidth_dim=\dimen304
\l_EQ_linewidth_dim=\dimen305
\EmphEqdelimitershortfall=\dimen306
\EmphEqdelimiterfactor=\count330
\g_EQ_toptag_height_dim=\dimen307
\g_EQ_bottomtag_depth_dim=\dimen308
\g_EQ_toprow_height_dim=\dimen309
\g_EQ_bottomrow_depth_dim=\dimen310
\g_EQ_widesttag_dim=\dimen311
\EQ_mathdisplay_box=\box114
\EQ_tag_box=\box115
\g_EQ_temprow_int=\count331
)
(/opt/texlive/2024/texmf-dist/tex/latex/base/fix-cm.sty
Package: fix-cm 2020/11/24 v1.1t fixes to LaTeX

(/opt/texlive/2024/texmf-dist/tex/latex/base/ts1enc.def
File: ts1enc.def 2001/06/05 v3.0e (jk/car/fm) Standard LaTeX file
LaTeX Font Info:    Redeclaring font encoding TS1 on input line 47.
))
(/opt/texlive/2024/texmf-dist/tex/latex/tools/tabularx.sty
Package: tabularx 2023/07/08 v2.11c `tabularx' package (DPC)

(/opt/texlive/2024/texmf-dist/tex/latex/tools/array.sty
Package: array 2023/10/16 v2.5g Tabular extension package (FMi)
\col@sep=\dimen312
\ar@mcellbox=\box116
\extrarowheight=\dimen313
\NC@list=\toks52
\extratabsurround=\skip69
\backup@length=\skip70
\ar@cellbox=\box117
)
\TX@col@width=\dimen314
\TX@old@table=\dimen315
\TX@old@col=\dimen316
\TX@target=\dimen317
\TX@delta=\dimen318
\TX@cols=\count332
\TX@ftn=\toks53
)
(/opt/texlive/2024/texmf-dist/tex/latex/tools/longtable.sty
Package: longtable 2023-11-01 v4.19 Multi-page Table package (DPC)
\LTleft=\skip71
\LTright=\skip72
\LTpre=\skip73
\LTpost=\skip74
\LTchunksize=\count333
\LTcapwidth=\dimen319
\LT@head=\box118
\LT@firsthead=\box119
\LT@foot=\box120
\LT@lastfoot=\box121
\LT@gbox=\box122
\LT@cols=\count334
\LT@rows=\count335
\c@LT@tables=\count336
\c@LT@chunks=\count337
\LT@p@ftn=\toks54
)
(/opt/texlive/2024/texmf-dist/tex/latex/colortbl/colortbl.sty
Package: colortbl 2024/02/20 v1.0g Color table columns (DPC)
\everycr=\toks55
\minrowclearance=\skip75
\rownum=\count338
)
(/opt/texlive/2024/texmf-dist/tex/latex/algorithms/algorithm.sty
Package: algorithm 2009/08/24 v0.1 Document Style `algorithm' - floating enviro
nment

(/opt/texlive/2024/texmf-dist/tex/latex/base/ifthen.sty
Package: ifthen 2022/04/13 v1.1d Standard LaTeX ifthen package (DPC)
)
\@float@every@algorithm=\toks56
\c@algorithm=\count339
)
(/opt/texlive/2024/texmf-dist/tex/latex/algorithms/algorithmic.sty
Package: algorithmic 2009/08/24 v0.1 Document Style `algorithmic'
\c@ALC@unique=\count340
\c@ALC@line=\count341
\c@ALC@rem=\count342
\c@ALC@depth=\count343
\ALC@tlm=\skip76
\algorithmicindent=\skip77
)
(/opt/texlive/2024/texmf-dist/tex/latex/hyperref/hyperref.sty
Package: hyperref 2024-01-20 v7.01h Hypertext links for LaTeX

(/opt/texlive/2024/texmf-dist/tex/generic/kvdefinekeys/kvdefinekeys.sty
Package: kvdefinekeys 2019-12-19 v1.6 Define keys (HO)
)
(/opt/texlive/2024/texmf-dist/tex/generic/pdfescape/pdfescape.sty
Package: pdfescape 2019/12/09 v1.15 Implements pdfTeX's escape features (HO)

(/opt/texlive/2024/texmf-dist/tex/generic/pdftexcmds/pdftexcmds.sty
Package: pdftexcmds 2020-06-27 v0.33 Utility functions of pdfTeX for LuaTeX (HO
)

(/opt/texlive/2024/texmf-dist/tex/generic/infwarerr/infwarerr.sty
Package: infwarerr 2019/12/03 v1.5 Providing info/warning/error messages (HO)
)
Package pdftexcmds Info: \pdf@primitive is available.
Package pdftexcmds Info: \pdf@ifprimitive is available.
Package pdftexcmds Info: \pdfdraftmode found.
))
(/opt/texlive/2024/texmf-dist/tex/latex/hycolor/hycolor.sty
Package: hycolor 2020-01-27 v1.10 Color options for hyperref/bookmark (HO)
)
(/opt/texlive/2024/texmf-dist/tex/latex/hyperref/nameref.sty
Package: nameref 2023-11-26 v2.56 Cross-referencing by name of section

(/opt/texlive/2024/texmf-dist/tex/latex/refcount/refcount.sty
Package: refcount 2019/12/15 v3.6 Data extraction from label references (HO)
)
(/opt/texlive/2024/texmf-dist/tex/generic/gettitlestring/gettitlestring.sty
Package: gettitlestring 2019/12/15 v1.6 Cleanup title references (HO)
)
\c@section@level=\count344
)
\@linkdim=\dimen320
\Hy@linkcounter=\count345
\Hy@pagecounter=\count346

(/opt/texlive/2024/texmf-dist/tex/latex/hyperref/pd1enc.def
File: pd1enc.def 2024-01-20 v7.01h Hyperref: PDFDocEncoding definition (HO)
Now handling font encoding PD1 ...
... no UTF-8 mapping file for font encoding PD1
)
(/opt/texlive/2024/texmf-dist/tex/generic/intcalc/intcalc.sty
Package: intcalc 2019/12/15 v1.3 Expandable calculations with integers (HO)
)
\Hy@SavedSpaceFactor=\count347

(/opt/texlive/2024/texmf-dist/tex/latex/hyperref/puenc.def
File: puenc.def 2024-01-20 v7.01h Hyperref: PDF Unicode definition (HO)
Now handling font encoding PU ...
... no UTF-8 mapping file for font encoding PU
)
Package hyperref Info: Option `colorlinks' set `true' on input line 4062.
Package hyperref Info: Hyper figures OFF on input line 4179.
Package hyperref Info: Link nesting OFF on input line 4184.
Package hyperref Info: Hyper index ON on input line 4187.
Package hyperref Info: Plain pages OFF on input line 4194.
Package hyperref Info: Backreferencing OFF on input line 4199.
Package hyperref Info: Implicit mode ON; LaTeX internals redefined.
Package hyperref Info: Bookmarks ON on input line 4446.
\c@Hy@tempcnt=\count348

(/opt/texlive/2024/texmf-dist/tex/latex/url/url.sty
\Urlmuskip=\muskip17
Package: url 2013/09/16  ver 3.4  Verb mode for urls, etc.
)
LaTeX Info: Redefining \url on input line 4784.
\XeTeXLinkMargin=\dimen321

(/opt/texlive/2024/texmf-dist/tex/generic/bitset/bitset.sty
Package: bitset 2019/12/09 v1.3 Handle bit-vector datatype (HO)

(/opt/texlive/2024/texmf-dist/tex/generic/bigintcalc/bigintcalc.sty
Package: bigintcalc 2019/12/15 v1.5 Expandable calculations on big integers (HO
)
))
\Fld@menulength=\count349
\Field@Width=\dimen322
\Fld@charsize=\dimen323
Package hyperref Info: Hyper figures OFF on input line 6063.
Package hyperref Info: Link nesting OFF on input line 6068.
Package hyperref Info: Hyper index ON on input line 6071.
Package hyperref Info: backreferencing OFF on input line 6078.
Package hyperref Info: Link coloring ON on input line 6081.
Package hyperref Info: Link coloring with OCG OFF on input line 6088.
Package hyperref Info: PDF/A mode OFF on input line 6093.

(/opt/texlive/2024/texmf-dist/tex/latex/base/atbegshi-ltx.sty
Package: atbegshi-ltx 2021/01/10 v1.0c Emulation of the original atbegshi
package with kernel methods
)
\Hy@abspage=\count350
\c@Item=\count351
\c@Hfootnote=\count352
)
Package hyperref Info: Driver (autodetected): hpdftex.

(/opt/texlive/2024/texmf-dist/tex/latex/hyperref/hpdftex.def
File: hpdftex.def 2024-01-20 v7.01h Hyperref driver for pdfTeX

(/opt/texlive/2024/texmf-dist/tex/latex/base/atveryend-ltx.sty
Package: atveryend-ltx 2020/08/19 v1.0a Emulation of the original atveryend pac
kage
with kernel methods
)
\Fld@listcount=\count353
\c@bookmark@seq@number=\count354

(/opt/texlive/2024/texmf-dist/tex/latex/rerunfilecheck/rerunfilecheck.sty
Package: rerunfilecheck 2022-07-10 v1.10 Rerun checks for auxiliary files (HO)

(/opt/texlive/2024/texmf-dist/tex/generic/uniquecounter/uniquecounter.sty
Package: uniquecounter 2019/12/15 v1.4 Provide unlimited unique counter (HO)
)
Package uniquecounter Info: New unique counter `rerunfilecheck' on input line 2
85.
)
\Hy@SectionHShift=\skip78
)
(/opt/texlive/2024/texmf-dist/tex/latex/cleveref/cleveref.sty
Package: cleveref 2018/03/27 v0.21.4 Intelligent cross-referencing
Package cleveref Info: `hyperref' support loaded on input line 2370.
LaTeX Info: Redefining \cref on input line 2370.
LaTeX Info: Redefining \Cref on input line 2370.
LaTeX Info: Redefining \crefrange on input line 2370.
LaTeX Info: Redefining \Crefrange on input line 2370.
LaTeX Info: Redefining \cpageref on input line 2370.
LaTeX Info: Redefining \Cpageref on input line 2370.
LaTeX Info: Redefining \cpagerefrange on input line 2370.
LaTeX Info: Redefining \Cpagerefrange on input line 2370.
LaTeX Info: Redefining \labelcref on input line 2370.
LaTeX Info: Redefining \labelcpageref on input line 2370.
Package cleveref Info: `amsthm' support loaded on input line 3026.
Package cleveref Info: `subfig' support loaded on input line 3164.
)
(/opt/texlive/2024/texmf-dist/tex/latex/natbib/natbib.sty
Package: natbib 2010/09/13 8.31b (PWD, AO)
\bibhang=\skip79
\bibsep=\skip80
LaTeX Info: Redefining \cite on input line 694.
\c@NAT@ctr=\count355
)
(/opt/texlive/2024/texmf-dist/tex/latex/pdfpages/pdfpages.sty
Package: pdfpages 2024/01/21 v0.5y Insert pages of external PDF documents (AM)
\AM@pagewidth=\dimen324
\AM@pageheight=\dimen325
\AM@fboxrule=\dimen326

(/opt/texlive/2024/texmf-dist/tex/latex/pdfpages/pppdftex.def
File: pppdftex.def 2024/01/21 v0.5y Pdfpages driver for pdfTeX (AM)
)
\pdfpages@includegraphics@status=\count356
\AM@pagebox=\box123
\AM@global@opts=\toks57
\AM@pagecnt=\count357
\AM@toc@title=\toks58
\AM@lof@heading=\toks59
\c@AM@survey=\count358
\AM@templatesizebox=\box124
)
(/opt/texlive/2024/texmf-dist/tex/latex/tools/afterpage.sty
Package: afterpage 2023/07/04 v1.08 After-Page Package (DPC)
\AP@output=\toks60
\AP@partial=\box125
\AP@footins=\box126
)
(/opt/texlive/2024/texmf-dist/tex/latex/lipsum/lipsum.sty
(/opt/texlive/2024/texmf-dist/tex/latex/l3packages/l3keys2e/l3keys2e.sty
(/opt/texlive/2024/texmf-dist/tex/latex/l3kernel/expl3.sty
Package: expl3 2024-02-20 L3 programming layer (loader) 

(/opt/texlive/2024/texmf-dist/tex/latex/l3backend/l3backend-pdftex.def
File: l3backend-pdftex.def 2024-02-20 L3 backend support: PDF output (pdfTeX)
\l__color_backend_stack_int=\count359
\l__pdf_internal_box=\box127
))
Package: l3keys2e 2024-02-18 LaTeX2e option processing using LaTeX3 keys
)
Package: lipsum 2021-09-20 v2.7 150 paragraphs of Lorem Ipsum dummy text
\g__lipsum_par_int=\count360
\l__lipsum_a_int=\count361
\l__lipsum_b_int=\count362

(/opt/texlive/2024/texmf-dist/tex/latex/lipsum/lipsum.ltd.tex))
(/opt/texlive/2024/texmf-dist/tex/latex/fancyhdr/fancyhdr.sty
Package: fancyhdr 2022/11/09 v4.1 Extensive control of page headers and footers

\f@nch@headwidth=\skip81
\f@nch@O@elh=\skip82
\f@nch@O@erh=\skip83
\f@nch@O@olh=\skip84
\f@nch@O@orh=\skip85
\f@nch@O@elf=\skip86
\f@nch@O@erf=\skip87
\f@nch@O@olf=\skip88
\f@nch@O@orf=\skip89
)
(./Configuration_Files/config.tex
\c@theorem=\count363
\c@proposition=\count364
\c@algsubstate=\count365
)
(/opt/texlive/2024/texmf-dist/tex/latex/easyreview/easyReview.sty
Package: easyReview 2014/06/27 Package for Easy Review on LaTeX documents
Package: easyReview 2013/12/09 Package for Easy Review on LaTeX documents

(/opt/texlive/2024/texmf-dist/tex/generic/soul/soul.sty
Package: soul 2023-06-14 v3.1 Permit use of UTF-8 characters in soul (HO)

(/opt/texlive/2024/texmf-dist/tex/generic/soul/soul-ori.sty
Package: soul-ori 2023-06-14 v3.1 letterspacing/underlining (mf)
\SOUL@word=\toks61
\SOUL@lasttoken=\toks62
\SOUL@syllable=\toks63
\SOUL@cmds=\toks64
\SOUL@buffer=\toks65
\SOUL@token=\toks66
\SOUL@syllgoal=\dimen327
\SOUL@syllwidth=\dimen328
\SOUL@charkern=\dimen329
\SOUL@hyphkern=\dimen330
\SOUL@dimen=\dimen331
\SOUL@dimeni=\dimen332
\SOUL@minus=\count366
\SOUL@comma=\count367
\SOUL@apo=\count368
\SOUL@grave=\count369
\SOUL@spaceskip=\skip90
\SOUL@ttwidth=\dimen333
\SOUL@uldp=\dimen334
\SOUL@ulht=\dimen335
)
(/opt/texlive/2024/texmf-dist/tex/generic/etexcmds/etexcmds.sty
Package: etexcmds 2019/12/15 v1.7 Avoid name clashes with e-TeX commands (HO)
))
(/opt/texlive/2024/texmf-dist/tex/latex/todonotes/todonotes.sty
Package: todonotes 2024/01/05 v1.1.7 Todonotes source and documentation.
Package: todonotes 2024/01/05

(/opt/texlive/2024/texmf-dist/tex/generic/pgf/frontendlayer/tikz/libraries/tikz
librarypositioning.code.tex
File: tikzlibrarypositioning.code.tex 2023-01-15 v3.1.10 (3.1.10)
)
\c@@todonotes@numberoftodonotes=\count370
))
(/opt/texlive/2024/texmf-dist/tex/latex/glossaries/base/glossaries.sty
Package: glossaries 2023/09/29 v4.53 (NLCT)

(/opt/texlive/2024/texmf-dist/tex/latex/mfirstuc/mfirstuc.sty
Package: mfirstuc 2022/10/14 v2.08 (NLCT)
\@glsmfirst=\toks67
\@glsmrest=\toks68
)
(/opt/texlive/2024/texmf-dist/tex/latex/xfor/xfor.sty
Package: xfor 2009/02/05 v1.05 (NLCT)
)
(/opt/texlive/2024/texmf-dist/tex/latex/datatool/datatool-base.sty
Package: datatool-base 2019/09/27 v2.32 (NLCT)

(/opt/texlive/2024/texmf-dist/tex/latex/substr/substr.sty
Package: substr 2009/10/20 v1.2 Handle substrings
\c@su@anzahl=\count371
)
(/opt/texlive/2024/texmf-dist/tex/latex/datatool/datatool-fp.sty
Package: datatool-fp 2019/09/27 v2.32 (NLCT)

(/opt/texlive/2024/texmf-dist/tex/latex/fp/fp.sty
Package: fp 1995/04/02

`Fixed Point Package', Version 0.8, April 2, 1995 (C) Michael Mehlich
(/opt/texlive/2024/texmf-dist/tex/latex/fp/defpattern.sty
Package: defpattern 1994/10/12
\actioncount=\count372
)
(/opt/texlive/2024/texmf-dist/tex/latex/fp/fp-basic.sty
Package: fp-basic 1996/05/13
\FP@xs=\count373
\FP@xia=\count374
\FP@xib=\count375
\FP@xfa=\count376
\FP@xfb=\count377
\FP@rega=\count378
\FP@regb=\count379
\FP@regs=\count380
\FP@times=\count381
)
(/opt/texlive/2024/texmf-dist/tex/latex/fp/fp-addons.sty
Package: fp-addons 1995/03/15
)
(/opt/texlive/2024/texmf-dist/tex/latex/fp/fp-snap.sty
Package: fp-snap 1995/04/05
)
(/opt/texlive/2024/texmf-dist/tex/latex/fp/fp-exp.sty
Package: fp-exp 1995/04/03
)
(/opt/texlive/2024/texmf-dist/tex/latex/fp/fp-trigo.sty
Package: fp-trigo 1995/04/14
)
(/opt/texlive/2024/texmf-dist/tex/latex/fp/fp-pas.sty
Package: fp-pas 1994/08/29
)
(/opt/texlive/2024/texmf-dist/tex/latex/fp/fp-random.sty
Package: fp-random 1995/02/23
\FPseed=\count382
)
(/opt/texlive/2024/texmf-dist/tex/latex/fp/fp-eqn.sty
Package: fp-eqn 1995/04/03
)
(/opt/texlive/2024/texmf-dist/tex/latex/fp/fp-upn.sty
Package: fp-upn 1996/10/21
)
(/opt/texlive/2024/texmf-dist/tex/latex/fp/fp-eval.sty
Package: fp-eval 1995/04/03
)))
\@dtl@toks=\toks69
\@dtl@tmpcount=\count383
\dtl@tmplength=\skip91
\dtl@sortresult=\count384
\@dtl@numgrpsepcount=\count385
\@dtl@datatype=\count386
\dtl@codeA=\count387
\dtl@codeB=\count388
\@dtl@foreach@level=\count389
)
(/opt/texlive/2024/texmf-dist/tex/latex/tracklang/tracklang.sty
Package: tracklang 2022/12/13 v1.6.1 (NLCT) Track Languages

(/opt/texlive/2024/texmf-dist/tex/generic/tracklang/tracklang.tex))
(/opt/texlive/2024/texmf-dist/tex/latex/translator/translator.sty
Package: translator 2021-05-31 v1.12d Easy translation of strings in LaTeX
)
(/opt/texlive/2024/texmf-dist/tex/latex/glossaries-english/glossaries-english.l
df
File: glossaries-english.ldf 2014/11/23 v1.0
)
\gls@level=\count390
\@gls@tmpb=\toks70
\gls@tmplen=\skip92
\glskeylisttok=\toks71
\glslabeltok=\toks72
\glsshorttok=\toks73
\glslongtok=\toks74

(/opt/texlive/2024/texmf-dist/tex/latex/glossaries/styles/glossary-hypernav.sty
Package: glossary-hypernav 2023/09/29 v4.53 (NLCT)
) (/opt/texlive/2024/texmf-dist/tex/latex/glossaries/styles/glossary-list.sty
Package: glossary-list 2023/09/29 v4.53 (NLCT)
\glslistdottedwidth=\skip93
)
(/opt/texlive/2024/texmf-dist/tex/latex/glossaries/styles/glossary-long.sty
Package: glossary-long 2023/09/29 v4.53 (NLCT)
\glsdescwidth=\skip94
\glspagelistwidth=\skip95
)
(/opt/texlive/2024/texmf-dist/tex/latex/glossaries/styles/glossary-super.sty
Package: glossary-super 2023/09/29 v4.53 (NLCT)

(/opt/texlive/2024/texmf-dist/tex/latex/supertabular/supertabular.sty
Package: supertabular 2020/02/02 v4.1g the supertabular environment
\c@tracingst=\count391
\ST@wd=\dimen336
\ST@rightskip=\skip96
\ST@leftskip=\skip97
\ST@parfillskip=\skip98
\ST@pageleft=\dimen337
\ST@headht=\dimen338
\ST@tailht=\dimen339
\ST@pagesofar=\dimen340
\ST@pboxht=\dimen341
\ST@lineht=\dimen342
\ST@prevht=\dimen343
\ST@toadd=\dimen344
\ST@dimen=\dimen345
\ST@pbox=\box128
))
(/opt/texlive/2024/texmf-dist/tex/latex/glossaries/styles/glossary-tree.sty
Package: glossary-tree 2023/09/29 v4.53 (NLCT)
\glstreeindent=\skip99
))
\glswrite=\write4
\glo@acronym@file=\write5
\openout5 = `Thesis_Tosi.acn'.

Package glossaries Info: Writing glossary file Thesis_Tosi.acn on input line 11
0.

(./Thesis_Tosi.aux)
\openout1 = `Thesis_Tosi.aux'.

LaTeX Font Info:    Checking defaults for OML/cmm/m/it on input line 121.
LaTeX Font Info:    ... okay on input line 121.
LaTeX Font Info:    Checking defaults for OMS/cmsy/m/n on input line 121.
LaTeX Font Info:    ... okay on input line 121.
LaTeX Font Info:    Checking defaults for OT1/cmr/m/n on input line 121.
LaTeX Font Info:    ... okay on input line 121.
LaTeX Font Info:    Checking defaults for T1/cmr/m/n on input line 121.
LaTeX Font Info:    ... okay on input line 121.
LaTeX Font Info:    Checking defaults for TS1/cmr/m/n on input line 121.
LaTeX Font Info:    ... okay on input line 121.
LaTeX Font Info:    Checking defaults for OMX/cmex/m/n on input line 121.
LaTeX Font Info:    ... okay on input line 121.
LaTeX Font Info:    Checking defaults for U/cmr/m/n on input line 121.
LaTeX Font Info:    ... okay on input line 121.
LaTeX Font Info:    Checking defaults for PD1/pdf/m/n on input line 121.
LaTeX Font Info:    ... okay on input line 121.
LaTeX Font Info:    Checking defaults for PU/pdf/m/n on input line 121.
LaTeX Font Info:    ... okay on input line 121.

*geometry* driver: auto-detecting
*geometry* detected driver: pdftex
*geometry* verbose mode - [ preamble ] result:
* driver: pdftex
* paper: a4paper
* layout: <same size as paper>
* layoutoffset:(h,v)=(0.0pt,0.0pt)
* modes: includehead twoside 
* h-part:(L,W,R)=(85.35826pt, 455.24411pt, 56.9055pt)
* v-part:(T,H,B)=(71.13188pt, 702.78308pt, 71.13188pt)
* \paperwidth=597.50787pt
* \paperheight=845.04684pt
* \textwidth=455.24411pt
* \textheight=665.83746pt
* \oddsidemargin=13.08827pt
* \evensidemargin=-15.36449pt
* \topmargin=-1.1381pt
* \headheight=17.07182pt
* \headsep=19.8738pt
* \topskip=12.0pt
* \footskip=30.0pt
* \marginparwidth=98.0pt
* \marginparsep=7.0pt
* \columnsep=15.0pt
* \skip\footins=10.8pt plus 4.0pt minus 2.0pt
* \hoffset=0.0pt
* \voffset=0.0pt
* \mag=1000
* \@twocolumnfalse
* \@twosidetrue
* \@mparswitchtrue
* \@reversemarginfalse
* (1in=72.27pt=25.4mm, 1cm=28.453pt)

Package caption Info: Begin \AtBeginDocument code.
Package caption Info: subfig package v1.3 is loaded.
Package caption Info: float package is loaded.
Package caption Info: hyperref package is loaded.
Package caption Info: longtable package is loaded.
(/opt/texlive/2024/texmf-dist/tex/latex/caption/ltcaption.sty
Package: ltcaption 2021/01/08 v1.4c longtable captions (AR)
)
Package caption Info: supertabular package is loaded.
Package caption Info: End \AtBeginDocument code.

(/opt/texlive/2024/texmf-dist/tex/context/base/mkii/supp-pdf.mkii
[Loading MPS to PDF converter (version 2006.09.02).]
\scratchcounter=\count392
\scratchdimen=\dimen346
\scratchbox=\box129
\nofMPsegments=\count393
\nofMParguments=\count394
\everyMPshowfont=\toks75
\MPscratchCnt=\count395
\MPscratchDim=\dimen347
\MPnumerator=\count396
\makeMPintoPDFobject=\count397
\everyMPtoPDFconversion=\toks76
) (/opt/texlive/2024/texmf-dist/tex/latex/epstopdf-pkg/epstopdf-base.sty
Package: epstopdf-base 2020-01-24 v2.11 Base part for package epstopdf
Package epstopdf-base Info: Redefining graphics rule for `.eps' on input line 4
85.

(/opt/texlive/2024/texmf-dist/tex/latex/latexconfig/epstopdf-sys.cfg
File: epstopdf-sys.cfg 2010/07/13 v1.3 Configuration of (r)epstopdf for TeX Liv
e
))
LaTeX Info: Redefining \[ on input line 121.
LaTeX Info: Redefining \] on input line 121.
Package hyperref Info: Link coloring ON on input line 121.

(./Thesis_Tosi.out) (./Thesis_Tosi.out)
\@outlinefile=\write6
\openout6 = `Thesis_Tosi.out'.


(/opt/texlive/2024/texmf-dist/tex/latex/pdflscape/pdflscape.sty
Package: pdflscape 2022-10-27 v0.13 Display of landscape pages in PDF

(/opt/texlive/2024/texmf-dist/tex/latex/pdflscape/pdflscape-nometadata.sty
Package: pdflscape-nometadata 2022-10-28 v0.13 Display of landscape pages in PD
F (HO)

(/opt/texlive/2024/texmf-dist/tex/latex/graphics/lscape.sty
Package: lscape 2020/05/28 v3.02 Landscape Pages (DPC)
)
Package pdflscape Info: Auto-detected driver: pdftex on input line 81.
))
(./Thesis_Tosi.glsdefs) (./acronyms.tex
\@gls@deffile=\write7
\openout7 = `Thesis_Tosi.glsdefs'.

)
Package epstopdf Info: Source file: <Images/02_ING_IND_INFORMAZIONE_COL_POSITIV
O.eps>
(epstopdf)                    date: 2023-12-27 18:35:38
(epstopdf)                    size: 1016894 bytes
(epstopdf)             Output file: <Images/02_ING_IND_INFORMAZIONE_COL_POSITIV
O-eps-converted-to.pdf>
(epstopdf)                    date: 2023-12-27 18:35:38
(epstopdf)                    size: 81903 bytes
(epstopdf)             Command: <repstopdf --outfile=Images/02_ING_IND_INFORMAZ
IONE_COL_POSITIVO-eps-converted-to.pdf Images/02_ING_IND_INFORMAZIONE_COL_POSIT
IVO.eps>
(epstopdf)             \includegraphics on input line 144.
Package epstopdf Info: Output file is already uptodate.
<Images/02_ING_IND_INFORMAZIONE_COL_POSITIVO-eps-converted-to.pdf, id=232, 493.
845pt x 227.85126pt>
File: Images/02_ING_IND_INFORMAZIONE_COL_POSITIVO-eps-converted-to.pdf Graphic 
file (type pdf)
<use Images/02_ING_IND_INFORMAZIONE_COL_POSITIVO-eps-converted-to.pdf>
Package pdftex.def Info: Images/02_ING_IND_INFORMAZIONE_COL_POSITIVO-eps-conver
ted-to.pdf  used on input line 144.
(pdftex.def)             Requested size: 302.73503pt x 150.052pt.
LaTeX Font Info:    Trying to load font information for U+msa on input line 144
.

(/opt/texlive/2024/texmf-dist/tex/latex/amsfonts/umsa.fd
File: umsa.fd 2013/01/14 v3.01 AMS symbols A
)
LaTeX Font Info:    Trying to load font information for U+msb on input line 144
.

(/opt/texlive/2024/texmf-dist/tex/latex/amsfonts/umsb.fd
File: umsb.fd 2013/01/14 v3.01 AMS symbols B
)
Package epstopdf Info: Source file: <./Images/./raggiera_polimi.eps>
(epstopdf)                    date: 2023-12-27 18:35:38
(epstopdf)                    size: 1813066 bytes
(epstopdf)             Output file: <./Images/./raggiera_polimi-eps-converted-t
o.pdf>
(epstopdf)                    date: 2023-12-27 18:35:38
(epstopdf)                    size: 40456 bytes
(epstopdf)             Command: <repstopdf --outfile=./Images/./raggiera_polimi
-eps-converted-to.pdf ./Images/./raggiera_polimi.eps>
(epstopdf)             \includegraphics on input line 144.
Package epstopdf Info: Output file is already uptodate.
<./Images/./raggiera_polimi-eps-converted-to.pdf, id=234, 502.87875pt x 502.878
75pt>
File: ./Images/./raggiera_polimi-eps-converted-to.pdf Graphic file (type pdf)
<use ./Images/./raggiera_polimi-eps-converted-to.pdf>
Package pdftex.def Info: ./Images/./raggiera_polimi-eps-converted-to.pdf  used 
on input line 144.
(pdftex.def)             Requested size: 418.25368pt x 418.24866pt.
 [1

\openout4 = `Thesis_Tosi.ist'.



{/opt/texlive/2024/texmf-var/fonts/map/pdftex/updmap/pdftex.map}{/opt/texlive/2
024/texmf-dist/fonts/enc/dvips/cm-super/cm-super-t1.enc} <./Images/./raggiera_p
olimi-eps-converted-to.pdf> <./Images/02_ING_IND_INFORMAZIONE_COL_POSITIVO-eps-
converted-to.pdf>]
Package epstopdf Info: Source file: <./Images/./raggiera_polimi.eps>
(epstopdf)                    date: 2023-12-27 18:35:38
(epstopdf)                    size: 1813066 bytes
(epstopdf)             Output file: <./Images/./raggiera_polimi-eps-converted-t
o.pdf>
(epstopdf)                    date: 2023-12-27 18:35:38
(epstopdf)                    size: 40456 bytes
(epstopdf)             Command: <repstopdf --outfile=./Images/./raggiera_polimi
-eps-converted-to.pdf ./Images/./raggiera_polimi.eps>
(epstopdf)             \includegraphics on input line 149.
Package epstopdf Info: Output file is already uptodate.
File: ./Images/./raggiera_polimi-eps-converted-to.pdf Graphic file (type pdf)
<use ./Images/./raggiera_polimi-eps-converted-to.pdf>
Package pdftex.def Info: ./Images/./raggiera_polimi-eps-converted-to.pdf  used 
on input line 149.
(pdftex.def)             Requested size: 507.88533pt x 507.88051pt.

[2

]
Underfull \hbox (badness 10000) in paragraph at lines 155--172

 []


pdfTeX warning (ext4): destination with the same identifier (name{page.i}) has 
been already used, duplicate ignored
<to be read again> 
                   \relax 
l.174 \chapter*{Abstract in lingua italiana}
                                             [1


]
pdfTeX warning (ext4): destination with the same identifier (name{page.ii}) has
 been already used, duplicate ignored
<to be read again> 
                   \relax 
l.174 \chapter*{Abstract in lingua italiana}
                                            
Package epstopdf Info: Source file: <./Images/./raggiera_polimi.eps>
(epstopdf)                    date: 2023-12-27 18:35:38
(epstopdf)                    size: 1813066 bytes
(epstopdf)             Output file: <./Images/./raggiera_polimi-eps-converted-t
o.pdf>
(epstopdf)                    date: 2023-12-27 18:35:38
(epstopdf)                    size: 40456 bytes
(epstopdf)             Command: <repstopdf --outfile=./Images/./raggiera_polimi
-eps-converted-to.pdf ./Images/./raggiera_polimi.eps>
(epstopdf)             \includegraphics on input line 174.
Package epstopdf Info: Output file is already uptodate.
File: ./Images/./raggiera_polimi-eps-converted-to.pdf Graphic file (type pdf)
<use ./Images/./raggiera_polimi-eps-converted-to.pdf>
Package pdftex.def Info: ./Images/./raggiera_polimi-eps-converted-to.pdf  used 
on input line 174.
(pdftex.def)             Requested size: 507.88533pt x 507.88051pt.
 [2

]
Underfull \hbox (badness 10000) in paragraph at lines 175--190

 []

[3

]
Package epstopdf Info: Source file: <./Images/./raggiera_polimi.eps>
(epstopdf)                    date: 2023-12-27 18:35:38
(epstopdf)                    size: 1813066 bytes
(epstopdf)             Output file: <./Images/./raggiera_polimi-eps-converted-t
o.pdf>
(epstopdf)                    date: 2023-12-27 18:35:38
(epstopdf)                    size: 40456 bytes
(epstopdf)             Command: <repstopdf --outfile=./Images/./raggiera_polimi
-eps-converted-to.pdf ./Images/./raggiera_polimi.eps>
(epstopdf)             \includegraphics on input line 197.
Package epstopdf Info: Output file is already uptodate.
File: ./Images/./raggiera_polimi-eps-converted-to.pdf Graphic file (type pdf)
<use ./Images/./raggiera_polimi-eps-converted-to.pdf>
Package pdftex.def Info: ./Images/./raggiera_polimi-eps-converted-to.pdf  used 
on input line 197.
(pdftex.def)             Requested size: 507.88533pt x 507.88051pt.
 [4

] (./Thesis_Tosi.toc [5

] [6])
\tf@toc=\write8
\openout8 = `Thesis_Tosi.toc'.

 [7]
Package epstopdf Info: Source file: <./Images/./raggiera_polimi.eps>
(epstopdf)                    date: 2023-12-27 18:35:38
(epstopdf)                    size: 1813066 bytes
(epstopdf)             Output file: <./Images/./raggiera_polimi-eps-converted-t
o.pdf>
(epstopdf)                    date: 2023-12-27 18:35:38
(epstopdf)                    size: 40456 bytes
(epstopdf)             Command: <repstopdf --outfile=./Images/./raggiera_polimi
-eps-converted-to.pdf ./Images/./raggiera_polimi.eps>
(epstopdf)             \includegraphics on input line 199.
Package epstopdf Info: Output file is already uptodate.
File: ./Images/./raggiera_polimi-eps-converted-to.pdf Graphic file (type pdf)
<use ./Images/./raggiera_polimi-eps-converted-to.pdf>
Package pdftex.def Info: ./Images/./raggiera_polimi-eps-converted-to.pdf  used 
on input line 199.
(pdftex.def)             Requested size: 507.88533pt x 507.88051pt.
 [8

] (./Chapters/Introduction.tex
Chapter 1.
[1



]) (./Chapters/overview.tex [2]
Chapter 2.
[3


]
<Images/introduction/isac-scheme-1.png, id=436, 392.667pt x 284.5029pt>
File: Images/introduction/isac-scheme-1.png Graphic file (type png)
<use Images/introduction/isac-scheme-1.png>
Package pdftex.def Info: Images/introduction/isac-scheme-1.png  used on input l
ine 22.
(pdftex.def)             Requested size: 364.19667pt x 263.87735pt.
 [4 <./Images/introduction/isac-scheme-1.png>] [5{/opt/texlive/2024/texmf-dist/
fonts/enc/dvips/cm-super/cm-super-ts1.enc}] [6] [7] [8] [9] [10] [11]
[12]) (./Chapters/theoretical.tex [13]
Package epstopdf Info: Source file: <./Images/./raggiera_polimi.eps>
(epstopdf)                    date: 2023-12-27 18:35:38
(epstopdf)                    size: 1813066 bytes
(epstopdf)             Output file: <./Images/./raggiera_polimi-eps-converted-t
o.pdf>
(epstopdf)                    date: 2023-12-27 18:35:38
(epstopdf)                    size: 40456 bytes
(epstopdf)             Command: <repstopdf --outfile=./Images/./raggiera_polimi
-eps-converted-to.pdf ./Images/./raggiera_polimi.eps>
(epstopdf)             \includegraphics on input line 1.
Package epstopdf Info: Output file is already uptodate.
File: ./Images/./raggiera_polimi-eps-converted-to.pdf Graphic file (type pdf)
<use ./Images/./raggiera_polimi-eps-converted-to.pdf>
Package pdftex.def Info: ./Images/./raggiera_polimi-eps-converted-to.pdf  used 
on input line 1.
(pdftex.def)             Requested size: 507.88533pt x 507.88051pt.
 [14

]
Chapter 3.
<Images/theoretical/ofdm/ofdm_psd_mod.png, id=697, 722.7pt x 433.62pt>
File: Images/theoretical/ofdm/ofdm_psd_mod.png Graphic file (type png)
<use Images/theoretical/ofdm/ofdm_psd_mod.png>
Package pdftex.def Info: Images/theoretical/ofdm/ofdm_psd_mod.png  used on inpu
t line 13.
(pdftex.def)             Requested size: 318.66948pt x 191.20361pt.
[15

 <./Images/theoretical/ofdm/ofdm_psd_mod.png>]
<Images/theoretical/ofdm/ofdm_transmit.png, id=713, 144.44966pt x 74.98012pt>
File: Images/theoretical/ofdm/ofdm_transmit.png Graphic file (type png)
<use Images/theoretical/ofdm/ofdm_transmit.png>
Package pdftex.def Info: Images/theoretical/ofdm/ofdm_transmit.png  used on inp
ut line 44.
(pdftex.def)             Requested size: 318.66948pt x 165.42581pt.
 [16]
<Images/theoretical/ofdm/ofdm_receive.png, id=730, 353.8821pt x 160.4394pt>
File: Images/theoretical/ofdm/ofdm_receive.png Graphic file (type png)
<use Images/theoretical/ofdm/ofdm_receive.png>
Package pdftex.def Info: Images/theoretical/ofdm/ofdm_receive.png  used on inpu
t line 53.
(pdftex.def)             Requested size: 318.66948pt x 144.47736pt.
<Images/theoretical/ofdm/no_cp_isi.png, id=733, 1779.64874pt x 665.48625pt>
File: Images/theoretical/ofdm/no_cp_isi.png Graphic file (type png)
<use Images/theoretical/ofdm/no_cp_isi.png>
Package pdftex.def Info: Images/theoretical/ofdm/no_cp_isi.png  used on input l
ine 67.
(pdftex.def)             Requested size: 320.32295pt x 119.78235pt.
<Images/theoretical/ofdm/cp_isi.png, id=734, 1990.43625pt x 665.48625pt>
File: Images/theoretical/ofdm/cp_isi.png Graphic file (type png)
<use Images/theoretical/ofdm/cp_isi.png>
Package pdftex.def Info: Images/theoretical/ofdm/cp_isi.png  used on input line
 71.
(pdftex.def)             Requested size: 358.26306pt x 119.78235pt.
 [17 <./Images/theoretical/ofdm/ofdm_transmit.png> <./Images/theoretical/ofdm/o
fdm_receive.png>]
[18 <./Images/theoretical/ofdm/no_cp_isi.png> <./Images/theoretical/ofdm/cp_isi
.png>]
LaTeX Font Info:    Trying to load font information for U+bbm on input line 116
.
 (/opt/texlive/2024/texmf-dist/tex/latex/bbm-macros/ubbm.fd
File: ubbm.fd 1999/03/15 V 1.2 Font definition for bbm font - TH
)

LaTeX Warning: Reference `fig:fig:ofdm_receive' on page 19 undefined on input l
ine 119.

[19] [20] [21] [22] [23]
Package epstopdf Info: Source file: <Images/theoretical/windows/window_functs.e
ps>
(epstopdf)                    date: 2024-02-28 09:19:13
(epstopdf)                    size: 33747 bytes
(epstopdf)             Output file: <Images/theoretical/windows/window_functs-e
ps-converted-to.pdf>
(epstopdf)                    date: 2024-02-28 09:19:13
(epstopdf)                    size: 19372 bytes
(epstopdf)             Command: <repstopdf --outfile=Images/theoretical/windows
/window_functs-eps-converted-to.pdf Images/theoretical/windows/window_functs.ep
s>
(epstopdf)             \includegraphics on input line 292.
Package epstopdf Info: Output file is already uptodate.
<Images/theoretical/windows/window_functs-eps-converted-to.pdf, id=865, 433.62p
t x 289.08pt>
File: Images/theoretical/windows/window_functs-eps-converted-to.pdf Graphic fil
e (type pdf)
<use Images/theoretical/windows/window_functs-eps-converted-to.pdf>
Package pdftex.def Info: Images/theoretical/windows/window_functs-eps-converted
-to.pdf  used on input line 292.
(pdftex.def)             Requested size: 303.53192pt x 202.35461pt.
Package epstopdf Info: Source file: <Images/theoretical/windows/window_functs_f
req.eps>
(epstopdf)                    date: 2024-02-28 09:19:13
(epstopdf)                    size: 90095 bytes
(epstopdf)             Output file: <Images/theoretical/windows/window_functs_f
req-eps-converted-to.pdf>
(epstopdf)                    date: 2024-02-28 09:19:13
(epstopdf)                    size: 38552 bytes
(epstopdf)             Command: <repstopdf --outfile=Images/theoretical/windows
/window_functs_freq-eps-converted-to.pdf Images/theoretical/windows/window_func
ts_freq.eps>
(epstopdf)             \includegraphics on input line 296.
Package epstopdf Info: Output file is already uptodate.
<Images/theoretical/windows/window_functs_freq-eps-converted-to.pdf, id=866, 43
3.62pt x 289.08pt>
File: Images/theoretical/windows/window_functs_freq-eps-converted-to.pdf Graphi
c file (type pdf)
<use Images/theoretical/windows/window_functs_freq-eps-converted-to.pdf>
Package pdftex.def Info: Images/theoretical/windows/window_functs_freq-eps-conv
erted-to.pdf  used on input line 296.
(pdftex.def)             Requested size: 303.53192pt x 202.35461pt.
 [24] [25 <./Images/theoretical/windows/window_functs-eps-converted-to.pdf> <./
Images/theoretical/windows/window_functs_freq-eps-converted-to.pdf>]) (./Chapte
rs/TDDprocessing.tex [26]
Chapter 4.
<Images/TDDprocessing/CSIMatrix_DLULpattern.png, id=1014, 548.54938pt x 479.290
62pt>
File: Images/TDDprocessing/CSIMatrix_DLULpattern.png Graphic file (type png)
<use Images/TDDprocessing/CSIMatrix_DLULpattern.png>
Package pdftex.def Info: Images/TDDprocessing/CSIMatrix_DLULpattern.png  used o
n input line 12.
(pdftex.def)             Requested size: 227.62206pt x 198.87996pt.
[27


 <./Images/TDDprocessing/CSIMatrix_DLULpattern.png (PNG copy)>]
<Images/TDDprocessing/SpectralReplicasDLULpattern.png, id=1028, 540.0175pt x 35
9.84438pt>
File: Images/TDDprocessing/SpectralReplicasDLULpattern.png Graphic file (type p
ng)
<use Images/TDDprocessing/SpectralReplicasDLULpattern.png>
Package pdftex.def Info: Images/TDDprocessing/SpectralReplicasDLULpattern.png  
used on input line 23.
(pdftex.def)             Requested size: 250.38564pt x 166.84271pt.
 [28 <./Images/TDDprocessing/SpectralReplicasDLULpattern.png (PNG copy)>]
Package epstopdf Info: Source file: <Images/TDDprocessing/TDD_win.eps>
(epstopdf)                    date: 2024-01-14 18:04:20
(epstopdf)                    size: 21889 bytes
(epstopdf)             Output file: <Images/TDDprocessing/TDD_win-eps-converted
-to.pdf>
(epstopdf)                    date: 2024-01-14 18:04:20
(epstopdf)                    size: 15157 bytes
(epstopdf)             Command: <repstopdf --outfile=Images/TDDprocessing/TDD_w
in-eps-converted-to.pdf Images/TDDprocessing/TDD_win.eps>
(epstopdf)             \includegraphics on input line 44.
Package epstopdf Info: Output file is already uptodate.
<Images/TDDprocessing/TDD_win-eps-converted-to.pdf, id=1043, 463.7325pt x 347.2
975pt>
File: Images/TDDprocessing/TDD_win-eps-converted-to.pdf Graphic file (type pdf)

<use Images/TDDprocessing/TDD_win-eps-converted-to.pdf>
Package pdftex.def Info: Images/TDDprocessing/TDD_win-eps-converted-to.pdf  use
d on input line 44.
(pdftex.def)             Requested size: 227.2309pt x 170.17726pt.
<Images/TDDprocessing/periodogram_of_TDD_win1.png, id=1044, 462.528pt x 346.896
pt>
File: Images/TDDprocessing/periodogram_of_TDD_win1.png Graphic file (type png)
<use Images/TDDprocessing/periodogram_of_TDD_win1.png>
Package pdftex.def Info: Images/TDDprocessing/periodogram_of_TDD_win1.png  used
 on input line 48.
(pdftex.def)             Requested size: 223.40126pt x 167.55093pt.
 [29 <./Images/TDDprocessing/TDD_win-eps-converted-to.pdf> <./Images/TDDprocess
ing/periodogram_of_TDD_win1.png>]
Package epstopdf Info: Source file: <Images/TDDprocessing/TDDstrategies.eps>
(epstopdf)                    date: 2023-12-27 18:35:38
(epstopdf)                    size: 762792 bytes
(epstopdf)             Output file: <Images/TDDprocessing/TDDstrategies-eps-con
verted-to.pdf>
(epstopdf)                    date: 2023-12-27 18:35:38
(epstopdf)                    size: 165991 bytes
(epstopdf)             Command: <repstopdf --outfile=Images/TDDprocessing/TDDst
rategies-eps-converted-to.pdf Images/TDDprocessing/TDDstrategies.eps>
(epstopdf)             \includegraphics on input line 94.
Package epstopdf Info: Output file is already uptodate.
<Images/TDDprocessing/TDDstrategies-eps-converted-to.pdf, id=1105, 2499.3375pt 
x 523.9575pt>
File: Images/TDDprocessing/TDDstrategies-eps-converted-to.pdf Graphic file (typ
e pdf)
<use Images/TDDprocessing/TDDstrategies-eps-converted-to.pdf>
Package pdftex.def Info: Images/TDDprocessing/TDDstrategies-eps-converted-to.pd
f  used on input line 94.
(pdftex.def)             Requested size: 455.24411pt x 95.43556pt.
 [30 <./Images/TDDprocessing/TDDstrategies-eps-converted-to.pdf>] [31]
<Images/TDDprocessing/periodogram1FNoDec.png, id=1143, 309.7974pt x 293.4162pt>

File: Images/TDDprocessing/periodogram1FNoDec.png Graphic file (type png)
<use Images/TDDprocessing/periodogram1FNoDec.png>
Package pdftex.def Info: Images/TDDprocessing/periodogram1FNoDec.png  used on i
nput line 141.
(pdftex.def)             Requested size: 182.09486pt x 172.47382pt.
<Images/TDDprocessing/periodogram1FYesDec.png, id=1144, 309.40594pt x 292.84406
pt>
File: Images/TDDprocessing/periodogram1FYesDec.png Graphic file (type png)
<use Images/TDDprocessing/periodogram1FYesDec.png>
Package pdftex.def Info: Images/TDDprocessing/periodogram1FYesDec.png  used on 
input line 145.
(pdftex.def)             Requested size: 182.09486pt x 172.35199pt.
<Images/TDDprocessing/periodogram6frames.png, id=1145, 314.6154pt x 297.7524pt>

File: Images/TDDprocessing/periodogram6frames.png Graphic file (type png)
<use Images/TDDprocessing/periodogram6frames.png>
Package pdftex.def Info: Images/TDDprocessing/periodogram6frames.png  used on i
nput line 151.
(pdftex.def)             Requested size: 182.09486pt x 172.33759pt.
<Images/TDDprocessing/periodogram10frames.png, id=1146, 303.534pt x 291.489pt>
File: Images/TDDprocessing/periodogram10frames.png Graphic file (type png)
<use Images/TDDprocessing/periodogram10frames.png>
Package pdftex.def Info: Images/TDDprocessing/periodogram10frames.png  used on 
input line 155.
(pdftex.def)             Requested size: 182.09486pt x 174.86806pt.
 [32 <./Images/TDDprocessing/periodogram1FNoDec.png> <./Images/TDDprocessing/pe
riodogram1FYesDec.png> <./Images/TDDprocessing/periodogram6frames.png> <./Image
s/TDDprocessing/periodogram10frames.png>]
<Images/TDDprocessing/artefacts/1frames_periodogram.png, id=1166, 332.442pt x 3
25.215pt>
File: Images/TDDprocessing/artefacts/1frames_periodogram.png Graphic file (type
 png)
<use Images/TDDprocessing/artefacts/1frames_periodogram.png>
Package pdftex.def Info: Images/TDDprocessing/artefacts/1frames_periodogram.png
  used on input line 199.
(pdftex.def)             Requested size: 132.97444pt x 130.0837pt.

Underfull \hbox (badness 1460) in paragraph at lines 199--199
[][]\T1/cmr/m/n/10 (a)[][] []| Pe-ri-odogram gen-er-ated
 []


Underfull \hbox (badness 1158) in paragraph at lines 199--199
\T1/cmr/m/n/10 with 1 OFDM frame, dec-i-
 []

<Images/TDDprocessing/artefacts/2frames_periodogram.png, id=1167, 332.442pt x 3
25.215pt>
File: Images/TDDprocessing/artefacts/2frames_periodogram.png Graphic file (type
 png)
<use Images/TDDprocessing/artefacts/2frames_periodogram.png>
Package pdftex.def Info: Images/TDDprocessing/artefacts/2frames_periodogram.png
  used on input line 202.
(pdftex.def)             Requested size: 132.97444pt x 130.0837pt.
<Images/TDDprocessing/artefacts/3frames_periodogram.png, id=1168, 332.442pt x 3
25.215pt>
File: Images/TDDprocessing/artefacts/3frames_periodogram.png Graphic file (type
 png)
<use Images/TDDprocessing/artefacts/3frames_periodogram.png>
Package pdftex.def Info: Images/TDDprocessing/artefacts/3frames_periodogram.png
  used on input line 205.
(pdftex.def)             Requested size: 132.97444pt x 130.0837pt.
<Images/TDDprocessing/artefacts/4frames_periodogram.png, id=1169, 332.442pt x 3
25.215pt>
File: Images/TDDprocessing/artefacts/4frames_periodogram.png Graphic file (type
 png)
<use Images/TDDprocessing/artefacts/4frames_periodogram.png>
Package pdftex.def Info: Images/TDDprocessing/artefacts/4frames_periodogram.png
  used on input line 209.
(pdftex.def)             Requested size: 132.97444pt x 130.0837pt.
<Images/TDDprocessing/artefacts/5frames_periodogram.png, id=1170, 332.442pt x 3
25.215pt>
File: Images/TDDprocessing/artefacts/5frames_periodogram.png Graphic file (type
 png)
<use Images/TDDprocessing/artefacts/5frames_periodogram.png>
Package pdftex.def Info: Images/TDDprocessing/artefacts/5frames_periodogram.png
  used on input line 212.
(pdftex.def)             Requested size: 132.97444pt x 130.0837pt.
<Images/TDDprocessing/artefacts/6frames_periodogram.png, id=1171, 332.442pt x 3
25.215pt>
File: Images/TDDprocessing/artefacts/6frames_periodogram.png Graphic file (type
 png)
<use Images/TDDprocessing/artefacts/6frames_periodogram.png>
Package pdftex.def Info: Images/TDDprocessing/artefacts/6frames_periodogram.png
  used on input line 215.
(pdftex.def)             Requested size: 132.97444pt x 130.0837pt.
[33]) (./Chapters/radar_detect_threshold.tex [34 <./Images/TDDprocessing/artefa
cts/1frames_periodogram.png> <./Images/TDDprocessing/artefacts/2frames_periodog
ram.png> <./Images/TDDprocessing/artefacts/3frames_periodogram.png> <./Images/T
DDprocessing/artefacts/4frames_periodogram.png> <./Images/TDDprocessing/artefac
ts/5frames_periodogram.png> <./Images/TDDprocessing/artefacts/6frames_periodogr
am.png>] [35] [36]
<Images/radar_detect_threshold/cfar_abv_thresh.png, id=1246, 462.528pt x 346.89
6pt>
File: Images/radar_detect_threshold/cfar_abv_thresh.png Graphic file (type png)

<use Images/radar_detect_threshold/cfar_abv_thresh.png>
Package pdftex.def Info: Images/radar_detect_threshold/cfar_abv_thresh.png  use
d on input line 87.
(pdftex.def)             Requested size: 208.13567pt x 156.10175pt.
Package epstopdf Info: Source file: <Images/radar_detect_threshold/cfar_abv_thr
esh_PER.eps>
(epstopdf)                    date: 2024-02-09 17:44:14
(epstopdf)                    size: 1023452 bytes
(epstopdf)             Output file: <Images/radar_detect_threshold/cfar_abv_thr
esh_PER-eps-converted-to.pdf>
(epstopdf)                    date: 2024-02-09 17:44:14
(epstopdf)                    size: 26228 bytes
(epstopdf)             Command: <repstopdf --outfile=Images/radar_detect_thresh
old/cfar_abv_thresh_PER-eps-converted-to.pdf Images/radar_detect_threshold/cfar
_abv_thresh_PER.eps>
(epstopdf)             \includegraphics on input line 90.
Package epstopdf Info: Output file is already uptodate.
<Images/radar_detect_threshold/cfar_abv_thresh_PER-eps-converted-to.pdf, id=124
7, 463.7325pt x 347.2975pt>
File: Images/radar_detect_threshold/cfar_abv_thresh_PER-eps-converted-to.pdf Gr
aphic file (type pdf)
<use Images/radar_detect_threshold/cfar_abv_thresh_PER-eps-converted-to.pdf>
Package pdftex.def Info: Images/radar_detect_threshold/cfar_abv_thresh_PER-eps-
converted-to.pdf  used on input line 90.
(pdftex.def)             Requested size: 208.67769pt x 156.28242pt.
 [37 <./Images/radar_detect_threshold/cfar_abv_thresh.png> <./Images/radar_dete
ct_threshold/cfar_abv_thresh_PER-eps-converted-to.pdf>]
<Images/radar_detect_threshold/cacfar_pipeline.png, id=1307, 560.8152pt x 123.5
817pt>
File: Images/radar_detect_threshold/cacfar_pipeline.png Graphic file (type png)

<use Images/radar_detect_threshold/cacfar_pipeline.png>
Package pdftex.def Info: Images/radar_detect_threshold/cacfar_pipeline.png  use
d on input line 112.
(pdftex.def)             Requested size: 409.71692pt x 90.28552pt.

[38 <./Images/radar_detect_threshold/cacfar_pipeline.png>] [39]
<Images/radar_detect_threshold/ca_cfar_no_nlos_1.png, id=1340, 462.22687pt x 34
7.04657pt>
File: Images/radar_detect_threshold/ca_cfar_no_nlos_1.png Graphic file (type pn
g)
<use Images/radar_detect_threshold/ca_cfar_no_nlos_1.png>
Package pdftex.def Info: Images/radar_detect_threshold/ca_cfar_no_nlos_1.png  u
sed on input line 161.
(pdftex.def)             Requested size: 208.00017pt x 156.16951pt.
<Images/radar_detect_threshold/ca_cfar_no_nlos_PER_1.png, id=1341, 462.22687pt 
x 347.04657pt>
File: Images/radar_detect_threshold/ca_cfar_no_nlos_PER_1.png Graphic file (typ
e png)
<use Images/radar_detect_threshold/ca_cfar_no_nlos_PER_1.png>
Package pdftex.def Info: Images/radar_detect_threshold/ca_cfar_no_nlos_PER_1.pn
g  used on input line 164.
(pdftex.def)             Requested size: 208.00017pt x 156.16951pt.
 [40 <./Images/radar_detect_threshold/ca_cfar_no_nlos_1.png> <./Images/radar_de
tect_threshold/ca_cfar_no_nlos_PER_1.png>]
<Images/radar_detect_threshold/exp_thresh/per_NO_thresh.png, id=1359, 462.528pt
 x 346.896pt>
File: Images/radar_detect_threshold/exp_thresh/per_NO_thresh.png Graphic file (
type png)
<use Images/radar_detect_threshold/exp_thresh/per_NO_thresh.png>
Package pdftex.def Info: Images/radar_detect_threshold/exp_thresh/per_NO_thresh
.png  used on input line 212.
(pdftex.def)             Requested size: 208.13567pt x 156.10175pt.
<Images/radar_detect_threshold/exp_thresh/per_exp_thresh.png, id=1360, 462.528p
t x 346.896pt>
File: Images/radar_detect_threshold/exp_thresh/per_exp_thresh.png Graphic file 
(type png)
<use Images/radar_detect_threshold/exp_thresh/per_exp_thresh.png>
Package pdftex.def Info: Images/radar_detect_threshold/exp_thresh/per_exp_thres
h.png  used on input line 215.
(pdftex.def)             Requested size: 208.13567pt x 156.10175pt.
 [41]
<Images/radar_detect_threshold/clutter/crap_ecac_static/clutter_baseline1.png, 
id=1367, 332.442pt x 325.215pt>
File: Images/radar_detect_threshold/clutter/crap_ecac_static/clutter_baseline1.
png Graphic file (type png)
<use Images/radar_detect_threshold/clutter/crap_ecac_static/clutter_baseline1.p
ng>
Package pdftex.def Info: Images/radar_detect_threshold/clutter/crap_ecac_static
/clutter_baseline1.png  used on input line 227.
(pdftex.def)             Requested size: 132.97444pt x 130.0837pt.
<Images/radar_detect_threshold/clutter/crap_ecac_static/clutter_ecac1.png, id=1
368, 325.215pt x 325.215pt>
File: Images/radar_detect_threshold/clutter/crap_ecac_static/clutter_ecac1.png 
Graphic file (type png)
<use Images/radar_detect_threshold/clutter/crap_ecac_static/clutter_ecac1.png>
Package pdftex.def Info: Images/radar_detect_threshold/clutter/crap_ecac_static
/clutter_ecac1.png  used on input line 230.
(pdftex.def)             Requested size: 130.0837pt x 130.0837pt.
<Images/radar_detect_threshold/clutter/crap_ecac_static/clutter_crap1.png, id=1
369, 332.442pt x 325.215pt>
File: Images/radar_detect_threshold/clutter/crap_ecac_static/clutter_crap1.png 
Graphic file (type png)
<use Images/radar_detect_threshold/clutter/crap_ecac_static/clutter_crap1.png>
Package pdftex.def Info: Images/radar_detect_threshold/clutter/crap_ecac_static
/clutter_crap1.png  used on input line 233.
(pdftex.def)             Requested size: 132.97444pt x 130.0837pt.
<Images/radar_detect_threshold/clutter/crap_ecac_mov/clutter_baseline_mov1.png,
 id=1370, 332.442pt x 325.215pt>
File: Images/radar_detect_threshold/clutter/crap_ecac_mov/clutter_baseline_mov1
.png Graphic file (type png)
<use Images/radar_detect_threshold/clutter/crap_ecac_mov/clutter_baseline_mov1.
png>
Package pdftex.def Info: Images/radar_detect_threshold/clutter/crap_ecac_mov/cl
utter_baseline_mov1.png  used on input line 237.
(pdftex.def)             Requested size: 132.97444pt x 130.0837pt.
<Images/radar_detect_threshold/clutter/crap_ecac_mov/clutter_ecac_mov1.png, id=
1371, 332.442pt x 325.215pt>
File: Images/radar_detect_threshold/clutter/crap_ecac_mov/clutter_ecac_mov1.png
 Graphic file (type png)
<use Images/radar_detect_threshold/clutter/crap_ecac_mov/clutter_ecac_mov1.png>

Package pdftex.def Info: Images/radar_detect_threshold/clutter/crap_ecac_mov/cl
utter_ecac_mov1.png  used on input line 240.
(pdftex.def)             Requested size: 132.97444pt x 130.0837pt.
<Images/radar_detect_threshold/clutter/crap_ecac_mov/clutter_crap_mov1.png, id=
1372, 332.442pt x 325.215pt>
File: Images/radar_detect_threshold/clutter/crap_ecac_mov/clutter_crap_mov1.png
 Graphic file (type png)
<use Images/radar_detect_threshold/clutter/crap_ecac_mov/clutter_crap_mov1.png>

Package pdftex.def Info: Images/radar_detect_threshold/clutter/crap_ecac_mov/cl
utter_crap_mov1.png  used on input line 243.
(pdftex.def)             Requested size: 132.97444pt x 130.0837pt.
 [42 <./Images/radar_detect_threshold/exp_thresh/per_NO_thresh.png> <./Images/r
adar_detect_threshold/exp_thresh/per_exp_thresh.png>] [43 <./Images/radar_detec
t_threshold/clutter/crap_ecac_static/clutter_baseline1.png> <./Images/radar_det
ect_threshold/clutter/crap_ecac_static/clutter_ecac1.png> <./Images/radar_detec
t_threshold/clutter/crap_ecac_static/clutter_crap1.png> <./Images/radar_detect_
threshold/clutter/crap_ecac_mov/clutter_baseline_mov1.png> <./Images/radar_dete
ct_threshold/clutter/crap_ecac_mov/clutter_ecac_mov1.png> <./Images/radar_detec
t_threshold/clutter/crap_ecac_mov/clutter_crap_mov1.png>]
<Images/radar_detect_threshold/clutter/clutter_mov_target1.png, id=1419, 462.52
8pt x 346.896pt>
File: Images/radar_detect_threshold/clutter/clutter_mov_target1.png Graphic fil
e (type png)
<use Images/radar_detect_threshold/clutter/clutter_mov_target1.png>
Package pdftex.def Info: Images/radar_detect_threshold/clutter/clutter_mov_targ
et1.png  used on input line 279.
(pdftex.def)             Requested size: 226.64069pt x 169.98051pt.
<Images/radar_detect_threshold/clutter/clutter_stat_target1.png, id=1420, 462.5
28pt x 346.896pt>
File: Images/radar_detect_threshold/clutter/clutter_stat_target1.png Graphic fi
le (type png)
<use Images/radar_detect_threshold/clutter/clutter_stat_target1.png>
Package pdftex.def Info: Images/radar_detect_threshold/clutter/clutter_stat_tar
get1.png  used on input line 282.
(pdftex.def)             Requested size: 226.64069pt x 169.98051pt.
Package epstopdf Info: Source file: <Images/Test1/cali_static_per_t1.eps>
(epstopdf)                    date: 2024-01-06 17:36:29
(epstopdf)                    size: 22147 bytes
(epstopdf)             Output file: <Images/Test1/cali_static_per_t1-eps-conver
ted-to.pdf>
(epstopdf)                    date: 2024-01-06 17:36:29
(epstopdf)                    size: 13983 bytes
(epstopdf)             Command: <repstopdf --outfile=Images/Test1/cali_static_p
er_t1-eps-converted-to.pdf Images/Test1/cali_static_per_t1.eps>
(epstopdf)             \includegraphics on input line 307.
Package epstopdf Info: Output file is already uptodate.
<Images/Test1/cali_static_per_t1-eps-converted-to.pdf, id=1429, 463.7325pt x 34
7.2975pt>
File: Images/Test1/cali_static_per_t1-eps-converted-to.pdf Graphic file (type p
df)
<use Images/Test1/cali_static_per_t1-eps-converted-to.pdf>
Package pdftex.def Info: Images/Test1/cali_static_per_t1-eps-converted-to.pdf  
used on input line 307.
(pdftex.def)             Requested size: 273.14923pt x 204.56989pt.
 [44 <./Images/radar_detect_threshold/clutter/clutter_mov_target1.png> <./Image
s/radar_detect_threshold/clutter/clutter_stat_target1.png>]
<Images/Test1/nlos-los-separation.png, id=1443, 760.34062pt x 344.78813pt>
File: Images/Test1/nlos-los-separation.png Graphic file (type png)
<use Images/Test1/nlos-los-separation.png>
Package pdftex.def Info: Images/Test1/nlos-los-separation.png  used on input li
ne 320.
(pdftex.def)             Requested size: 500.77129pt x 227.08737pt.

Overfull \hbox (45.52718pt too wide) in paragraph at lines 320--323
 [][] 
 []

[45 <./Images/Test1/cali_static_per_t1-eps-converted-to.pdf> <./Images/Test1/nl
os-los-separation.PNG>]
<Images/Test1/NLOS-proc-pipeline_wide_text12.png, id=1491, 442.599pt x 210.021p
t>
File: Images/Test1/NLOS-proc-pipeline_wide_text12.png Graphic file (type png)
<use Images/Test1/NLOS-proc-pipeline_wide_text12.png>
Package pdftex.def Info: Images/Test1/NLOS-proc-pipeline_wide_text12.png  used 
on input line 339.
(pdftex.def)             Requested size: 364.19667pt x 172.81758pt.
) (./Chapters/Tests1.tex [46 <./Images/Test1/NLOS-proc-pipeline_wide_text12.png
>]
Chapter 5.
<Images/Test1/arena_plan.png, id=1507, 439.6425pt x 410.4936pt>
File: Images/Test1/arena_plan.png Graphic file (type png)
<use Images/Test1/arena_plan.png>
Package pdftex.def Info: Images/Test1/arena_plan.png  used on input line 27.
(pdftex.def)             Requested size: 273.14923pt x 255.04834pt.
[47


] [48 <./Images/Test1/arena_plan.png>]
<Images/Test1/base-lateral_view_los_geometry.png, id=1530, 2140.99875pt x 1056.
94875pt>
File: Images/Test1/base-lateral_view_los_geometry.png Graphic file (type png)
<use Images/Test1/base-lateral_view_los_geometry.png>
Package pdftex.def Info: Images/Test1/base-lateral_view_los_geometry.png  used 
on input line 53.
(pdftex.def)             Requested size: 455.24411pt x 224.73975pt.

Overfull \hbox (3.91571pt too wide) in paragraph at lines 53--54
 [][] 
 []

<Images/Test1/base-top_view.png, id=1531, 509.5035pt x 116.3547pt>
File: Images/Test1/base-top_view.png Graphic file (type png)
<use Images/Test1/base-top_view.png>
Package pdftex.def Info: Images/Test1/base-top_view.png  used on input line 57.

(pdftex.def)             Requested size: 455.24411pt x 103.9637pt.

Overfull \hbox (7.83142pt too wide) in paragraph at lines 57--58
 [][] 
 []

[49 <./Images/Test1/base-lateral_view_los_geometry.png> <./Images/Test1/base-to
p_view.png>]
<Images/Test1/per_strong_ref/linear_1frame_dec_CRAP.png, id=1560, 462.528pt x 3
46.896pt>
File: Images/Test1/per_strong_ref/linear_1frame_dec_CRAP.png Graphic file (type
 png)
<use Images/Test1/per_strong_ref/linear_1frame_dec_CRAP.png>
Package pdftex.def Info: Images/Test1/per_strong_ref/linear_1frame_dec_CRAP.png
  used on input line 95.
(pdftex.def)             Requested size: 208.13567pt x 156.10175pt.
<Images/Test1/per_strong_ref/db_1frame_dec_CRAP_labelled_text22.png, id=1561, 4
62.22687pt x 347.04657pt>
File: Images/Test1/per_strong_ref/db_1frame_dec_CRAP_labelled_text22.png Graphi
c file (type png)
<use Images/Test1/per_strong_ref/db_1frame_dec_CRAP_labelled_text22.png>
Package pdftex.def Info: Images/Test1/per_strong_ref/db_1frame_dec_CRAP_labelle
d_text22.png  used on input line 98.
(pdftex.def)             Requested size: 208.00017pt x 156.16951pt.
<Images/Test1/per_strong_ref/db_1frame_dec_CRAP_HUMAN_labelled_text22.png, id=1
562, 462.528pt x 346.896pt>
File: Images/Test1/per_strong_ref/db_1frame_dec_CRAP_HUMAN_labelled_text22.png 
Graphic file (type png)
<use Images/Test1/per_strong_ref/db_1frame_dec_CRAP_HUMAN_labelled_text22.png>
Package pdftex.def Info: Images/Test1/per_strong_ref/db_1frame_dec_CRAP_HUMAN_l
abelled_text22.png  used on input line 101.
(pdftex.def)             Requested size: 208.13567pt x 156.10175pt.
 [50]
<Images/Test1/detect_hist/detect_hist_cabinet_LMsans.png, id=1589, 393.762pt x 
249.222pt>
File: Images/Test1/detect_hist/detect_hist_cabinet_LMsans.png Graphic file (typ
e png)
<use Images/Test1/detect_hist/detect_hist_cabinet_LMsans.png>
Package pdftex.def Info: Images/Test1/detect_hist/detect_hist_cabinet_LMsans.pn
g  used on input line 113.
(pdftex.def)             Requested size: 318.66948pt x 201.69757pt.
 [51 <./Images/Test1/per_strong_ref/linear_1frame_dec_CRAP.png> <./Images/Test1
/per_strong_ref/db_1frame_dec_CRAP_labelled_text22.png> <./Images/Test1/per_str
ong_ref/db_1frame_dec_CRAP_HUMAN_labelled_text22.png>]
Package epstopdf Info: Source file: <Images/Test1/kf_track.eps>
(epstopdf)                    date: 2024-01-14 18:04:20
(epstopdf)                    size: 40661 bytes
(epstopdf)             Output file: <Images/Test1/kf_track-eps-converted-to.pdf
>
(epstopdf)                    date: 2024-01-14 18:04:20
(epstopdf)                    size: 35005 bytes
(epstopdf)             Command: <repstopdf --outfile=Images/Test1/kf_track-eps-
converted-to.pdf Images/Test1/kf_track.eps>
(epstopdf)             \includegraphics on input line 120.
Package epstopdf Info: Output file is already uptodate.
<Images/Test1/kf_track-eps-converted-to.pdf, id=1604, 463.7325pt x 347.2975pt>
File: Images/Test1/kf_track-eps-converted-to.pdf Graphic file (type pdf)
<use Images/Test1/kf_track-eps-converted-to.pdf>
Package pdftex.def Info: Images/Test1/kf_track-eps-converted-to.pdf  used on in
put line 120.
(pdftex.def)             Requested size: 318.66948pt x 238.66045pt.

[52 <./Images/Test1/detect_hist/detect_hist_cabinet_LMsans.png>]
<Images/Test1/Human_crap_ecac/crap_labelled.png, id=1618, 462.528pt x 346.896pt
>
File: Images/Test1/Human_crap_ecac/crap_labelled.png Graphic file (type png)
<use Images/Test1/Human_crap_ecac/crap_labelled.png>
Package pdftex.def Info: Images/Test1/Human_crap_ecac/crap_labelled.png  used o
n input line 142.
(pdftex.def)             Requested size: 208.13567pt x 156.10175pt.
<Images/Test1/Human_crap_ecac/ecac_labelled.png, id=1619, 462.528pt x 346.896pt
>
File: Images/Test1/Human_crap_ecac/ecac_labelled.png Graphic file (type png)
<use Images/Test1/Human_crap_ecac/ecac_labelled.png>
Package pdftex.def Info: Images/Test1/Human_crap_ecac/ecac_labelled.png  used o
n input line 145.
(pdftex.def)             Requested size: 208.13567pt x 156.10175pt.
 [53 <./Images/Test1/kf_track-eps-converted-to.pdf>]
<Images/Test1/detect_hist/detect_hist_human_LMsans.png, id=1671, 387.63pt x 231
.702pt>
File: Images/Test1/detect_hist/detect_hist_human_LMsans.png Graphic file (type 
png)
<use Images/Test1/detect_hist/detect_hist_human_LMsans.png>
Package pdftex.def Info: Images/Test1/detect_hist/detect_hist_human_LMsans.png 
 used on input line 160.
(pdftex.def)             Requested size: 318.66948pt x 190.48123pt.
 [54 <./Images/Test1/Human_crap_ecac/crap_labelled.png> <./Images/Test1/Human_c
rap_ecac/ecac_labelled.png> <./Images/Test1/detect_hist/detect_hist_human_LMsan
s.png>]
<Images/Test1/detect_hist/detect_hist_human_ECAC_LMsans.png, id=1685, 397.266pt
 x 266.085pt>
File: Images/Test1/detect_hist/detect_hist_human_ECAC_LMsans.png Graphic file (
type png)
<use Images/Test1/detect_hist/detect_hist_human_ECAC_LMsans.png>
Package pdftex.def Info: Images/Test1/detect_hist/detect_hist_human_ECAC_LMsans
.png  used on input line 175.
(pdftex.def)             Requested size: 318.66948pt x 213.44888pt.
 [55 <./Images/Test1/detect_hist/detect_hist_human_ECAC_LMsans.png>]
<Images/exec_specific/detect_mov_avg_bluepoli_highlighted.png, id=1708, 392.426
1pt x 302.0886pt>
File: Images/exec_specific/detect_mov_avg_bluepoli_highlighted.png Graphic file
 (type png)
<use Images/exec_specific/detect_mov_avg_bluepoli_highlighted.png>
Package pdftex.def Info: Images/exec_specific/detect_mov_avg_bluepoli_highlight
ed.png  used on input line 201.
(pdftex.def)             Requested size: 318.66948pt x 245.32191pt.
) (./Chapters/Outlook.tex [56 <./Images/exec_specific/detect_mov_avg_bluepoli_h
ighlighted.png>]
Chapter 6.
) (./Thesis_Tosi.bbl [57


]
Package epstopdf Info: Source file: <./Images/./raggiera_polimi.eps>
(epstopdf)                    date: 2023-12-27 18:35:38
(epstopdf)                    size: 1813066 bytes
(epstopdf)             Output file: <./Images/./raggiera_polimi-eps-converted-t
o.pdf>
(epstopdf)                    date: 2023-12-27 18:35:38
(epstopdf)                    size: 40456 bytes
(epstopdf)             Command: <repstopdf --outfile=./Images/./raggiera_polimi
-eps-converted-to.pdf ./Images/./raggiera_polimi.eps>
(epstopdf)             \includegraphics on input line 1.
Package epstopdf Info: Output file is already uptodate.
File: ./Images/./raggiera_polimi-eps-converted-to.pdf Graphic file (type pdf)
<use ./Images/./raggiera_polimi-eps-converted-to.pdf>
Package pdftex.def Info: ./Images/./raggiera_polimi-eps-converted-to.pdf  used 
on input line 1.
(pdftex.def)             Requested size: 507.88533pt x 507.88051pt.
 [58

]
Underfull \hbox (badness 10000) in paragraph at lines 36--41
[]\T1/cmr/m/n/12 Harish Viswanathan and Thorsten Wild.  Build-ing a net-work
 []


Underfull \hbox (badness 10000) in paragraph at lines 36--41
\T1/cmr/m/n/12 with a sixth sense.  [][]$\T1/cmtt/m/n/12 https : / / www . bell
-[]labs . com / institute / blog /
 []

[59

] [60] [61]
Underfull \hbox (badness 10000) in paragraph at lines 205--209
[]\T1/cmr/m/n/12 Julius O. Smith.  \T1/cmr/m/it/12 Spec-tral Au-dio Sig-nal Pro
-cess-ing\T1/cmr/m/n/12 .
 []

) [62] (./Thesis_Tosi.acr [63

]
Package epstopdf Info: Source file: <./Images/./raggiera_polimi.eps>
(epstopdf)                    date: 2023-12-27 18:35:38
(epstopdf)                    size: 1813066 bytes
(epstopdf)             Output file: <./Images/./raggiera_polimi-eps-converted-t
o.pdf>
(epstopdf)                    date: 2023-12-27 18:35:38
(epstopdf)                    size: 40456 bytes
(epstopdf)             Command: <repstopdf --outfile=./Images/./raggiera_polimi
-eps-converted-to.pdf ./Images/./raggiera_polimi.eps>
(epstopdf)             \includegraphics on input line 1.
Package epstopdf Info: Output file is already uptodate.
File: ./Images/./raggiera_polimi-eps-converted-to.pdf Graphic file (type pdf)
<use ./Images/./raggiera_polimi-eps-converted-to.pdf>
Package pdftex.def Info: ./Images/./raggiera_polimi-eps-converted-to.pdf  used 
on input line 1.
(pdftex.def)             Requested size: 507.88533pt x 507.88051pt.
 [64

] [65


] [66]) [67]
Package epstopdf Info: Source file: <./Images/./raggiera_polimi.eps>
(epstopdf)                    date: 2023-12-27 18:35:38
(epstopdf)                    size: 1813066 bytes
(epstopdf)             Output file: <./Images/./raggiera_polimi-eps-converted-t
o.pdf>
(epstopdf)                    date: 2023-12-27 18:35:38
(epstopdf)                    size: 40456 bytes
(epstopdf)             Command: <repstopdf --outfile=./Images/./raggiera_polimi
-eps-converted-to.pdf ./Images/./raggiera_polimi.eps>
(epstopdf)             \includegraphics on input line 270.
Package epstopdf Info: Output file is already uptodate.
File: ./Images/./raggiera_polimi-eps-converted-to.pdf Graphic file (type pdf)
<use ./Images/./raggiera_polimi-eps-converted-to.pdf>
Package pdftex.def Info: ./Images/./raggiera_polimi-eps-converted-to.pdf  used 
on input line 270.
(pdftex.def)             Requested size: 507.88533pt x 507.88051pt.
 [68

] [69

] [70]
(./Thesis_Tosi.lof [71


])
\tf@lof=\write9
\openout9 = `Thesis_Tosi.lof'.

 [72] (./Thesis_Tosi.lot)
\tf@lot=\write10
\openout10 = `Thesis_Tosi.lot'.

 [73


]
Package epstopdf Info: Source file: <./Images/./raggiera_polimi.eps>
(epstopdf)                    date: 2023-12-27 18:35:38
(epstopdf)                    size: 1813066 bytes
(epstopdf)             Output file: <./Images/./raggiera_polimi-eps-converted-t
o.pdf>
(epstopdf)                    date: 2023-12-27 18:35:38
(epstopdf)                    size: 40456 bytes
(epstopdf)             Command: <repstopdf --outfile=./Images/./raggiera_polimi
-eps-converted-to.pdf ./Images/./raggiera_polimi.eps>
(epstopdf)             \includegraphics on input line 321.
Package epstopdf Info: Output file is already uptodate.
File: ./Images/./raggiera_polimi-eps-converted-to.pdf Graphic file (type pdf)
<use ./Images/./raggiera_polimi-eps-converted-to.pdf>
Package pdftex.def Info: ./Images/./raggiera_polimi-eps-converted-to.pdf  used 
on input line 321.
(pdftex.def)             Requested size: 507.88533pt x 507.88051pt.
 [74

] [75

]
Package epstopdf Info: Source file: <./Images/./raggiera_polimi.eps>
(epstopdf)                    date: 2023-12-27 18:35:38
(epstopdf)                    size: 1813066 bytes
(epstopdf)             Output file: <./Images/./raggiera_polimi-eps-converted-t
o.pdf>
(epstopdf)                    date: 2023-12-27 18:35:38
(epstopdf)                    size: 40456 bytes
(epstopdf)             Command: <repstopdf --outfile=./Images/./raggiera_polimi
-eps-converted-to.pdf ./Images/./raggiera_polimi.eps>
(epstopdf)             \includegraphics on input line 345.
Package epstopdf Info: Output file is already uptodate.
File: ./Images/./raggiera_polimi-eps-converted-to.pdf Graphic file (type pdf)
<use ./Images/./raggiera_polimi-eps-converted-to.pdf>
Package pdftex.def Info: ./Images/./raggiera_polimi-eps-converted-to.pdf  used 
on input line 345.
(pdftex.def)             Requested size: 507.88533pt x 507.88051pt.
 [76

]

Package caption Warning: Unused \captionsetup[algorithm] on input line 13.
See the caption package documentation for explanation.

(./Thesis_Tosi.aux)
 ***********
LaTeX2e <2023-11-01> patch level 1
L3 programming layer <2024-02-20>
 ***********


LaTeX Warning: There were undefined references.

Package rerunfilecheck Info: File `Thesis_Tosi.out' has not changed.
(rerunfilecheck)             Checksum: 7E3F3C1F8C450F4A9D9101B11CF094AB;10822.
 ) 
Here is how much of TeX's memory you used:
 39390 strings out of 474116
 753415 string characters out of 5746706
 1947187 words of memory out of 5000000
 60593 multiletter control sequences out of 15000+600000
 589693 words of font info for 116 fonts, out of 8000000 for 9000
 1141 hyphenation exceptions out of 8191
 94i,34n,93p,2345b,751s stack positions out of 10000i,1000n,20000p,200000b,200000s

pdfTeX warning (dest): name{glo:pg} has been referenced but does not exist, rep
laced by a fixed one


pdfTeX warning (dest): name{glo:iot} has been referenced but does not exist, re
placed by a fixed one

 </home/paolo/.config/texlive/2024/texmf-var/fonts/pk/ljfour/public/bbm/bbm12.6
00pk></opt/texlive/2024/texmf-dist/fonts/type1/public/amsfonts/cm/cmbx12.pfb></
opt/texlive/2024/texmf-dist/fonts/type1/public/amsfonts/cm/cmbx8.pfb></opt/texl
ive/2024/texmf-dist/fonts/type1/public/amsfonts/cm/cmex10.pfb></opt/texlive/202
4/texmf-dist/fonts/type1/public/amsfonts/cm/cmmi10.pfb></opt/texlive/2024/texmf
-dist/fonts/type1/public/amsfonts/cm/cmmi12.pfb></opt/texlive/2024/texmf-dist/f
onts/type1/public/amsfonts/cm/cmmi6.pfb></opt/texlive/2024/texmf-dist/fonts/typ
e1/public/amsfonts/cm/cmmi8.pfb></opt/texlive/2024/texmf-dist/fonts/type1/publi
c/amsfonts/cm/cmmib10.pfb></opt/texlive/2024/texmf-dist/fonts/type1/public/amsf
onts/cm/cmr10.pfb></opt/texlive/2024/texmf-dist/fonts/type1/public/amsfonts/cm/
cmr12.pfb></opt/texlive/2024/texmf-dist/fonts/type1/public/amsfonts/cm/cmr6.pfb
></opt/texlive/2024/texmf-dist/fonts/type1/public/amsfonts/cm/cmr8.pfb></opt/te
xlive/2024/texmf-dist/fonts/type1/public/amsfonts/cm/cmsy10.pfb></opt/texlive/2
024/texmf-dist/fonts/type1/public/amsfonts/cm/cmsy8.pfb></opt/texlive/2024/texm
f-dist/fonts/type1/public/amsfonts/symbols/msam10.pfb></opt/texlive/2024/texmf-
dist/fonts/type1/public/amsfonts/symbols/msbm10.pfb></opt/texlive/2024/texmf-di
st/fonts/type1/public/cm-super/sfbi1200.pfb></opt/texlive/2024/texmf-dist/fonts
/type1/public/cm-super/sfbx1200.pfb></opt/texlive/2024/texmf-dist/fonts/type1/p
ublic/cm-super/sfrm0600.pfb></opt/texlive/2024/texmf-dist/fonts/type1/public/cm
-super/sfrm0700.pfb></opt/texlive/2024/texmf-dist/fonts/type1/public/cm-super/s
frm0800.pfb></opt/texlive/2024/texmf-dist/fonts/type1/public/cm-super/sfrm1000.
pfb></opt/texlive/2024/texmf-dist/fonts/type1/public/cm-super/sfrm1200.pfb></op
t/texlive/2024/texmf-dist/fonts/type1/public/cm-super/sfrm1728.pfb></opt/texliv
e/2024/texmf-dist/fonts/type1/public/cm-super/sfti1200.pfb></opt/texlive/2024/t
exmf-dist/fonts/type1/public/cm-super/sftt1200.pfb></opt/texlive/2024/texmf-dis
t/fonts/type1/public/cm-super/sfxc1200.pfb>
Output written on Thesis_Tosi.pdf (86 pages, 8933736 bytes).
PDF statistics:
 2078 PDF objects out of 2487 (max. 8388607)
 1578 compressed objects within 16 object streams
 423 named destinations out of 1000 (max. 500000)
 747 words of extra memory for PDF output out of 10000 (max. 10000000)

