This is pdfTeX, Version 3.141592653-2.6-1.40.25 (TeX Live 2023) (preloaded format=pdflatex 2024.1.2)  27 JAN 2024 17:18
entering extended mode
 restricted \write18 enabled.
 %&-line parsing enabled.
**Thesis.tex
(./Thesis.tex
LaTeX2e <2023-11-01>
L3 programming layer <2023-12-11>
(./Configuration_Files/PoliMi3i_thesis.cls
Document Class: Configuration_Files/PoliMi3i_thesis 2021/6/30 PoliMi3i thesis s
ubmission class
(c:/texlive/2023/texmf-dist/tex/latex/base/book.cls
Document Class: book 2023/05/17 v1.4n Standard LaTeX document class
(c:/texlive/2023/texmf-dist/tex/latex/base/bk12.clo
File: bk12.clo 2023/05/17 v1.4n Standard LaTeX file (size option)
)
\c@part=\count187
\c@chapter=\count188
\c@section=\count189
\c@subsection=\count190
\c@subsubsection=\count191
\c@paragraph=\count192
\c@subparagraph=\count193
\c@figure=\count194
\c@table=\count195
\abovecaptionskip=\skip48
\belowcaptionskip=\skip49
\bibindent=\dimen140
)
(c:/texlive/2023/texmf-dist/tex/latex/geometry/geometry.sty
Package: geometry 2020/01/02 v5.9 Page Geometry

(c:/texlive/2023/texmf-dist/tex/latex/graphics/keyval.sty
Package: keyval 2022/05/29 v1.15 key=value parser (DPC)
\KV@toks@=\toks17
)
(c:/texlive/2023/texmf-dist/tex/generic/iftex/ifvtex.sty
Package: ifvtex 2019/10/25 v1.7 ifvtex legacy package. Use iftex instead.

(c:/texlive/2023/texmf-dist/tex/generic/iftex/iftex.sty
Package: iftex 2022/02/03 v1.0f TeX engine tests
))
\Gm@cnth=\count196
\Gm@cntv=\count197
\c@Gm@tempcnt=\count198
\Gm@bindingoffset=\dimen141
\Gm@wd@mp=\dimen142
\Gm@odd@mp=\dimen143
\Gm@even@mp=\dimen144
\Gm@layoutwidth=\dimen145
\Gm@layoutheight=\dimen146
\Gm@layouthoffset=\dimen147
\Gm@layoutvoffset=\dimen148
\Gm@dimlist=\toks18
)
(c:/texlive/2023/texmf-dist/tex/latex/caption/caption.sty
Package: caption 2023/08/05 v3.6o Customizing captions (AR)

(c:/texlive/2023/texmf-dist/tex/latex/caption/caption3.sty
Package: caption3 2023/07/31 v2.4d caption3 kernel (AR)
\caption@tempdima=\dimen149
\captionmargin=\dimen150
\caption@leftmargin=\dimen151
\caption@rightmargin=\dimen152
\caption@width=\dimen153
\caption@indent=\dimen154
\caption@parindent=\dimen155
\caption@hangindent=\dimen156
Package caption Info: Standard document class detected.
)
\c@caption@flags=\count199
\c@continuedfloat=\count266
)
(c:/texlive/2023/texmf-dist/tex/latex/xkeyval/xkeyval.sty
Package: xkeyval 2022/06/16 v2.9 package option processing (HA)

(c:/texlive/2023/texmf-dist/tex/generic/xkeyval/xkeyval.tex
(c:/texlive/2023/texmf-dist/tex/generic/xkeyval/xkvutils.tex
\XKV@toks=\toks19
\XKV@tempa@toks=\toks20
)
\XKV@depth=\count267
File: xkeyval.tex 2014/12/03 v2.7a key=value parser (HA)
)))
(c:/texlive/2023/texmf-dist/tex/latex/parskip/parskip.sty
Package: parskip 2021-03-14 v2.0h non-zero parskip adjustments

(c:/texlive/2023/texmf-dist/tex/latex/kvoptions/kvoptions.sty
Package: kvoptions 2022-06-15 v3.15 Key value format for package options (HO)

(c:/texlive/2023/texmf-dist/tex/generic/ltxcmds/ltxcmds.sty
Package: ltxcmds 2023-12-04 v1.26 LaTeX kernel commands for general use (HO)
)
(c:/texlive/2023/texmf-dist/tex/latex/kvsetkeys/kvsetkeys.sty
Package: kvsetkeys 2022-10-05 v1.19 Key value parser (HO)
))
(c:/texlive/2023/texmf-dist/tex/latex/etoolbox/etoolbox.sty
Package: etoolbox 2020/10/05 v2.5k e-TeX tools for LaTeX (JAW)
\etb@tempcnta=\count268
))
(c:/texlive/2023/texmf-dist/tex/latex/setspace/setspace.sty
Package: setspace 2022/12/04 v6.7b set line spacing
)
(c:/texlive/2023/texmf-dist/tex/latex/emptypage/emptypage.sty
Package: emptypage 2010/05/30 v1.2 Suppress page numbers and headings on empty 
pages
)
(c:/texlive/2023/texmf-dist/tex/latex/tools/multicol.sty
Package: multicol 2023/03/30 v1.9f multicolumn formatting (FMi)
\c@tracingmulticols=\count269
\mult@box=\box51
\multicol@leftmargin=\dimen157
\c@unbalance=\count270
\c@collectmore=\count271
\doublecol@number=\count272
\multicoltolerance=\count273
\multicolpretolerance=\count274
\full@width=\dimen158
\page@free=\dimen159
\premulticols=\dimen160
\postmulticols=\dimen161
\multicolsep=\skip50
\multicolbaselineskip=\skip51
\partial@page=\box52
\last@line=\box53
\mc@boxedresult=\box54
\maxbalancingoverflow=\dimen162
\mult@rightbox=\box55
\mult@grightbox=\box56
\mult@firstbox=\box57
\mult@gfirstbox=\box58
\@tempa=\box59
\@tempa=\box60
\@tempa=\box61
\@tempa=\box62
\@tempa=\box63
\@tempa=\box64
\@tempa=\box65
\@tempa=\box66
\@tempa=\box67
\@tempa=\box68
\@tempa=\box69
\@tempa=\box70
\@tempa=\box71
\@tempa=\box72
\@tempa=\box73
\@tempa=\box74
\@tempa=\box75
\@tempa=\box76
\@tempa=\box77
\@tempa=\box78
\@tempa=\box79
\@tempa=\box80
\@tempa=\box81
\@tempa=\box82
\@tempa=\box83
\@tempa=\box84
\@tempa=\box85
\@tempa=\box86
\@tempa=\box87
\@tempa=\box88
\@tempa=\box89
\@tempa=\box90
\@tempa=\box91
\@tempa=\box92
\@tempa=\box93
\@tempa=\box94
\c@minrows=\count275
\c@columnbadness=\count276
\c@finalcolumnbadness=\count277
\last@try=\dimen163
\multicolovershoot=\dimen164
\multicolundershoot=\dimen165
\mult@nat@firstbox=\box95
\colbreak@box=\box96
\mc@col@check@num=\count278
)
(c:/texlive/2023/texmf-dist/tex/latex/titlesec/titlesec.sty
Package: titlesec 2023/10/27 v2.16 Sectioning titles
\ttl@box=\box97
\beforetitleunit=\skip52
\aftertitleunit=\skip53
\ttl@plus=\dimen166
\ttl@minus=\dimen167
\ttl@toksa=\toks21
\titlewidth=\dimen168
\titlewidthlast=\dimen169
\titlewidthfirst=\dimen170
)
(c:/texlive/2023/texmf-dist/tex/latex/graphics/color.sty
Package: color 2022/01/06 v1.3d Standard LaTeX Color (DPC)

(c:/texlive/2023/texmf-dist/tex/latex/graphics-cfg/color.cfg
File: color.cfg 2016/01/02 v1.6 sample color configuration
)
Package color Info: Driver file: pdftex.def on input line 149.

(c:/texlive/2023/texmf-dist/tex/latex/graphics-def/pdftex.def
File: pdftex.def 2022/09/22 v1.2b Graphics/color driver for pdftex
)
(c:/texlive/2023/texmf-dist/tex/latex/graphics/mathcolor.ltx))
(c:/texlive/2023/texmf-dist/tex/generic/babel/babel.sty
Package: babel 2023/12/10 v3.99 The Babel package
\babel@savecnt=\count279
\U@D=\dimen171
\l@unhyphenated=\language89

(c:/texlive/2023/texmf-dist/tex/generic/babel/txtbabel.def)
\bbl@readstream=\read2
\bbl@dirlevel=\count280

(c:/texlive/2023/texmf-dist/tex/generic/babel-english/english.ldf
Language: english 2017/06/06 v3.3r English support from the babel system
Package babel Info: Hyphen rules for 'canadian' set to \l@english
(babel)             (\language0). Reported on input line 102.
Package babel Info: Hyphen rules for 'australian' set to \l@ukenglish
(babel)             (\language23). Reported on input line 105.
Package babel Info: Hyphen rules for 'newzealand' set to \l@ukenglish
(babel)             (\language23). Reported on input line 108.
))
(c:/texlive/2023/texmf-dist/tex/generic/babel/locale/en/babel-english.tex
Package babel Info: Importing font and identification data for english
(babel)             from babel-en.ini. Reported on input line 11.
)
(c:/texlive/2023/texmf-dist/tex/latex/base/inputenc.sty
Package: inputenc 2021/02/14 v1.3d Input encoding file
\inpenc@prehook=\toks22
\inpenc@posthook=\toks23
)
(c:/texlive/2023/texmf-dist/tex/latex/base/fontenc.sty
Package: fontenc 2021/04/29 v2.0v Standard LaTeX package
)
(c:/texlive/2023/texmf-dist/tex/latex/moresize/moresize.sty
Package: moresize 1999/07/26 v1.9 (more font sizes)
)
(c:/texlive/2023/texmf-dist/tex/latex/graphics/graphicx.sty
Package: graphicx 2021/09/16 v1.2d Enhanced LaTeX Graphics (DPC,SPQR)

(c:/texlive/2023/texmf-dist/tex/latex/graphics/graphics.sty
Package: graphics 2022/03/10 v1.4e Standard LaTeX Graphics (DPC,SPQR)

(c:/texlive/2023/texmf-dist/tex/latex/graphics/trig.sty
Package: trig 2021/08/11 v1.11 sin cos tan (DPC)
)
(c:/texlive/2023/texmf-dist/tex/latex/graphics-cfg/graphics.cfg
File: graphics.cfg 2016/06/04 v1.11 sample graphics configuration
)
Package graphics Info: Driver file: pdftex.def on input line 107.
)
\Gin@req@height=\dimen172
\Gin@req@width=\dimen173
)
(c:/texlive/2023/texmf-dist/tex/latex/transparent/transparent.sty
Package: transparent 2022-10-27 v1.5 Transparency with color stacks

(c:/texlive/2023/texmf-dist/tex/latex/transparent/transparent-nometadata.sty
Package: transparent-nometadata 2022-10-27 v1.5 Transparency via pdfTeX's color
 stack (HO)

(c:/texlive/2023/texmf-dist/tex/latex/auxhook/auxhook.sty
Package: auxhook 2019-12-17 v1.6 Hooks for auxiliary files (HO)
)))
(c:/texlive/2023/texmf-dist/tex/latex/eso-pic/eso-pic.sty
Package: eso-pic 2023/05/03 v3.0c eso-pic (RN)
\ESO@tempdima=\dimen174
\ESO@tempdimb=\dimen175
)
(c:/texlive/2023/texmf-dist/tex/latex/subfig/subfig.sty
Package: subfig 2005/06/28 ver: 1.3 subfig package
\c@KVtest=\count281
\sf@farskip=\skip54
\sf@captopadj=\dimen176
\sf@capskip=\skip55
\sf@nearskip=\skip56
\c@subfigure=\count282
\c@subfigure@save=\count283
\c@lofdepth=\count284
\c@subtable=\count285
\c@subtable@save=\count286
\c@lotdepth=\count287
\sf@top=\skip57
\sf@bottom=\skip58
)
(c:/texlive/2023/texmf-dist/tex/latex/pgf/frontendlayer/tikz.sty
(c:/texlive/2023/texmf-dist/tex/latex/pgf/basiclayer/pgf.sty
(c:/texlive/2023/texmf-dist/tex/latex/pgf/utilities/pgfrcs.sty
(c:/texlive/2023/texmf-dist/tex/generic/pgf/utilities/pgfutil-common.tex
\pgfutil@everybye=\toks24
\pgfutil@tempdima=\dimen177
\pgfutil@tempdimb=\dimen178
)
(c:/texlive/2023/texmf-dist/tex/generic/pgf/utilities/pgfutil-latex.def
\pgfutil@abb=\box98
)
(c:/texlive/2023/texmf-dist/tex/generic/pgf/utilities/pgfrcs.code.tex
(c:/texlive/2023/texmf-dist/tex/generic/pgf/pgf.revision.tex)
Package: pgfrcs 2023-01-15 v3.1.10 (3.1.10)
))
Package: pgf 2023-01-15 v3.1.10 (3.1.10)

(c:/texlive/2023/texmf-dist/tex/latex/pgf/basiclayer/pgfcore.sty
(c:/texlive/2023/texmf-dist/tex/latex/pgf/systemlayer/pgfsys.sty
(c:/texlive/2023/texmf-dist/tex/generic/pgf/systemlayer/pgfsys.code.tex
Package: pgfsys 2023-01-15 v3.1.10 (3.1.10)

(c:/texlive/2023/texmf-dist/tex/generic/pgf/utilities/pgfkeys.code.tex
\pgfkeys@pathtoks=\toks25
\pgfkeys@temptoks=\toks26

(c:/texlive/2023/texmf-dist/tex/generic/pgf/utilities/pgfkeyslibraryfiltered.co
de.tex
\pgfkeys@tmptoks=\toks27
))
\pgf@x=\dimen179
\pgf@y=\dimen180
\pgf@xa=\dimen181
\pgf@ya=\dimen182
\pgf@xb=\dimen183
\pgf@yb=\dimen184
\pgf@xc=\dimen185
\pgf@yc=\dimen186
\pgf@xd=\dimen187
\pgf@yd=\dimen188
\w@pgf@writea=\write3
\r@pgf@reada=\read3
\c@pgf@counta=\count288
\c@pgf@countb=\count289
\c@pgf@countc=\count290
\c@pgf@countd=\count291
\t@pgf@toka=\toks28
\t@pgf@tokb=\toks29
\t@pgf@tokc=\toks30
\pgf@sys@id@count=\count292
 (c:/texlive/2023/texmf-dist/tex/generic/pgf/systemlayer/pgf.cfg
File: pgf.cfg 2023-01-15 v3.1.10 (3.1.10)
)
Driver file for pgf: pgfsys-pdftex.def

(c:/texlive/2023/texmf-dist/tex/generic/pgf/systemlayer/pgfsys-pdftex.def
File: pgfsys-pdftex.def 2023-01-15 v3.1.10 (3.1.10)

(c:/texlive/2023/texmf-dist/tex/generic/pgf/systemlayer/pgfsys-common-pdf.def
File: pgfsys-common-pdf.def 2023-01-15 v3.1.10 (3.1.10)
)))
(c:/texlive/2023/texmf-dist/tex/generic/pgf/systemlayer/pgfsyssoftpath.code.tex
File: pgfsyssoftpath.code.tex 2023-01-15 v3.1.10 (3.1.10)
\pgfsyssoftpath@smallbuffer@items=\count293
\pgfsyssoftpath@bigbuffer@items=\count294
)
(c:/texlive/2023/texmf-dist/tex/generic/pgf/systemlayer/pgfsysprotocol.code.tex
File: pgfsysprotocol.code.tex 2023-01-15 v3.1.10 (3.1.10)
)) (c:/texlive/2023/texmf-dist/tex/latex/xcolor/xcolor.sty
Package: xcolor 2023/11/15 v3.01 LaTeX color extensions (UK)

(c:/texlive/2023/texmf-dist/tex/latex/graphics-cfg/color.cfg
File: color.cfg 2016/01/02 v1.6 sample color configuration
)
Package xcolor Info: Driver file: pdftex.def on input line 274.
LaTeX Info: Redefining \color on input line 758.

(c:/texlive/2023/texmf-dist/tex/latex/graphics/mathcolor.ltx)
Package xcolor Info: Model `cmy' substituted by `cmy0' on input line 1350.
Package xcolor Info: Model `hsb' substituted by `rgb' on input line 1354.
Package xcolor Info: Model `RGB' extended on input line 1366.
Package xcolor Info: Model `HTML' substituted by `rgb' on input line 1368.
Package xcolor Info: Model `Hsb' substituted by `hsb' on input line 1369.
Package xcolor Info: Model `tHsb' substituted by `hsb' on input line 1370.
Package xcolor Info: Model `HSB' substituted by `hsb' on input line 1371.
Package xcolor Info: Model `Gray' substituted by `gray' on input line 1372.
Package xcolor Info: Model `wave' substituted by `hsb' on input line 1373.
)
(c:/texlive/2023/texmf-dist/tex/generic/pgf/basiclayer/pgfcore.code.tex
Package: pgfcore 2023-01-15 v3.1.10 (3.1.10)

(c:/texlive/2023/texmf-dist/tex/generic/pgf/math/pgfmath.code.tex
(c:/texlive/2023/texmf-dist/tex/generic/pgf/math/pgfmathutil.code.tex)
(c:/texlive/2023/texmf-dist/tex/generic/pgf/math/pgfmathparser.code.tex
\pgfmath@dimen=\dimen189
\pgfmath@count=\count295
\pgfmath@box=\box99
\pgfmath@toks=\toks31
\pgfmath@stack@operand=\toks32
\pgfmath@stack@operation=\toks33
)
(c:/texlive/2023/texmf-dist/tex/generic/pgf/math/pgfmathfunctions.code.tex)
(c:/texlive/2023/texmf-dist/tex/generic/pgf/math/pgfmathfunctions.basic.code.te
x)
(c:/texlive/2023/texmf-dist/tex/generic/pgf/math/pgfmathfunctions.trigonometric
.code.tex)
(c:/texlive/2023/texmf-dist/tex/generic/pgf/math/pgfmathfunctions.random.code.t
ex)
(c:/texlive/2023/texmf-dist/tex/generic/pgf/math/pgfmathfunctions.comparison.co
de.tex)
(c:/texlive/2023/texmf-dist/tex/generic/pgf/math/pgfmathfunctions.base.code.tex
)
(c:/texlive/2023/texmf-dist/tex/generic/pgf/math/pgfmathfunctions.round.code.te
x)
(c:/texlive/2023/texmf-dist/tex/generic/pgf/math/pgfmathfunctions.misc.code.tex
)
(c:/texlive/2023/texmf-dist/tex/generic/pgf/math/pgfmathfunctions.integerarithm
etics.code.tex)
(c:/texlive/2023/texmf-dist/tex/generic/pgf/math/pgfmathcalc.code.tex)
(c:/texlive/2023/texmf-dist/tex/generic/pgf/math/pgfmathfloat.code.tex
\c@pgfmathroundto@lastzeros=\count296
))
(c:/texlive/2023/texmf-dist/tex/generic/pgf/math/pgfint.code.tex)
(c:/texlive/2023/texmf-dist/tex/generic/pgf/basiclayer/pgfcorepoints.code.tex
File: pgfcorepoints.code.tex 2023-01-15 v3.1.10 (3.1.10)
\pgf@picminx=\dimen190
\pgf@picmaxx=\dimen191
\pgf@picminy=\dimen192
\pgf@picmaxy=\dimen193
\pgf@pathminx=\dimen194
\pgf@pathmaxx=\dimen195
\pgf@pathminy=\dimen196
\pgf@pathmaxy=\dimen197
\pgf@xx=\dimen198
\pgf@xy=\dimen199
\pgf@yx=\dimen256
\pgf@yy=\dimen257
\pgf@zx=\dimen258
\pgf@zy=\dimen259
)
(c:/texlive/2023/texmf-dist/tex/generic/pgf/basiclayer/pgfcorepathconstruct.cod
e.tex
File: pgfcorepathconstruct.code.tex 2023-01-15 v3.1.10 (3.1.10)
\pgf@path@lastx=\dimen260
\pgf@path@lasty=\dimen261
)
(c:/texlive/2023/texmf-dist/tex/generic/pgf/basiclayer/pgfcorepathusage.code.te
x
File: pgfcorepathusage.code.tex 2023-01-15 v3.1.10 (3.1.10)
\pgf@shorten@end@additional=\dimen262
\pgf@shorten@start@additional=\dimen263
)
(c:/texlive/2023/texmf-dist/tex/generic/pgf/basiclayer/pgfcorescopes.code.tex
File: pgfcorescopes.code.tex 2023-01-15 v3.1.10 (3.1.10)
\pgfpic=\box100
\pgf@hbox=\box101
\pgf@layerbox@main=\box102
\pgf@picture@serial@count=\count297
)
(c:/texlive/2023/texmf-dist/tex/generic/pgf/basiclayer/pgfcoregraphicstate.code
.tex
File: pgfcoregraphicstate.code.tex 2023-01-15 v3.1.10 (3.1.10)
\pgflinewidth=\dimen264
)
(c:/texlive/2023/texmf-dist/tex/generic/pgf/basiclayer/pgfcoretransformations.c
ode.tex
File: pgfcoretransformations.code.tex 2023-01-15 v3.1.10 (3.1.10)
\pgf@pt@x=\dimen265
\pgf@pt@y=\dimen266
\pgf@pt@temp=\dimen267
)
(c:/texlive/2023/texmf-dist/tex/generic/pgf/basiclayer/pgfcorequick.code.tex
File: pgfcorequick.code.tex 2023-01-15 v3.1.10 (3.1.10)
)
(c:/texlive/2023/texmf-dist/tex/generic/pgf/basiclayer/pgfcoreobjects.code.tex
File: pgfcoreobjects.code.tex 2023-01-15 v3.1.10 (3.1.10)
)
(c:/texlive/2023/texmf-dist/tex/generic/pgf/basiclayer/pgfcorepathprocessing.co
de.tex
File: pgfcorepathprocessing.code.tex 2023-01-15 v3.1.10 (3.1.10)
)
(c:/texlive/2023/texmf-dist/tex/generic/pgf/basiclayer/pgfcorearrows.code.tex
File: pgfcorearrows.code.tex 2023-01-15 v3.1.10 (3.1.10)
\pgfarrowsep=\dimen268
)
(c:/texlive/2023/texmf-dist/tex/generic/pgf/basiclayer/pgfcoreshade.code.tex
File: pgfcoreshade.code.tex 2023-01-15 v3.1.10 (3.1.10)
\pgf@max=\dimen269
\pgf@sys@shading@range@num=\count298
\pgf@shadingcount=\count299
)
(c:/texlive/2023/texmf-dist/tex/generic/pgf/basiclayer/pgfcoreimage.code.tex
File: pgfcoreimage.code.tex 2023-01-15 v3.1.10 (3.1.10)
)
(c:/texlive/2023/texmf-dist/tex/generic/pgf/basiclayer/pgfcoreexternal.code.tex
File: pgfcoreexternal.code.tex 2023-01-15 v3.1.10 (3.1.10)
\pgfexternal@startupbox=\box103
) (c:/texlive/2023/texmf-dist/tex/generic/pgf/basiclayer/pgfcorelayers.code.tex
File: pgfcorelayers.code.tex 2023-01-15 v3.1.10 (3.1.10)
)
(c:/texlive/2023/texmf-dist/tex/generic/pgf/basiclayer/pgfcoretransparency.code
.tex
File: pgfcoretransparency.code.tex 2023-01-15 v3.1.10 (3.1.10)
)
(c:/texlive/2023/texmf-dist/tex/generic/pgf/basiclayer/pgfcorepatterns.code.tex
File: pgfcorepatterns.code.tex 2023-01-15 v3.1.10 (3.1.10)
) (c:/texlive/2023/texmf-dist/tex/generic/pgf/basiclayer/pgfcorerdf.code.tex
File: pgfcorerdf.code.tex 2023-01-15 v3.1.10 (3.1.10)
))) (c:/texlive/2023/texmf-dist/tex/generic/pgf/modules/pgfmoduleshapes.code.te
x
File: pgfmoduleshapes.code.tex 2023-01-15 v3.1.10 (3.1.10)
\pgfnodeparttextbox=\box104
)
(c:/texlive/2023/texmf-dist/tex/generic/pgf/modules/pgfmoduleplot.code.tex
File: pgfmoduleplot.code.tex 2023-01-15 v3.1.10 (3.1.10)
)
(c:/texlive/2023/texmf-dist/tex/latex/pgf/compatibility/pgfcomp-version-0-65.st
y
Package: pgfcomp-version-0-65 2023-01-15 v3.1.10 (3.1.10)
\pgf@nodesepstart=\dimen270
\pgf@nodesepend=\dimen271
)
(c:/texlive/2023/texmf-dist/tex/latex/pgf/compatibility/pgfcomp-version-1-18.st
y
Package: pgfcomp-version-1-18 2023-01-15 v3.1.10 (3.1.10)
)) (c:/texlive/2023/texmf-dist/tex/latex/pgf/utilities/pgffor.sty
(c:/texlive/2023/texmf-dist/tex/latex/pgf/utilities/pgfkeys.sty
(c:/texlive/2023/texmf-dist/tex/generic/pgf/utilities/pgfkeys.code.tex))
(c:/texlive/2023/texmf-dist/tex/latex/pgf/math/pgfmath.sty
(c:/texlive/2023/texmf-dist/tex/generic/pgf/math/pgfmath.code.tex))
(c:/texlive/2023/texmf-dist/tex/generic/pgf/utilities/pgffor.code.tex
Package: pgffor 2023-01-15 v3.1.10 (3.1.10)
\pgffor@iter=\dimen272
\pgffor@skip=\dimen273
\pgffor@stack=\toks34
\pgffor@toks=\toks35
))
(c:/texlive/2023/texmf-dist/tex/generic/pgf/frontendlayer/tikz/tikz.code.tex
Package: tikz 2023-01-15 v3.1.10 (3.1.10)

(c:/texlive/2023/texmf-dist/tex/generic/pgf/libraries/pgflibraryplothandlers.co
de.tex
File: pgflibraryplothandlers.code.tex 2023-01-15 v3.1.10 (3.1.10)
\pgf@plot@mark@count=\count300
\pgfplotmarksize=\dimen274
)
\tikz@lastx=\dimen275
\tikz@lasty=\dimen276
\tikz@lastxsaved=\dimen277
\tikz@lastysaved=\dimen278
\tikz@lastmovetox=\dimen279
\tikz@lastmovetoy=\dimen280
\tikzleveldistance=\dimen281
\tikzsiblingdistance=\dimen282
\tikz@figbox=\box105
\tikz@figbox@bg=\box106
\tikz@tempbox=\box107
\tikz@tempbox@bg=\box108
\tikztreelevel=\count301
\tikznumberofchildren=\count302
\tikznumberofcurrentchild=\count303
\tikz@fig@count=\count304

(c:/texlive/2023/texmf-dist/tex/generic/pgf/modules/pgfmodulematrix.code.tex
File: pgfmodulematrix.code.tex 2023-01-15 v3.1.10 (3.1.10)
\pgfmatrixcurrentrow=\count305
\pgfmatrixcurrentcolumn=\count306
\pgf@matrix@numberofcolumns=\count307
)
\tikz@expandcount=\count308

(c:/texlive/2023/texmf-dist/tex/generic/pgf/frontendlayer/tikz/libraries/tikzli
brarytopaths.code.tex
File: tikzlibrarytopaths.code.tex 2023-01-15 v3.1.10 (3.1.10)
)))
(c:/texlive/2023/texmf-dist/tex/latex/amscls/amsthm.sty
Package: amsthm 2020/05/29 v2.20.6
\thm@style=\toks36
\thm@bodyfont=\toks37
\thm@headfont=\toks38
\thm@notefont=\toks39
\thm@headpunct=\toks40
\thm@preskip=\skip59
\thm@postskip=\skip60
\thm@headsep=\skip61
\dth@everypar=\toks41
)
(c:/texlive/2023/texmf-dist/tex/latex/thmtools/thmtools.sty
Package: thmtools 2023/05/04 v0.76
\thmt@toks=\toks42
\c@thmt@dummyctr=\count309

(c:/texlive/2023/texmf-dist/tex/latex/thmtools/thm-patch.sty
Package: thm-patch 2023/05/04 v0.76

(c:/texlive/2023/texmf-dist/tex/latex/thmtools/parseargs.sty
Package: parseargs 2023/05/04 v0.76
\@parsespec=\toks43
))
(c:/texlive/2023/texmf-dist/tex/latex/thmtools/thm-kv.sty
Package: thm-kv 2023/05/04 v0.76
Package thm-kv Info: Theorem names will be uppercased on input line 42.
Package thm-kv Info: kvsetkeys patch (v1.16 or later) on input line 158.
)
(c:/texlive/2023/texmf-dist/tex/latex/thmtools/thm-autoref.sty
Package: thm-autoref 2023/05/04 v0.76

(c:/texlive/2023/texmf-dist/tex/latex/thmtools/aliasctr.sty
Package: aliasctr 2023/05/04 v0.76
))
(c:/texlive/2023/texmf-dist/tex/latex/thmtools/thm-listof.sty
Package: thm-listof 2023/05/04 v0.76
)
(c:/texlive/2023/texmf-dist/tex/latex/thmtools/thm-restate.sty
Package: thm-restate 2023/05/04 v0.76
)
(c:/texlive/2023/texmf-dist/tex/latex/thmtools/thm-amsthm.sty
Package: thm-amsthm 2023/05/04 v0.76
\thmt@style@headstyle=\toks44
))
(c:/texlive/2023/texmf-dist/tex/latex/float/float.sty
Package: float 2001/11/08 v1.3d Float enhancements (AL)
\c@float@type=\count310
\float@exts=\toks45
\float@box=\box109
\@float@everytoks=\toks46
\@floatcapt=\box110
)
(c:/texlive/2023/texmf-dist/tex/latex/amsmath/amsmath.sty
Package: amsmath 2023/05/13 v2.17o AMS math features
\@mathmargin=\skip62

For additional information on amsmath, use the `?' option.
(c:/texlive/2023/texmf-dist/tex/latex/amsmath/amstext.sty
Package: amstext 2021/08/26 v2.01 AMS text

(c:/texlive/2023/texmf-dist/tex/latex/amsmath/amsgen.sty
File: amsgen.sty 1999/11/30 v2.0 generic functions
\@emptytoks=\toks47
\ex@=\dimen283
))
(c:/texlive/2023/texmf-dist/tex/latex/amsmath/amsbsy.sty
Package: amsbsy 1999/11/29 v1.2d Bold Symbols
\pmbraise@=\dimen284
)
(c:/texlive/2023/texmf-dist/tex/latex/amsmath/amsopn.sty
Package: amsopn 2022/04/08 v2.04 operator names
)
\inf@bad=\count311
LaTeX Info: Redefining \frac on input line 234.
\uproot@=\count312
\leftroot@=\count313
LaTeX Info: Redefining \overline on input line 399.
LaTeX Info: Redefining \colon on input line 410.
\classnum@=\count314
\DOTSCASE@=\count315
LaTeX Info: Redefining \ldots on input line 496.
LaTeX Info: Redefining \dots on input line 499.
LaTeX Info: Redefining \cdots on input line 620.
\Mathstrutbox@=\box111
\strutbox@=\box112
LaTeX Info: Redefining \big on input line 722.
LaTeX Info: Redefining \Big on input line 723.
LaTeX Info: Redefining \bigg on input line 724.
LaTeX Info: Redefining \Bigg on input line 725.
\big@size=\dimen285
LaTeX Font Info:    Redeclaring font encoding OML on input line 743.
LaTeX Font Info:    Redeclaring font encoding OMS on input line 744.
\macc@depth=\count316
LaTeX Info: Redefining \bmod on input line 905.
LaTeX Info: Redefining \pmod on input line 910.
LaTeX Info: Redefining \smash on input line 940.
LaTeX Info: Redefining \relbar on input line 970.
LaTeX Info: Redefining \Relbar on input line 971.
\c@MaxMatrixCols=\count317
\dotsspace@=\muskip16
\c@parentequation=\count318
\dspbrk@lvl=\count319
\tag@help=\toks48
\row@=\count320
\column@=\count321
\maxfields@=\count322
\andhelp@=\toks49
\eqnshift@=\dimen286
\alignsep@=\dimen287
\tagshift@=\dimen288
\tagwidth@=\dimen289
\totwidth@=\dimen290
\lineht@=\dimen291
\@envbody=\toks50
\multlinegap=\skip63
\multlinetaggap=\skip64
\mathdisplay@stack=\toks51
LaTeX Info: Redefining \[ on input line 2953.
LaTeX Info: Redefining \] on input line 2954.
)
(c:/texlive/2023/texmf-dist/tex/latex/amsfonts/amssymb.sty
Package: amssymb 2013/01/14 v3.01 AMS font symbols

(c:/texlive/2023/texmf-dist/tex/latex/amsfonts/amsfonts.sty
Package: amsfonts 2013/01/14 v3.01 Basic AMSFonts support
\symAMSa=\mathgroup4
\symAMSb=\mathgroup5
LaTeX Font Info:    Redeclaring math symbol \hbar on input line 98.
LaTeX Font Info:    Overwriting math alphabet `\mathfrak' in version `bold'
(Font)                  U/euf/m/n --> U/euf/b/n on input line 106.
))
(c:/texlive/2023/texmf-dist/tex/latex/tools/bm.sty
Package: bm 2023/07/08 v1.2f Bold Symbol Support (DPC/FMi)
\symboldoperators=\mathgroup6
\symboldletters=\mathgroup7
\symboldsymbols=\mathgroup8
Package bm Info: No bold for \OMX/cmex/m/n, using \pmb.
Package bm Info: No bold for \U/msa/m/n, using \pmb.
Package bm Info: No bold for \U/msb/m/n, using \pmb.
LaTeX Font Info:    Redeclaring math alphabet \mathbf on input line 149.
)
(c:/texlive/2023/texmf-dist/tex/latex/mathtools/empheq.sty
Package: empheq 2017/03/31 v2.15 Emphasizing equations

(c:/texlive/2023/texmf-dist/tex/latex/mathtools/mhsetup.sty
Package: mhsetup 2021/03/18 v1.4 programming setup (MH)
)
(c:/texlive/2023/texmf-dist/tex/latex/mathtools/mathtools.sty
Package: mathtools 2022/06/29 v1.29 mathematical typesetting tools

(c:/texlive/2023/texmf-dist/tex/latex/tools/calc.sty
Package: calc 2023/07/08 v4.3 Infix arithmetic (KKT,FJ)
\calc@Acount=\count323
\calc@Bcount=\count324
\calc@Adimen=\dimen292
\calc@Bdimen=\dimen293
\calc@Askip=\skip65
\calc@Bskip=\skip66
LaTeX Info: Redefining \setlength on input line 80.
LaTeX Info: Redefining \addtolength on input line 81.
\calc@Ccount=\count325
\calc@Cskip=\skip67
)
\g_MT_multlinerow_int=\count326
\l_MT_multwidth_dim=\dimen294
\origjot=\skip68
\l_MT_shortvdotswithinadjustabove_dim=\dimen295
\l_MT_shortvdotswithinadjustbelow_dim=\dimen296
\l_MT_above_intertext_sep=\dimen297
\l_MT_below_intertext_sep=\dimen298
\l_MT_above_shortintertext_sep=\dimen299
\l_MT_below_shortintertext_sep=\dimen300
\xmathstrut@box=\box113
\xmathstrut@dim=\dimen301
)
\l_EQ_equationtype_int=\count327
\l_EQ_alignmentmode_int=\count328
\l_EQ_totalwidth_dim=\dimen302
\l_EQ_displaywidth_dim=\dimen303
\l_EQ_temp_linewidth_dim=\dimen304
\l_EQ_linewidth_dim=\dimen305
\EmphEqdelimitershortfall=\dimen306
\EmphEqdelimiterfactor=\count329
\g_EQ_toptag_height_dim=\dimen307
\g_EQ_bottomtag_depth_dim=\dimen308
\g_EQ_toprow_height_dim=\dimen309
\g_EQ_bottomrow_depth_dim=\dimen310
\g_EQ_widesttag_dim=\dimen311
\EQ_mathdisplay_box=\box114
\EQ_tag_box=\box115
\g_EQ_temprow_int=\count330
)
(c:/texlive/2023/texmf-dist/tex/latex/base/fix-cm.sty
Package: fix-cm 2020/11/24 v1.1t fixes to LaTeX

(c:/texlive/2023/texmf-dist/tex/latex/base/ts1enc.def
File: ts1enc.def 2001/06/05 v3.0e (jk/car/fm) Standard LaTeX file
LaTeX Font Info:    Redeclaring font encoding TS1 on input line 47.
))
(c:/texlive/2023/texmf-dist/tex/latex/tools/tabularx.sty
Package: tabularx 2023/07/08 v2.11c `tabularx' package (DPC)

(c:/texlive/2023/texmf-dist/tex/latex/tools/array.sty
Package: array 2023/10/16 v2.5g Tabular extension package (FMi)
\col@sep=\dimen312
\ar@mcellbox=\box116
\extrarowheight=\dimen313
\NC@list=\toks52
\extratabsurround=\skip69
\backup@length=\skip70
\ar@cellbox=\box117
)
\TX@col@width=\dimen314
\TX@old@table=\dimen315
\TX@old@col=\dimen316
\TX@target=\dimen317
\TX@delta=\dimen318
\TX@cols=\count331
\TX@ftn=\toks53
)
(c:/texlive/2023/texmf-dist/tex/latex/tools/longtable.sty
Package: longtable 2023-11-01 v4.19 Multi-page Table package (DPC)
\LTleft=\skip71
\LTright=\skip72
\LTpre=\skip73
\LTpost=\skip74
\LTchunksize=\count332
\LTcapwidth=\dimen319
\LT@head=\box118
\LT@firsthead=\box119
\LT@foot=\box120
\LT@lastfoot=\box121
\LT@gbox=\box122
\LT@cols=\count333
\LT@rows=\count334
\c@LT@tables=\count335
\c@LT@chunks=\count336
\LT@p@ftn=\toks54
)
(c:/texlive/2023/texmf-dist/tex/latex/colortbl/colortbl.sty
Package: colortbl 2022/06/20 v1.0f Color table columns (DPC)
\everycr=\toks55
\minrowclearance=\skip75
\rownum=\count337
)
(c:/texlive/2023/texmf-dist/tex/latex/algorithms/algorithm.sty
Package: algorithm 2009/08/24 v0.1 Document Style `algorithm' - floating enviro
nment

(c:/texlive/2023/texmf-dist/tex/latex/base/ifthen.sty
Package: ifthen 2022/04/13 v1.1d Standard LaTeX ifthen package (DPC)
)
\@float@every@algorithm=\toks56
\c@algorithm=\count338
)
(c:/texlive/2023/texmf-dist/tex/latex/algorithms/algorithmic.sty
Package: algorithmic 2009/08/24 v0.1 Document Style `algorithmic'
\c@ALC@unique=\count339
\c@ALC@line=\count340
\c@ALC@rem=\count341
\c@ALC@depth=\count342
\ALC@tlm=\skip76
\algorithmicindent=\skip77
)
(c:/texlive/2023/texmf-dist/tex/latex/hyperref/hyperref.sty
Package: hyperref 2023-11-26 v7.01g Hypertext links for LaTeX

(c:/texlive/2023/texmf-dist/tex/generic/infwarerr/infwarerr.sty
Package: infwarerr 2019/12/03 v1.5 Providing info/warning/error messages (HO)
)
(c:/texlive/2023/texmf-dist/tex/generic/kvdefinekeys/kvdefinekeys.sty
Package: kvdefinekeys 2019-12-19 v1.6 Define keys (HO)
)
(c:/texlive/2023/texmf-dist/tex/generic/pdfescape/pdfescape.sty
Package: pdfescape 2019/12/09 v1.15 Implements pdfTeX's escape features (HO)

(c:/texlive/2023/texmf-dist/tex/generic/pdftexcmds/pdftexcmds.sty
Package: pdftexcmds 2020-06-27 v0.33 Utility functions of pdfTeX for LuaTeX (HO
)
Package pdftexcmds Info: \pdf@primitive is available.
Package pdftexcmds Info: \pdf@ifprimitive is available.
Package pdftexcmds Info: \pdfdraftmode found.
))
(c:/texlive/2023/texmf-dist/tex/latex/hycolor/hycolor.sty
Package: hycolor 2020-01-27 v1.10 Color options for hyperref/bookmark (HO)
)
(c:/texlive/2023/texmf-dist/tex/latex/letltxmacro/letltxmacro.sty
Package: letltxmacro 2019/12/03 v1.6 Let assignment for LaTeX macros (HO)
)
(c:/texlive/2023/texmf-dist/tex/latex/hyperref/nameref.sty
Package: nameref 2023-11-26 v2.56 Cross-referencing by name of section

(c:/texlive/2023/texmf-dist/tex/latex/refcount/refcount.sty
Package: refcount 2019/12/15 v3.6 Data extraction from label references (HO)
)
(c:/texlive/2023/texmf-dist/tex/generic/gettitlestring/gettitlestring.sty
Package: gettitlestring 2019/12/15 v1.6 Cleanup title references (HO)
)
\c@section@level=\count343
)
\@linkdim=\dimen320
\Hy@linkcounter=\count344
\Hy@pagecounter=\count345

(c:/texlive/2023/texmf-dist/tex/latex/hyperref/pd1enc.def
File: pd1enc.def 2023-11-26 v7.01g Hyperref: PDFDocEncoding definition (HO)
Now handling font encoding PD1 ...
... no UTF-8 mapping file for font encoding PD1
)
(c:/texlive/2023/texmf-dist/tex/generic/intcalc/intcalc.sty
Package: intcalc 2019/12/15 v1.3 Expandable calculations with integers (HO)
)
\Hy@SavedSpaceFactor=\count346

(c:/texlive/2023/texmf-dist/tex/latex/hyperref/puenc.def
File: puenc.def 2023-11-26 v7.01g Hyperref: PDF Unicode definition (HO)
Now handling font encoding PU ...
... no UTF-8 mapping file for font encoding PU
)
Package hyperref Info: Option `colorlinks' set `true' on input line 4064.
Package hyperref Info: Hyper figures OFF on input line 4181.
Package hyperref Info: Link nesting OFF on input line 4186.
Package hyperref Info: Hyper index ON on input line 4189.
Package hyperref Info: Plain pages OFF on input line 4196.
Package hyperref Info: Backreferencing OFF on input line 4201.
Package hyperref Info: Implicit mode ON; LaTeX internals redefined.
Package hyperref Info: Bookmarks ON on input line 4448.
\c@Hy@tempcnt=\count347

(c:/texlive/2023/texmf-dist/tex/latex/url/url.sty
\Urlmuskip=\muskip17
Package: url 2013/09/16  ver 3.4  Verb mode for urls, etc.
)
LaTeX Info: Redefining \url on input line 4786.
\XeTeXLinkMargin=\dimen321

(c:/texlive/2023/texmf-dist/tex/generic/bitset/bitset.sty
Package: bitset 2019/12/09 v1.3 Handle bit-vector datatype (HO)

(c:/texlive/2023/texmf-dist/tex/generic/bigintcalc/bigintcalc.sty
Package: bigintcalc 2019/12/15 v1.5 Expandable calculations on big integers (HO
)
))
\Fld@menulength=\count348
\Field@Width=\dimen322
\Fld@charsize=\dimen323
Package hyperref Info: Hyper figures OFF on input line 6065.
Package hyperref Info: Link nesting OFF on input line 6070.
Package hyperref Info: Hyper index ON on input line 6073.
Package hyperref Info: backreferencing OFF on input line 6080.
Package hyperref Info: Link coloring ON on input line 6083.
Package hyperref Info: Link coloring with OCG OFF on input line 6090.
Package hyperref Info: PDF/A mode OFF on input line 6095.

(c:/texlive/2023/texmf-dist/tex/latex/base/atbegshi-ltx.sty
Package: atbegshi-ltx 2021/01/10 v1.0c Emulation of the original atbegshi
package with kernel methods
)
\Hy@abspage=\count349
\c@Item=\count350
\c@Hfootnote=\count351
)
Package hyperref Info: Driver (autodetected): hpdftex.

(c:/texlive/2023/texmf-dist/tex/latex/hyperref/hpdftex.def
File: hpdftex.def 2023-11-26 v7.01g Hyperref driver for pdfTeX

(c:/texlive/2023/texmf-dist/tex/latex/base/atveryend-ltx.sty
Package: atveryend-ltx 2020/08/19 v1.0a Emulation of the original atveryend pac
kage
with kernel methods
)
\Fld@listcount=\count352
\c@bookmark@seq@number=\count353

(c:/texlive/2023/texmf-dist/tex/latex/rerunfilecheck/rerunfilecheck.sty
Package: rerunfilecheck 2022-07-10 v1.10 Rerun checks for auxiliary files (HO)

(c:/texlive/2023/texmf-dist/tex/generic/uniquecounter/uniquecounter.sty
Package: uniquecounter 2019/12/15 v1.4 Provide unlimited unique counter (HO)
)
Package uniquecounter Info: New unique counter `rerunfilecheck' on input line 2
85.
)
\Hy@SectionHShift=\skip78
)
(c:/texlive/2023/texmf-dist/tex/latex/cleveref/cleveref.sty
Package: cleveref 2018/03/27 v0.21.4 Intelligent cross-referencing
Package cleveref Info: `hyperref' support loaded on input line 2370.
LaTeX Info: Redefining \cref on input line 2370.
LaTeX Info: Redefining \Cref on input line 2370.
LaTeX Info: Redefining \crefrange on input line 2370.
LaTeX Info: Redefining \Crefrange on input line 2370.
LaTeX Info: Redefining \cpageref on input line 2370.
LaTeX Info: Redefining \Cpageref on input line 2370.
LaTeX Info: Redefining \cpagerefrange on input line 2370.
LaTeX Info: Redefining \Cpagerefrange on input line 2370.
LaTeX Info: Redefining \labelcref on input line 2370.
LaTeX Info: Redefining \labelcpageref on input line 2370.
Package cleveref Info: `amsthm' support loaded on input line 3026.
Package cleveref Info: `subfig' support loaded on input line 3164.
)
(c:/texlive/2023/texmf-dist/tex/latex/natbib/natbib.sty
Package: natbib 2010/09/13 8.31b (PWD, AO)
\bibhang=\skip79
\bibsep=\skip80
LaTeX Info: Redefining \cite on input line 694.
\c@NAT@ctr=\count354
)
(c:/texlive/2023/texmf-dist/tex/latex/pdfpages/pdfpages.sty
Package: pdfpages 2022/12/19 v0.5x Insert pages of external PDF documents (AM)
\AM@pagewidth=\dimen324
\AM@pageheight=\dimen325
\AM@fboxrule=\dimen326

(c:/texlive/2023/texmf-dist/tex/latex/pdfpages/pppdftex.def
File: pppdftex.def 2022/12/19 v0.5x Pdfpages driver for pdfTeX (AM)
)
\pdfpages@includegraphics@status=\count355
\AM@pagebox=\box123
\AM@global@opts=\toks57
\AM@pagecnt=\count356
\AM@toc@title=\toks58
\AM@lof@heading=\toks59
\c@AM@survey=\count357
\AM@templatesizebox=\box124
)
(c:/texlive/2023/texmf-dist/tex/latex/tools/afterpage.sty
Package: afterpage 2023/07/04 v1.08 After-Page Package (DPC)
\AP@output=\toks60
\AP@partial=\box125
\AP@footins=\box126
)
(c:/texlive/2023/texmf-dist/tex/latex/lipsum/lipsum.sty
(c:/texlive/2023/texmf-dist/tex/latex/l3packages/l3keys2e/l3keys2e.sty
(c:/texlive/2023/texmf-dist/tex/latex/l3kernel/expl3.sty
Package: expl3 2023-12-11 L3 programming layer (loader) 

(c:/texlive/2023/texmf-dist/tex/latex/l3backend/l3backend-pdftex.def
File: l3backend-pdftex.def 2023-11-09 L3 backend support: PDF output (pdfTeX)
\l__color_backend_stack_int=\count358
\l__pdf_internal_box=\box127
))
Package: l3keys2e 2023-10-10 LaTeX2e option processing using LaTeX3 keys
)
Package: lipsum 2021-09-20 v2.7 150 paragraphs of Lorem Ipsum dummy text
\g__lipsum_par_int=\count359
\l__lipsum_a_int=\count360
\l__lipsum_b_int=\count361

(c:/texlive/2023/texmf-dist/tex/latex/lipsum/lipsum.ltd.tex))
(c:/texlive/2023/texmf-dist/tex/latex/fancyhdr/fancyhdr.sty
Package: fancyhdr 2022/11/09 v4.1 Extensive control of page headers and footers

\f@nch@headwidth=\skip81
\f@nch@O@elh=\skip82
\f@nch@O@erh=\skip83
\f@nch@O@olh=\skip84
\f@nch@O@orh=\skip85
\f@nch@O@elf=\skip86
\f@nch@O@erf=\skip87
\f@nch@O@olf=\skip88
\f@nch@O@orf=\skip89
)
(./Configuration_Files/config.tex
\c@theorem=\count362
\c@proposition=\count363
\c@algsubstate=\count364
) (./Thesis.aux)
\openout1 = `Thesis.aux'.

LaTeX Font Info:    Checking defaults for OML/cmm/m/it on input line 112.
LaTeX Font Info:    ... okay on input line 112.
LaTeX Font Info:    Checking defaults for OMS/cmsy/m/n on input line 112.
LaTeX Font Info:    ... okay on input line 112.
LaTeX Font Info:    Checking defaults for OT1/cmr/m/n on input line 112.
LaTeX Font Info:    ... okay on input line 112.
LaTeX Font Info:    Checking defaults for T1/cmr/m/n on input line 112.
LaTeX Font Info:    ... okay on input line 112.
LaTeX Font Info:    Checking defaults for TS1/cmr/m/n on input line 112.
LaTeX Font Info:    ... okay on input line 112.
LaTeX Font Info:    Checking defaults for OMX/cmex/m/n on input line 112.
LaTeX Font Info:    ... okay on input line 112.
LaTeX Font Info:    Checking defaults for U/cmr/m/n on input line 112.
LaTeX Font Info:    ... okay on input line 112.
LaTeX Font Info:    Checking defaults for PD1/pdf/m/n on input line 112.
LaTeX Font Info:    ... okay on input line 112.
LaTeX Font Info:    Checking defaults for PU/pdf/m/n on input line 112.
LaTeX Font Info:    ... okay on input line 112.

*geometry* driver: auto-detecting
*geometry* detected driver: pdftex
*geometry* verbose mode - [ preamble ] result:
* driver: pdftex
* paper: a4paper
* layout: <same size as paper>
* layoutoffset:(h,v)=(0.0pt,0.0pt)
* modes: includehead twoside 
* h-part:(L,W,R)=(85.35826pt, 455.24411pt, 56.9055pt)
* v-part:(T,H,B)=(71.13188pt, 702.78308pt, 71.13188pt)
* \paperwidth=597.50787pt
* \paperheight=845.04684pt
* \textwidth=455.24411pt
* \textheight=665.83746pt
* \oddsidemargin=13.08827pt
* \evensidemargin=-15.36449pt
* \topmargin=-1.1381pt
* \headheight=17.07182pt
* \headsep=19.8738pt
* \topskip=12.0pt
* \footskip=30.0pt
* \marginparwidth=98.0pt
* \marginparsep=7.0pt
* \columnsep=15.0pt
* \skip\footins=10.8pt plus 4.0pt minus 2.0pt
* \hoffset=0.0pt
* \voffset=0.0pt
* \mag=1000
* \@twocolumnfalse
* \@twosidetrue
* \@mparswitchtrue
* \@reversemarginfalse
* (1in=72.27pt=25.4mm, 1cm=28.453pt)

Package caption Info: Begin \AtBeginDocument code.
Package caption Info: subfig package v1.3 is loaded.
Package caption Info: float package is loaded.
Package caption Info: hyperref package is loaded.
Package caption Info: longtable package is loaded.
(c:/texlive/2023/texmf-dist/tex/latex/caption/ltcaption.sty
Package: ltcaption 2021/01/08 v1.4c longtable captions (AR)
)
Package caption Info: End \AtBeginDocument code.

(c:/texlive/2023/texmf-dist/tex/context/base/mkii/supp-pdf.mkii
[Loading MPS to PDF converter (version 2006.09.02).]
\scratchcounter=\count365
\scratchdimen=\dimen327
\scratchbox=\box128
\nofMPsegments=\count366
\nofMParguments=\count367
\everyMPshowfont=\toks61
\MPscratchCnt=\count368
\MPscratchDim=\dimen328
\MPnumerator=\count369
\makeMPintoPDFobject=\count370
\everyMPtoPDFconversion=\toks62
) (c:/texlive/2023/texmf-dist/tex/latex/epstopdf-pkg/epstopdf-base.sty
Package: epstopdf-base 2020-01-24 v2.11 Base part for package epstopdf
Package epstopdf-base Info: Redefining graphics rule for `.eps' on input line 4
85.

(c:/texlive/2023/texmf-dist/tex/latex/latexconfig/epstopdf-sys.cfg
File: epstopdf-sys.cfg 2010/07/13 v1.3 Configuration of (r)epstopdf for TeX Liv
e
))
LaTeX Info: Redefining \[ on input line 112.
LaTeX Info: Redefining \] on input line 112.
Package hyperref Info: Link coloring ON on input line 112.

(./Thesis.out) (./Thesis.out)
\@outlinefile=\write4
\openout4 = `Thesis.out'.


(c:/texlive/2023/texmf-dist/tex/latex/pdflscape/pdflscape.sty
Package: pdflscape 2022-10-27 v0.13 Display of landscape pages in PDF

(c:/texlive/2023/texmf-dist/tex/latex/pdflscape/pdflscape-nometadata.sty
Package: pdflscape-nometadata 2022-10-28 v0.13 Display of landscape pages in PD
F (HO)

(c:/texlive/2023/texmf-dist/tex/latex/graphics/lscape.sty
Package: lscape 2020/05/28 v3.02 Landscape Pages (DPC)
)
Package pdflscape Info: Auto-detected driver: pdftex on input line 81.
))
Package epstopdf Info: Source file: <Images/02_ING_IND_INFORMAZIONE_COL_POSITIV
O.eps>
(epstopdf)                    date: 2024-01-02 16:14:11
(epstopdf)                    size: 1016894 bytes
(epstopdf)             Output file: <Images/02_ING_IND_INFORMAZIONE_COL_POSITIV
O-eps-converted-to.pdf>
(epstopdf)                    date: 2024-01-02 16:14:11
(epstopdf)                    size: 81903 bytes
(epstopdf)             Command: <repstopdf --outfile=Images/02_ING_IND_INFORMAZ
IONE_COL_POSITIVO-eps-converted-to.pdf Images/02_ING_IND_INFORMAZIONE_COL_POSIT
IVO.eps>
(epstopdf)             \includegraphics on input line 135.
Package epstopdf Info: Output file is already uptodate.
<Images/02_ING_IND_INFORMAZIONE_COL_POSITIVO-eps-converted-to.pdf, id=228, 493.
845pt x 227.85126pt>
File: Images/02_ING_IND_INFORMAZIONE_COL_POSITIVO-eps-converted-to.pdf Graphic 
file (type pdf)
<use Images/02_ING_IND_INFORMAZIONE_COL_POSITIVO-eps-converted-to.pdf>
Package pdftex.def Info: Images/02_ING_IND_INFORMAZIONE_COL_POSITIVO-eps-conver
ted-to.pdf  used on input line 135.
(pdftex.def)             Requested size: 302.73503pt x 150.052pt.
LaTeX Font Info:    Trying to load font information for U+msa on input line 135
.

(c:/texlive/2023/texmf-dist/tex/latex/amsfonts/umsa.fd
File: umsa.fd 2013/01/14 v3.01 AMS symbols A
)
LaTeX Font Info:    Trying to load font information for U+msb on input line 135
.

(c:/texlive/2023/texmf-dist/tex/latex/amsfonts/umsb.fd
File: umsb.fd 2013/01/14 v3.01 AMS symbols B
)
Package epstopdf Info: Source file: <./Images/./raggiera_polimi.eps>
(epstopdf)                    date: 2024-01-02 16:14:11
(epstopdf)                    size: 1813066 bytes
(epstopdf)             Output file: <./Images/./raggiera_polimi-eps-converted-t
o.pdf>
(epstopdf)                    date: 2024-01-02 16:14:11
(epstopdf)                    size: 40456 bytes
(epstopdf)             Command: <repstopdf --outfile=./Images/./raggiera_polimi
-eps-converted-to.pdf ./Images/./raggiera_polimi.eps>
(epstopdf)             \includegraphics on input line 135.
Package epstopdf Info: Output file is already uptodate.
<./Images/./raggiera_polimi-eps-converted-to.pdf, id=230, 502.87875pt x 502.878
75pt>
File: ./Images/./raggiera_polimi-eps-converted-to.pdf Graphic file (type pdf)
<use ./Images/./raggiera_polimi-eps-converted-to.pdf>
Package pdftex.def Info: ./Images/./raggiera_polimi-eps-converted-to.pdf  used 
on input line 135.
(pdftex.def)             Requested size: 418.25368pt x 418.24866pt.
 [1



{c:/texlive/2023/texmf-var/fonts/map/pdftex/updmap/pdftex.map}{c:/texlive/2023/
texmf-dist/fonts/enc/dvips/cm-super/cm-super-t1.enc} <./Images/./raggiera_polim
i-eps-converted-to.pdf> <./Images/02_ING_IND_INFORMAZIONE_COL_POSITIVO-eps-conv
erted-to.pdf>]
Package epstopdf Info: Source file: <./Images/./raggiera_polimi.eps>
(epstopdf)                    date: 2024-01-02 16:14:11
(epstopdf)                    size: 1813066 bytes
(epstopdf)             Output file: <./Images/./raggiera_polimi-eps-converted-t
o.pdf>
(epstopdf)                    date: 2024-01-02 16:14:11
(epstopdf)                    size: 40456 bytes
(epstopdf)             Command: <repstopdf --outfile=./Images/./raggiera_polimi
-eps-converted-to.pdf ./Images/./raggiera_polimi.eps>
(epstopdf)             \includegraphics on input line 140.
Package epstopdf Info: Output file is already uptodate.
File: ./Images/./raggiera_polimi-eps-converted-to.pdf Graphic file (type pdf)
<use ./Images/./raggiera_polimi-eps-converted-to.pdf>
Package pdftex.def Info: ./Images/./raggiera_polimi-eps-converted-to.pdf  used 
on input line 140.
(pdftex.def)             Requested size: 507.88533pt x 507.88051pt.

[2

]
Underfull \hbox (badness 10000) in paragraph at lines 146--163

 []


pdfTeX warning (ext4): destination with the same identifier (name{page.i}) has 
been already used, duplicate ignored
<to be read again> 
                   \relax 
l.165 \chapter*{Abstract in lingua italiana}
                                             [1


]
pdfTeX warning (ext4): destination with the same identifier (name{page.ii}) has
 been already used, duplicate ignored
<to be read again> 
                   \relax 
l.165 \chapter*{Abstract in lingua italiana}
                                            
Package epstopdf Info: Source file: <./Images/./raggiera_polimi.eps>
(epstopdf)                    date: 2024-01-02 16:14:11
(epstopdf)                    size: 1813066 bytes
(epstopdf)             Output file: <./Images/./raggiera_polimi-eps-converted-t
o.pdf>
(epstopdf)                    date: 2024-01-02 16:14:11
(epstopdf)                    size: 40456 bytes
(epstopdf)             Command: <repstopdf --outfile=./Images/./raggiera_polimi
-eps-converted-to.pdf ./Images/./raggiera_polimi.eps>
(epstopdf)             \includegraphics on input line 165.
Package epstopdf Info: Output file is already uptodate.
File: ./Images/./raggiera_polimi-eps-converted-to.pdf Graphic file (type pdf)
<use ./Images/./raggiera_polimi-eps-converted-to.pdf>
Package pdftex.def Info: ./Images/./raggiera_polimi-eps-converted-to.pdf  used 
on input line 165.
(pdftex.def)             Requested size: 507.88533pt x 507.88051pt.
 [2

]
Underfull \hbox (badness 10000) in paragraph at lines 166--170

 []

[3

]
Package epstopdf Info: Source file: <./Images/./raggiera_polimi.eps>
(epstopdf)                    date: 2024-01-02 16:14:11
(epstopdf)                    size: 1813066 bytes
(epstopdf)             Output file: <./Images/./raggiera_polimi-eps-converted-t
o.pdf>
(epstopdf)                    date: 2024-01-02 16:14:11
(epstopdf)                    size: 40456 bytes
(epstopdf)             Command: <repstopdf --outfile=./Images/./raggiera_polimi
-eps-converted-to.pdf ./Images/./raggiera_polimi.eps>
(epstopdf)             \includegraphics on input line 177.
Package epstopdf Info: Output file is already uptodate.
File: ./Images/./raggiera_polimi-eps-converted-to.pdf Graphic file (type pdf)
<use ./Images/./raggiera_polimi-eps-converted-to.pdf>
Package pdftex.def Info: ./Images/./raggiera_polimi-eps-converted-to.pdf  used 
on input line 177.
(pdftex.def)             Requested size: 507.88533pt x 507.88051pt.
 [4

] (./Thesis.toc [5

] [6])
\tf@toc=\write5
\openout5 = `Thesis.toc'.

 [7]
Package epstopdf Info: Source file: <./Images/./raggiera_polimi.eps>
(epstopdf)                    date: 2024-01-02 16:14:11
(epstopdf)                    size: 1813066 bytes
(epstopdf)             Output file: <./Images/./raggiera_polimi-eps-converted-t
o.pdf>
(epstopdf)                    date: 2024-01-02 16:14:11
(epstopdf)                    size: 40456 bytes
(epstopdf)             Command: <repstopdf --outfile=./Images/./raggiera_polimi
-eps-converted-to.pdf ./Images/./raggiera_polimi.eps>
(epstopdf)             \includegraphics on input line 179.
Package epstopdf Info: Output file is already uptodate.
File: ./Images/./raggiera_polimi-eps-converted-to.pdf Graphic file (type pdf)
<use ./Images/./raggiera_polimi-eps-converted-to.pdf>
Package pdftex.def Info: ./Images/./raggiera_polimi-eps-converted-to.pdf  used 
on input line 179.
(pdftex.def)             Requested size: 507.88533pt x 507.88051pt.
 [8

] (./Chapters/Introduction.tex
Chapter 1.
Package epstopdf Info: Source file: <Images/logo_polimi_scritta.eps>
(epstopdf)                    date: 2024-01-02 16:14:11
(epstopdf)                    size: 851182 bytes
(epstopdf)             Output file: <Images/logo_polimi_scritta-eps-converted-t
o.pdf>
(epstopdf)                    date: 2024-01-02 16:14:11
(epstopdf)                    size: 59576 bytes
(epstopdf)             Command: <repstopdf --outfile=Images/logo_polimi_scritta
-eps-converted-to.pdf Images/logo_polimi_scritta.eps>
(epstopdf)             \includegraphics on input line 11.
Package epstopdf Info: Output file is already uptodate.
<Images/logo_polimi_scritta-eps-converted-to.pdf, id=350, 313.17pt x 243.91125p
t>
File: Images/logo_polimi_scritta-eps-converted-to.pdf Graphic file (type pdf)
<use Images/logo_polimi_scritta-eps-converted-to.pdf>
Package pdftex.def Info: Images/logo_polimi_scritta-eps-converted-to.pdf  used 
on input line 11.
(pdftex.def)             Requested size: 136.57462pt x 106.37222pt.
[1



 <./Images/logo_polimi_scritta-eps-converted-to.pdf>])
(./Chapters/overview.tex [2]
Chapter 2.
Package epstopdf Info: Source file: <Images/logo_polimi_scritta.eps>
(epstopdf)                    date: 2024-01-02 16:14:11
(epstopdf)                    size: 851182 bytes
(epstopdf)             Output file: <Images/logo_polimi_scritta-eps-converted-t
o.pdf>
(epstopdf)                    date: 2024-01-02 16:14:11
(epstopdf)                    size: 59576 bytes
(epstopdf)             Command: <repstopdf --outfile=Images/logo_polimi_scritta
-eps-converted-to.pdf Images/logo_polimi_scritta.eps>
(epstopdf)             \includegraphics on input line 15.
Package epstopdf Info: Output file is already uptodate.
File: Images/logo_polimi_scritta-eps-converted-to.pdf Graphic file (type pdf)
<use Images/logo_polimi_scritta-eps-converted-to.pdf>
Package pdftex.def Info: Images/logo_polimi_scritta-eps-converted-to.pdf  used 
on input line 15.
(pdftex.def)             Requested size: 136.57462pt x 106.37222pt.
[3


] [4{c:/texlive/2023/texmf-dist/fonts/enc/dvips/cm-super/cm-super-ts1.enc}]
[5] [6] [7]) (./Chapters/theoretical.tex [8]
Chapter 3.
<Images/theoretical/ofdm/ofdm_psd_mod.png, id=424, 722.7pt x 433.62pt>
File: Images/theoretical/ofdm/ofdm_psd_mod.png Graphic file (type png)
<use Images/theoretical/ofdm/ofdm_psd_mod.png>
Package pdftex.def Info: Images/theoretical/ofdm/ofdm_psd_mod.png  used on inpu
t line 15.
(pdftex.def)             Requested size: 318.66948pt x 191.20361pt.
[9


 <./Images/theoretical/ofdm/ofdm_psd_mod.png>] [10] [11] [12]
Overfull \hbox (31.93826pt too wide) in paragraph at lines 145--146
[]\T1/cmr/m/n/12 Assumptions 2 and 3 en-sure that the re-ceived ma-trix will no
t un-dergo de-orthogonalisation,
 []

[13] [14] [15] [16]

Package natbib Warning: Citation `SASPWEB2011' on page 17 undefined on input li
ne 267.

) (./Chapters/TDDprocessing.tex [17]
Package epstopdf Info: Source file: <./Images/./raggiera_polimi.eps>
(epstopdf)                    date: 2024-01-02 16:14:11
(epstopdf)                    size: 1813066 bytes
(epstopdf)             Output file: <./Images/./raggiera_polimi-eps-converted-t
o.pdf>
(epstopdf)                    date: 2024-01-02 16:14:11
(epstopdf)                    size: 40456 bytes
(epstopdf)             Command: <repstopdf --outfile=./Images/./raggiera_polimi
-eps-converted-to.pdf ./Images/./raggiera_polimi.eps>
(epstopdf)             \includegraphics on input line 1.
Package epstopdf Info: Output file is already uptodate.
File: ./Images/./raggiera_polimi-eps-converted-to.pdf Graphic file (type pdf)
<use ./Images/./raggiera_polimi-eps-converted-to.pdf>
Package pdftex.def Info: ./Images/./raggiera_polimi-eps-converted-to.pdf  used 
on input line 1.
(pdftex.def)             Requested size: 507.88533pt x 507.88051pt.
 [18

]
Chapter 4.
<Images/TDDprocessing/CSIMatrix_DLULpattern.png, id=549, 548.54938pt x 479.2906
2pt>
File: Images/TDDprocessing/CSIMatrix_DLULpattern.png Graphic file (type png)
<use Images/TDDprocessing/CSIMatrix_DLULpattern.png>
Package pdftex.def Info: Images/TDDprocessing/CSIMatrix_DLULpattern.png  used o
n input line 13.
(pdftex.def)             Requested size: 227.62206pt x 198.87996pt.
[19

 <./Images/TDDprocessing/CSIMatrix_DLULpattern.png (PNG copy)>]
<Images/TDDprocessing/SpectralReplicasDLULpattern.png, id=557, 540.0175pt x 359
.84438pt>
File: Images/TDDprocessing/SpectralReplicasDLULpattern.png Graphic file (type p
ng)
<use Images/TDDprocessing/SpectralReplicasDLULpattern.png>
Package pdftex.def Info: Images/TDDprocessing/SpectralReplicasDLULpattern.png  
used on input line 51.
(pdftex.def)             Requested size: 250.38564pt x 166.84271pt.
 [20 <./Images/TDDprocessing/SpectralReplicasDLULpattern.png (PNG copy)>]
Package epstopdf Info: Source file: <Images/TDDprocessing/TDD_win.eps>
(epstopdf)                    date: 2024-01-11 10:56:28
(epstopdf)                    size: 21889 bytes
(epstopdf)             Output file: <Images/TDDprocessing/TDD_win-eps-converted
-to.pdf>
(epstopdf)                    date: 2024-01-11 11:18:41
(epstopdf)                    size: 15157 bytes
(epstopdf)             Command: <repstopdf --outfile=Images/TDDprocessing/TDD_w
in-eps-converted-to.pdf Images/TDDprocessing/TDD_win.eps>
(epstopdf)             \includegraphics on input line 72.
Package epstopdf Info: Output file is already uptodate.
<Images/TDDprocessing/TDD_win-eps-converted-to.pdf, id=574, 463.7325pt x 347.29
75pt>
File: Images/TDDprocessing/TDD_win-eps-converted-to.pdf Graphic file (type pdf)

<use Images/TDDprocessing/TDD_win-eps-converted-to.pdf>
Package pdftex.def Info: Images/TDDprocessing/TDD_win-eps-converted-to.pdf  use
d on input line 72.
(pdftex.def)             Requested size: 227.2309pt x 170.17726pt.
Package epstopdf Info: Source file: <Images/TDDprocessing/periodogram_of_TDD_wi
n.eps>
(epstopdf)                    date: 2024-01-11 11:10:28
(epstopdf)                    size: 33951 bytes
(epstopdf)             Output file: <Images/TDDprocessing/periodogram_of_TDD_wi
n-eps-converted-to.pdf>
(epstopdf)                    date: 2024-01-11 11:18:43
(epstopdf)                    size: 17749 bytes
(epstopdf)             Command: <repstopdf --outfile=Images/TDDprocessing/perio
dogram_of_TDD_win-eps-converted-to.pdf Images/TDDprocessing/periodogram_of_TDD_
win.eps>
(epstopdf)             \includegraphics on input line 75.
Package epstopdf Info: Output file is already uptodate.
<Images/TDDprocessing/periodogram_of_TDD_win-eps-converted-to.pdf, id=575, 463.
7325pt x 347.2975pt>
File: Images/TDDprocessing/periodogram_of_TDD_win-eps-converted-to.pdf Graphic 
file (type pdf)
<use Images/TDDprocessing/periodogram_of_TDD_win-eps-converted-to.pdf>
Package pdftex.def Info: Images/TDDprocessing/periodogram_of_TDD_win-eps-conver
ted-to.pdf  used on input line 75.
(pdftex.def)             Requested size: 227.2309pt x 170.17726pt.
Package epstopdf Info: Source file: <Images/TDDprocessing/TDDstrategies.eps>
(epstopdf)                    date: 2024-01-02 16:14:11
(epstopdf)                    size: 773797 bytes
(epstopdf)             Output file: <Images/TDDprocessing/TDDstrategies-eps-con
verted-to.pdf>
(epstopdf)                    date: 2024-01-02 16:14:11
(epstopdf)                    size: 165991 bytes
(epstopdf)             Command: <repstopdf --outfile=Images/TDDprocessing/TDDst
rategies-eps-converted-to.pdf Images/TDDprocessing/TDDstrategies.eps>
(epstopdf)             \includegraphics on input line 85.
Package epstopdf Info: Output file is already uptodate.
<Images/TDDprocessing/TDDstrategies-eps-converted-to.pdf, id=576, 2499.3375pt x
 523.9575pt>
File: Images/TDDprocessing/TDDstrategies-eps-converted-to.pdf Graphic file (typ
e pdf)
<use Images/TDDprocessing/TDDstrategies-eps-converted-to.pdf>
Package pdftex.def Info: Images/TDDprocessing/TDDstrategies-eps-converted-to.pd
f  used on input line 85.
(pdftex.def)             Requested size: 455.24411pt x 95.43556pt.
 [21 <./Images/TDDprocessing/TDD_win-eps-converted-to.pdf> <./Images/TDDprocess
ing/periodogram_of_TDD_win-eps-converted-to.pdf>]
<Images/TDDprocessing/periodogram1FNoDec.png, id=672, 309.7974pt x 293.4162pt>
File: Images/TDDprocessing/periodogram1FNoDec.png Graphic file (type png)
<use Images/TDDprocessing/periodogram1FNoDec.png>
Package pdftex.def Info: Images/TDDprocessing/periodogram1FNoDec.png  used on i
nput line 111.
(pdftex.def)             Requested size: 182.09486pt x 172.47382pt.
<Images/TDDprocessing/periodogram1FYesDec.png, id=673, 309.7974pt x 288.5982pt>

File: Images/TDDprocessing/periodogram1FYesDec.png Graphic file (type png)
<use Images/TDDprocessing/periodogram1FYesDec.png>
Package pdftex.def Info: Images/TDDprocessing/periodogram1FYesDec.png  used on 
input line 115.
(pdftex.def)             Requested size: 182.09486pt x 169.64174pt.
<Images/TDDprocessing/periodogram6frames.png, id=674, 314.6154pt x 297.7524pt>
File: Images/TDDprocessing/periodogram6frames.png Graphic file (type png)
<use Images/TDDprocessing/periodogram6frames.png>
Package pdftex.def Info: Images/TDDprocessing/periodogram6frames.png  used on i
nput line 121.
(pdftex.def)             Requested size: 182.09486pt x 172.33759pt.
<Images/TDDprocessing/periodogram10frames.png, id=675, 303.534pt x 291.489pt>
File: Images/TDDprocessing/periodogram10frames.png Graphic file (type png)
<use Images/TDDprocessing/periodogram10frames.png>
Package pdftex.def Info: Images/TDDprocessing/periodogram10frames.png  used on 
input line 125.
(pdftex.def)             Requested size: 182.09486pt x 174.86806pt.
 [22 <./Images/TDDprocessing/TDDstrategies-eps-converted-to.pdf>] [23 <./Images
/TDDprocessing/periodogram1FNoDec.png> <./Images/TDDprocessing/periodogram1FYes
Dec.png> <./Images/TDDprocessing/periodogram6frames.png> <./Images/TDDprocessin
g/periodogram10frames.png>])
(./Chapters/radar_detect_threshold.tex [24]
Chapter 5.
[25


] [26]
<Images/radar_detect_threshold/cacfar_pipeline.png, id=734, 560.8152pt x 123.58
17pt>
File: Images/radar_detect_threshold/cacfar_pipeline.png Graphic file (type png)

<use Images/radar_detect_threshold/cacfar_pipeline.png>
Package pdftex.def Info: Images/radar_detect_threshold/cacfar_pipeline.png  use
d on input line 91.
(pdftex.def)             Requested size: 409.71692pt x 90.28552pt.
 [27] [28 <./Images/radar_detect_threshold/cacfar_pipeline.png>]
<Images/radar_detect_threshold/self_masking_Richards2010.png, id=760, 1196.9718
8pt x 566.86781pt>
File: Images/radar_detect_threshold/self_masking_Richards2010.png Graphic file 
(type png)
<use Images/radar_detect_threshold/self_masking_Richards2010.png>
Package pdftex.def Info: Images/radar_detect_threshold/self_masking_Richards201
0.png  used on input line 127.
(pdftex.def)             Requested size: 318.66948pt x 150.91122pt.

[29 <./Images/radar_detect_threshold/self_masking_Richards2010.png (PNG copy)>]
) (./Chapters/Tests1.tex [30]
Chapter 6.
<Images/Test1/base-lateral_view.png, id=779, 513.8397pt x 253.6677pt>
File: Images/Test1/base-lateral_view.png Graphic file (type png)
<use Images/Test1/base-lateral_view.png>
Package pdftex.def Info: Images/Test1/base-lateral_view.png  used on input line
 26.
(pdftex.def)             Requested size: 455.24411pt x 224.74942pt.
[31


]
<Images/Test1/base-top_view.png, id=788, 509.5035pt x 116.3547pt>
File: Images/Test1/base-top_view.png Graphic file (type png)
<use Images/Test1/base-top_view.png>
Package pdftex.def Info: Images/Test1/base-top_view.png  used on input line 41.

(pdftex.def)             Requested size: 455.24411pt x 103.9637pt.
 [32 <./Images/Test1/base-lateral_view.png> <./Images/Test1/base-top_view.png>]
Package epstopdf Info: Source file: <Images/Test1/cali_static_per_t1.eps>
(epstopdf)                    date: 2024-01-03 11:41:06
(epstopdf)                    size: 22147 bytes
(epstopdf)             Output file: <Images/Test1/cali_static_per_t1-eps-conver
ted-to.pdf>
(epstopdf)                    date: 2024-01-03 11:51:03
(epstopdf)                    size: 13983 bytes
(epstopdf)             Command: <repstopdf --outfile=Images/Test1/cali_static_p
er_t1-eps-converted-to.pdf Images/Test1/cali_static_per_t1.eps>
(epstopdf)             \includegraphics on input line 78.
Package epstopdf Info: Output file is already uptodate.
<Images/Test1/cali_static_per_t1-eps-converted-to.pdf, id=799, 463.7325pt x 347
.2975pt>
File: Images/Test1/cali_static_per_t1-eps-converted-to.pdf Graphic file (type p
df)
<use Images/Test1/cali_static_per_t1-eps-converted-to.pdf>
Package pdftex.def Info: Images/Test1/cali_static_per_t1-eps-converted-to.pdf  
used on input line 78.
(pdftex.def)             Requested size: 273.14923pt x 204.56989pt.
 [33 <./Images/Test1/cali_static_per_t1-eps-converted-to.pdf>]
<Images/Test1/nlos-los-separation.png, id=843, 760.34062pt x 344.78813pt>
File: Images/Test1/nlos-los-separation.png Graphic file (type png)
<use Images/Test1/nlos-los-separation.png>
Package pdftex.def Info: Images/Test1/nlos-los-separation.png  used on input li
ne 91.
(pdftex.def)             Requested size: 409.71692pt x 185.79875pt.
 [34 <./Images/Test1/nlos-los-separation.PNG>]
<Images/Test1/NLOS-proc-pipeline.png, id=850, 781.41937pt x 336.25626pt>
File: Images/Test1/NLOS-proc-pipeline.png Graphic file (type png)
<use Images/Test1/NLOS-proc-pipeline.png>
Package pdftex.def Info: Images/Test1/NLOS-proc-pipeline.png  used on input lin
e 114.
(pdftex.def)             Requested size: 409.71692pt x 176.30629pt.
 [35 <./Images/Test1/NLOS-proc-pipeline.png (PNG copy)>]
<Images/Test1/detect_hist.png, id=858, 387.63pt x 231.702pt>
File: Images/Test1/detect_hist.png Graphic file (type png)
<use Images/Test1/detect_hist.png>
Package pdftex.def Info: Images/Test1/detect_hist.png  used on input line 135.
(pdftex.def)             Requested size: 318.66948pt x 190.48123pt.
 [36 <./Images/Test1/detect_hist.png>]
<Images/Test1/moving_avg-transformed_wtext.png, id=868, 1707.37875pt x 1093.083
76pt>
File: Images/Test1/moving_avg-transformed_wtext.png Graphic file (type png)
<use Images/Test1/moving_avg-transformed_wtext.png>
Package pdftex.def Info: Images/Test1/moving_avg-transformed_wtext.png  used on
 input line 159.
(pdftex.def)             Requested size: 318.66948pt x 204.01866pt.
<Images/Test1/detect_hist_strong_ref.png, id=870, 346.896pt x 222.504pt>
File: Images/Test1/detect_hist_strong_ref.png Graphic file (type png)
<use Images/Test1/detect_hist_strong_ref.png>
Package pdftex.def Info: Images/Test1/detect_hist_strong_ref.png  used on input
 line 170.
(pdftex.def)             Requested size: 318.66948pt x 204.41078pt.
 [37 <./Images/Test1/moving_avg-transformed_wtext.png> <./Images/Test1/detect_h
ist_strong_ref.png>]
Package epstopdf Info: Source file: <Images/Test1/kf_track.eps>
(epstopdf)                    date: 2024-01-10 11:26:40
(epstopdf)                    size: 40661 bytes
(epstopdf)             Output file: <Images/Test1/kf_track-eps-converted-to.pdf
>
(epstopdf)                    date: 2024-01-10 11:29:28
(epstopdf)                    size: 35005 bytes
(epstopdf)             Command: <repstopdf --outfile=Images/Test1/kf_track-eps-
converted-to.pdf Images/Test1/kf_track.eps>
(epstopdf)             \includegraphics on input line 181.
Package epstopdf Info: Output file is already uptodate.
<Images/Test1/kf_track-eps-converted-to.pdf, id=880, 463.7325pt x 347.2975pt>
File: Images/Test1/kf_track-eps-converted-to.pdf Graphic file (type pdf)
<use Images/Test1/kf_track-eps-converted-to.pdf>
Package pdftex.def Info: Images/Test1/kf_track-eps-converted-to.pdf  used on in
put line 181.
(pdftex.def)             Requested size: 318.66948pt x 238.66045pt.
)
(./Thesis.bbl [38 <./Images/Test1/kf_track-eps-converted-to.pdf>]
Underfull \hbox (badness 1466) in paragraph at lines 67--73
[]\T1/cmr/m/n/12 S. Man-delli, M. Hen-ninger, M. Bauhofer, and T. Wild.  Sur-ve
y on in-te-
 []

[39


]
Underfull \hbox (badness 10000) in paragraph at lines 133--137
[]\T1/cmr/m/n/12 H. Viswanathan and T. Wild.  Build-ing a net-work with a sixth

 []


Underfull \hbox (badness 10000) in paragraph at lines 133--137
\T1/cmr/m/n/12 sense, Apr 2021.  URL [][]$\T1/cmtt/m/n/12 https : / / www . bel
l-[]labs . com / institute / blog /
 []

[40]) [41]
Package epstopdf Info: Source file: <./Images/./raggiera_polimi.eps>
(epstopdf)                    date: 2024-01-02 16:14:11
(epstopdf)                    size: 1813066 bytes
(epstopdf)             Output file: <./Images/./raggiera_polimi-eps-converted-t
o.pdf>
(epstopdf)                    date: 2024-01-02 16:14:11
(epstopdf)                    size: 40456 bytes
(epstopdf)             Command: <repstopdf --outfile=./Images/./raggiera_polimi
-eps-converted-to.pdf ./Images/./raggiera_polimi.eps>
(epstopdf)             \includegraphics on input line 235.
Package epstopdf Info: Output file is already uptodate.
File: ./Images/./raggiera_polimi-eps-converted-to.pdf Graphic file (type pdf)
<use ./Images/./raggiera_polimi-eps-converted-to.pdf>
Package pdftex.def Info: ./Images/./raggiera_polimi-eps-converted-to.pdf  used 
on input line 235.
(pdftex.def)             Requested size: 507.88533pt x 507.88051pt.
 [42

]
Appendix A.
[43


]
Package epstopdf Info: Source file: <./Images/./raggiera_polimi.eps>
(epstopdf)                    date: 2024-01-02 16:14:11
(epstopdf)                    size: 1813066 bytes
(epstopdf)             Output file: <./Images/./raggiera_polimi-eps-converted-t
o.pdf>
(epstopdf)                    date: 2024-01-02 16:14:11
(epstopdf)                    size: 40456 bytes
(epstopdf)             Command: <repstopdf --outfile=./Images/./raggiera_polimi
-eps-converted-to.pdf ./Images/./raggiera_polimi.eps>
(epstopdf)             \includegraphics on input line 243.
Package epstopdf Info: Output file is already uptodate.
File: ./Images/./raggiera_polimi-eps-converted-to.pdf Graphic file (type pdf)
<use ./Images/./raggiera_polimi-eps-converted-to.pdf>
Package pdftex.def Info: ./Images/./raggiera_polimi-eps-converted-to.pdf  used 
on input line 243.
(pdftex.def)             Requested size: 507.88533pt x 507.88051pt.
 [44

]
Appendix B.
(./Chapters/Abbreviations.tex [45

]
Package epstopdf Info: Source file: <./Images/./raggiera_polimi.eps>
(epstopdf)                    date: 2024-01-02 16:14:11
(epstopdf)                    size: 1813066 bytes
(epstopdf)             Output file: <./Images/./raggiera_polimi-eps-converted-t
o.pdf>
(epstopdf)                    date: 2024-01-02 16:14:11
(epstopdf)                    size: 40456 bytes
(epstopdf)             Command: <repstopdf --outfile=./Images/./raggiera_polimi
-eps-converted-to.pdf ./Images/./raggiera_polimi.eps>
(epstopdf)             \includegraphics on input line 1.
Package epstopdf Info: Output file is already uptodate.
File: ./Images/./raggiera_polimi-eps-converted-to.pdf Graphic file (type pdf)
<use ./Images/./raggiera_polimi-eps-converted-to.pdf>
Package pdftex.def Info: ./Images/./raggiera_polimi-eps-converted-to.pdf  used 
on input line 1.
(pdftex.def)             Requested size: 507.88533pt x 507.88051pt.
 [46

]) [47

]
Package epstopdf Info: Source file: <./Images/./raggiera_polimi.eps>
(epstopdf)                    date: 2024-01-02 16:14:11
(epstopdf)                    size: 1813066 bytes
(epstopdf)             Output file: <./Images/./raggiera_polimi-eps-converted-t
o.pdf>
(epstopdf)                    date: 2024-01-02 16:14:11
(epstopdf)                    size: 40456 bytes
(epstopdf)             Command: <repstopdf --outfile=./Images/./raggiera_polimi
-eps-converted-to.pdf ./Images/./raggiera_polimi.eps>
(epstopdf)             \includegraphics on input line 250.
Package epstopdf Info: Output file is already uptodate.
File: ./Images/./raggiera_polimi-eps-converted-to.pdf Graphic file (type pdf)
<use ./Images/./raggiera_polimi-eps-converted-to.pdf>
Package pdftex.def Info: ./Images/./raggiera_polimi-eps-converted-to.pdf  used 
on input line 250.
(pdftex.def)             Requested size: 507.88533pt x 507.88051pt.
 [48

] (./Thesis.lof
Overfull \hbox (12.24883pt too wide) in paragraph at lines 30--30
 [][] [][][]\T1/cmr/m/n/12 Detection rate ob-served for pas-sive metal re-flec-
tor tar-get in mixed LOS/NLOS 
 []

)
\tf@lof=\write6
\openout6 = `Thesis.lof'.

 [49

]
Package epstopdf Info: Source file: <./Images/./raggiera_polimi.eps>
(epstopdf)                    date: 2024-01-02 16:14:11
(epstopdf)                    size: 1813066 bytes
(epstopdf)             Output file: <./Images/./raggiera_polimi-eps-converted-t
o.pdf>
(epstopdf)                    date: 2024-01-02 16:14:11
(epstopdf)                    size: 40456 bytes
(epstopdf)             Command: <repstopdf --outfile=./Images/./raggiera_polimi
-eps-converted-to.pdf ./Images/./raggiera_polimi.eps>
(epstopdf)             \includegraphics on input line 253.
Package epstopdf Info: Output file is already uptodate.
File: ./Images/./raggiera_polimi-eps-converted-to.pdf Graphic file (type pdf)
<use ./Images/./raggiera_polimi-eps-converted-to.pdf>
Package pdftex.def Info: ./Images/./raggiera_polimi-eps-converted-to.pdf  used 
on input line 253.
(pdftex.def)             Requested size: 507.88533pt x 507.88051pt.
 [50

] (./Thesis.lot)
\tf@lot=\write7
\openout7 = `Thesis.lot'.

 [51

]
Package epstopdf Info: Source file: <./Images/./raggiera_polimi.eps>
(epstopdf)                    date: 2024-01-02 16:14:11
(epstopdf)                    size: 1813066 bytes
(epstopdf)             Output file: <./Images/./raggiera_polimi-eps-converted-t
o.pdf>
(epstopdf)                    date: 2024-01-02 16:14:11
(epstopdf)                    size: 40456 bytes
(epstopdf)             Command: <repstopdf --outfile=./Images/./raggiera_polimi
-eps-converted-to.pdf ./Images/./raggiera_polimi.eps>
(epstopdf)             \includegraphics on input line 257.
Package epstopdf Info: Output file is already uptodate.
File: ./Images/./raggiera_polimi-eps-converted-to.pdf Graphic file (type pdf)
<use ./Images/./raggiera_polimi-eps-converted-to.pdf>
Package pdftex.def Info: ./Images/./raggiera_polimi-eps-converted-to.pdf  used 
on input line 257.
(pdftex.def)             Requested size: 507.88533pt x 507.88051pt.
 [52

] [53

]
Package epstopdf Info: Source file: <./Images/./raggiera_polimi.eps>
(epstopdf)                    date: 2024-01-02 16:14:11
(epstopdf)                    size: 1813066 bytes
(epstopdf)             Output file: <./Images/./raggiera_polimi-eps-converted-t
o.pdf>
(epstopdf)                    date: 2024-01-02 16:14:11
(epstopdf)                    size: 40456 bytes
(epstopdf)             Command: <repstopdf --outfile=./Images/./raggiera_polimi
-eps-converted-to.pdf ./Images/./raggiera_polimi.eps>
(epstopdf)             \includegraphics on input line 271.
Package epstopdf Info: Output file is already uptodate.
File: ./Images/./raggiera_polimi-eps-converted-to.pdf Graphic file (type pdf)
<use ./Images/./raggiera_polimi-eps-converted-to.pdf>
Package pdftex.def Info: ./Images/./raggiera_polimi-eps-converted-to.pdf  used 
on input line 271.
(pdftex.def)             Requested size: 507.88533pt x 507.88051pt.
 [54

] [55

]
Package epstopdf Info: Source file: <./Images/./raggiera_polimi.eps>
(epstopdf)                    date: 2024-01-02 16:14:11
(epstopdf)                    size: 1813066 bytes
(epstopdf)             Output file: <./Images/./raggiera_polimi-eps-converted-t
o.pdf>
(epstopdf)                    date: 2024-01-02 16:14:11
(epstopdf)                    size: 40456 bytes
(epstopdf)             Command: <repstopdf --outfile=./Images/./raggiera_polimi
-eps-converted-to.pdf ./Images/./raggiera_polimi.eps>
(epstopdf)             \includegraphics on input line 274.
Package epstopdf Info: Output file is already uptodate.
File: ./Images/./raggiera_polimi-eps-converted-to.pdf Graphic file (type pdf)
<use ./Images/./raggiera_polimi-eps-converted-to.pdf>
Package pdftex.def Info: ./Images/./raggiera_polimi-eps-converted-to.pdf  used 
on input line 274.
(pdftex.def)             Requested size: 507.88533pt x 507.88051pt.
 [56

]

Package caption Warning: Unused \captionsetup[algorithm] on input line 13.
See the caption package documentation for explanation.


Package natbib Warning: There were undefined citations.

(./Thesis.aux)
 ***********
LaTeX2e <2023-11-01>
L3 programming layer <2023-12-11>
 ***********
Package rerunfilecheck Info: File `Thesis.out' has not changed.
(rerunfilecheck)             Checksum: F80645B3C3CA769965E3AC338FDB88BD;10149.
 ) 
Here is how much of TeX's memory you used:
 30693 strings out of 474174
 577319 string characters out of 5749678
 1949460 words of memory out of 5000000
 52119 multiletter control sequences out of 15000+600000
 585708 words of font info for 103 fonts, out of 8000000 for 9000
 1141 hyphenation exceptions out of 8191
 84i,28n,93p,1195b,678s stack positions out of 10000i,1000n,20000p,200000b,200000s
<c:/texlive/2023/texmf-dist/fonts/type1/public/amsfonts/cm/cmbx12.pfb><c:/tex
live/2023/texmf-dist/fonts/type1/public/amsfonts/cm/cmex10.pfb><c:/texlive/2023
/texmf-dist/fonts/type1/public/amsfonts/cm/cmmi10.pfb><c:/texlive/2023/texmf-di
st/fonts/type1/public/amsfonts/cm/cmmi12.pfb><c:/texlive/2023/texmf-dist/fonts/
type1/public/amsfonts/cm/cmmi6.pfb><c:/texlive/2023/texmf-dist/fonts/type1/publ
ic/amsfonts/cm/cmmi8.pfb><c:/texlive/2023/texmf-dist/fonts/type1/public/amsfont
s/cm/cmmib10.pfb><c:/texlive/2023/texmf-dist/fonts/type1/public/amsfonts/cm/cmr
10.pfb><c:/texlive/2023/texmf-dist/fonts/type1/public/amsfonts/cm/cmr12.pfb><c:
/texlive/2023/texmf-dist/fonts/type1/public/amsfonts/cm/cmr6.pfb><c:/texlive/20
23/texmf-dist/fonts/type1/public/amsfonts/cm/cmr8.pfb><c:/texlive/2023/texmf-di
st/fonts/type1/public/amsfonts/cm/cmsy10.pfb><c:/texlive/2023/texmf-dist/fonts/
type1/public/amsfonts/cm/cmsy8.pfb><c:/texlive/2023/texmf-dist/fonts/type1/publ
ic/amsfonts/symbols/msam10.pfb><c:/texlive/2023/texmf-dist/fonts/type1/public/a
msfonts/symbols/msbm10.pfb><c:/texlive/2023/texmf-dist/fonts/type1/public/cm-su
per/sfbx0800.pfb><c:/texlive/2023/texmf-dist/fonts/type1/public/cm-super/sfbx12
00.pfb><c:/texlive/2023/texmf-dist/fonts/type1/public/cm-super/sfrm0600.pfb><c:
/texlive/2023/texmf-dist/fonts/type1/public/cm-super/sfrm0700.pfb><c:/texlive/2
023/texmf-dist/fonts/type1/public/cm-super/sfrm0800.pfb><c:/texlive/2023/texmf-
dist/fonts/type1/public/cm-super/sfrm1000.pfb><c:/texlive/2023/texmf-dist/fonts
/type1/public/cm-super/sfrm1200.pfb><c:/texlive/2023/texmf-dist/fonts/type1/pub
lic/cm-super/sfrm1728.pfb><c:/texlive/2023/texmf-dist/fonts/type1/public/cm-sup
er/sfti1200.pfb><c:/texlive/2023/texmf-dist/fonts/type1/public/cm-super/sftt100
0.pfb><c:/texlive/2023/texmf-dist/fonts/type1/public/cm-super/sftt1200.pfb><c:/
texlive/2023/texmf-dist/fonts/type1/public/cm-super/sfxc1200.pfb>
Output written on Thesis.pdf (66 pages, 7284830 bytes).
PDF statistics:
 1239 PDF objects out of 1440 (max. 8388607)
 928 compressed objects within 10 object streams
 273 named destinations out of 1000 (max. 500000)
 579 words of extra memory for PDF output out of 10000 (max. 10000000)

